[I 2024-11-18 13:41:20,428] Trial 355 finished with value: 0.6913694684472375 and parameters: {'x0': 0, 'x1': 0, 'x2': 1, 'x3': 0, 'x4': 0, 'x5': 1, 'x6': 1, 'x7': 0, 'x8': 0, 'x9': 0, 'x10': 0, 'x11': 1, 'x12': 0, 'x13': 0, 'x14': 0}. Best is trial 87 with value: 0.6913694684472375.
357 0.6913694684472375
[I 2024-11-18 13:43:20,068] Trial 356 finished with value: 0.6913694684472375 and parameters: {'x0': 0, 'x1': 0, 'x2': 1, 'x3': 0, 'x4': 0, 'x5': 1, 'x6': 1, 'x7': 0, 'x8': 0, 'x9': 0, 'x10': 0, 'x11': 1, 'x12': 0, 'x13': 0, 'x14': 0}. Best is trial 87 with value: 0.6913694684472375.
358 0.6913694684472375
[I 2024-11-18 13:45:19,394] Trial 357 finished with value: 0.6913694684472375 and parameters: {'x0': 0, 'x1': 0, 'x2': 1, 'x3': 0, 'x4': 0, 'x5': 1, 'x6': 1, 'x7': 0, 'x8': 0, 'x9': 0, 'x10': 0, 'x11': 1, 'x12': 0, 'x13': 0, 'x14': 0}. Best is trial 87 with value: 0.6913694684472375.
359 0.6913694684472375
[I 2024-11-18 13:47:18,532] Trial 358 finished with value: 0.6913694684472375 and parameters: {'x0': 0, 'x1': 0, 'x2': 1, 'x3': 0, 'x4': 0, 'x5': 1, 'x6': 1, 'x7': 0, 'x8': 0, 'x9': 0, 'x10': 0, 'x11': 1, 'x12': 0, 'x13': 0, 'x14': 0}. Best is trial 87 with value: 0.6913694684472375.
360 0.6913694684472375
[I 2024-11-18 13:47:19,163] Trial 359 pruned.
361 0.6913694684472375
[I 2024-11-18 13:47:19,791] Trial 360 pruned.
362 0.6913694684472375
[I 2024-11-18 13:49:18,941] Trial 361 finished with value: 0.6913694684472375 and parameters: {'x0': 0, 'x1': 0, 'x2': 1, 'x3': 0, 'x4': 0, 'x5': 1, 'x6': 1, 'x7': 0, 'x8': 0, 'x9': 0, 'x10': 0, 'x11': 1, 'x12': 0, 'x13': 0, 'x14': 0}. Best is trial 87 with value: 0.6913694684472375.
363 0.6913694684472375
