[I 2024-11-16 18:41:21,069] Trial 151 finished with value: 0.6949457727900842 and parameters: {'x0': 1, 'x1': 0, 'x2': 0, 'x3': 0, 'x4': 0, 'x5': 1, 'x6': 1, 'x7': 0, 'x8': 1, 'x9': 1, 'x10': 0, 'x11': 1, 'x12': 1, 'x13': 1, 'x14': 1}. Best is trial 10 with value: 0.6949457727900842.
153 0.6949457727900842
[I 2024-11-16 18:59:33,943] Trial 152 finished with value: 0.6949457727900842 and parameters: {'x0': 1, 'x1': 0, 'x2': 0, 'x3': 0, 'x4': 0, 'x5': 1, 'x6': 1, 'x7': 0, 'x8': 1, 'x9': 1, 'x10': 0, 'x11': 1, 'x12': 1, 'x13': 1, 'x14': 1}. Best is trial 10 with value: 0.6949457727900842.
154 0.6949457727900842
[I 2024-11-16 19:17:47,078] Trial 153 finished with value: 0.6949457727900842 and parameters: {'x0': 1, 'x1': 0, 'x2': 0, 'x3': 0, 'x4': 0, 'x5': 1, 'x6': 1, 'x7': 0, 'x8': 1, 'x9': 1, 'x10': 0, 'x11': 1, 'x12': 1, 'x13': 1, 'x14': 1}. Best is trial 10 with value: 0.6949457727900842.
155 0.6949457727900842
[I 2024-11-16 19:36:00,097] Trial 154 finished with value: 0.6949457727900842 and parameters: {'x0': 1, 'x1': 0, 'x2': 0, 'x3': 0, 'x4': 0, 'x5': 1, 'x6': 1, 'x7': 0, 'x8': 1, 'x9': 1, 'x10': 0, 'x11': 1, 'x12': 1, 'x13': 1, 'x14': 1}. Best is trial 10 with value: 0.6949457727900842.
156 0.6949457727900842
[I 2024-11-16 19:54:13,985] Trial 155 finished with value: 0.6949457727900842 and parameters: {'x0': 1, 'x1': 0, 'x2': 0, 'x3': 0, 'x4': 0, 'x5': 1, 'x6': 1, 'x7': 0, 'x8': 1, 'x9': 1, 'x10': 0, 'x11': 1, 'x12': 1, 'x13': 1, 'x14': 1}. Best is trial 10 with value: 0.6949457727900842.
157 0.6949457727900842
[I 2024-11-16 20:12:27,444] Trial 156 finished with value: 0.6949457727900842 and parameters: {'x0': 1, 'x1': 0, 'x2': 0, 'x3': 0, 'x4': 0, 'x5': 1, 'x6': 1, 'x7': 0, 'x8': 1, 'x9': 1, 'x10': 0, 'x11': 1, 'x12': 1, 'x13': 1, 'x14': 1}. Best is trial 10 with value: 0.6949457727900842.
158 0.6949457727900842
[I 2024-11-16 20:30:40,513] Trial 157 finished with value: 0.6949457727900842 and parameters: {'x0': 1, 'x1': 0, 'x2': 0, 'x3': 0, 'x4': 0, 'x5': 1, 'x6': 1, 'x7': 0, 'x8': 1, 'x9': 1, 'x10': 0, 'x11': 1, 'x12': 1, 'x13': 1, 'x14': 1}. Best is trial 10 with value: 0.6949457727900842.
159 0.6949457727900842
[I 2024-11-16 20:48:55,429] Trial 158 finished with value: 0.6949457727900842 and parameters: {'x0': 1, 'x1': 0, 'x2': 0, 'x3': 0, 'x4': 0, 'x5': 1, 'x6': 1, 'x7': 0, 'x8': 1, 'x9': 1, 'x10': 0, 'x11': 1, 'x12': 1, 'x13': 1, 'x14': 1}. Best is trial 10 with value: 0.6949457727900842.
160 0.6949457727900842
[I 2024-11-16 21:07:08,764] Trial 159 finished with value: 0.6949457727900842 and parameters: {'x0': 1, 'x1': 0, 'x2': 0, 'x3': 0, 'x4': 0, 'x5': 1, 'x6': 1, 'x7': 0, 'x8': 1, 'x9': 1, 'x10': 0, 'x11': 1, 'x12': 1, 'x13': 1, 'x14': 1}. Best is trial 10 with value: 0.6949457727900842.
161 0.6949457727900842
[I 2024-11-16 21:25:23,508] Trial 160 finished with value: 0.6949457727900842 and parameters: {'x0': 1, 'x1': 0, 'x2': 0, 'x3': 0, 'x4': 0, 'x5': 1, 'x6': 1, 'x7': 0, 'x8': 1, 'x9': 1, 'x10': 0, 'x11': 1, 'x12': 1, 'x13': 1, 'x14': 1}. Best is trial 10 with value: 0.6949457727900842.
162 0.6949457727900842
[I 2024-11-16 21:43:36,838] Trial 161 finished with value: 0.6949457727900842 and parameters: {'x0': 1, 'x1': 0, 'x2': 0, 'x3': 0, 'x4': 0, 'x5': 1, 'x6': 1, 'x7': 0, 'x8': 1, 'x9': 1, 'x10': 0, 'x11': 1, 'x12': 1, 'x13': 1, 'x14': 1}. Best is trial 10 with value: 0.6949457727900842.
163 0.6949457727900842
[I 2024-11-16 22:01:50,789] Trial 162 finished with value: 0.6949457727900842 and parameters: {'x0': 1, 'x1': 0, 'x2': 0, 'x3': 0, 'x4': 0, 'x5': 1, 'x6': 1, 'x7': 0, 'x8': 1, 'x9': 1, 'x10': 0, 'x11': 1, 'x12': 1, 'x13': 1, 'x14': 1}. Best is trial 10 with value: 0.6949457727900842.
164 0.6949457727900842
[I 2024-11-16 22:20:04,360] Trial 163 finished with value: 0.6949457727900842 and parameters: {'x0': 1, 'x1': 0, 'x2': 0, 'x3': 0, 'x4': 0, 'x5': 1, 'x6': 1, 'x7': 0, 'x8': 1, 'x9': 1, 'x10': 0, 'x11': 1, 'x12': 1, 'x13': 1, 'x14': 1}. Best is trial 10 with value: 0.6949457727900842.
165 0.6949457727900842
[I 2024-11-16 22:38:18,292] Trial 164 finished with value: 0.6949457727900842 and parameters: {'x0': 1, 'x1': 0, 'x2': 0, 'x3': 0, 'x4': 0, 'x5': 1, 'x6': 1, 'x7': 0, 'x8': 1, 'x9': 1, 'x10': 0, 'x11': 1, 'x12': 1, 'x13': 1, 'x14': 1}. Best is trial 10 with value: 0.6949457727900842.
166 0.6949457727900842
[I 2024-11-16 22:56:53,104] Trial 165 finished with value: 0.6847049941806209 and parameters: {'x0': 1, 'x1': 0, 'x2': 0, 'x3': 0, 'x4': 1, 'x5': 1, 'x6': 1, 'x7': 0, 'x8': 1, 'x9': 1, 'x10': 0, 'x11': 1, 'x12': 1, 'x13': 1, 'x14': 1}. Best is trial 10 with value: 0.6949457727900842.
167 0.6949457727900842
[I 2024-11-16 23:12:37,955] Trial 166 finished with value: 0.6949457727900842 and parameters: {'x0': 1, 'x1': 0, 'x2': 0, 'x3': 0, 'x4': 0, 'x5': 1, 'x6': 1, 'x7': 0, 'x8': 1, 'x9': 0, 'x10': 0, 'x11': 1, 'x12': 1, 'x13': 1, 'x14': 1}. Best is trial 10 with value: 0.6949457727900842.
168 0.6949457727900842
[I 2024-11-16 23:30:52,382] Trial 167 finished with value: 0.6949457727900842 and parameters: {'x0': 1, 'x1': 0, 'x2': 0, 'x3': 0, 'x4': 0, 'x5': 1, 'x6': 1, 'x7': 0, 'x8': 1, 'x9': 1, 'x10': 0, 'x11': 1, 'x12': 1, 'x13': 1, 'x14': 1}. Best is trial 10 with value: 0.6949457727900842.
169 0.6949457727900842
[I 2024-11-16 23:48:33,728] Trial 168 finished with value: 0.6918521308765211 and parameters: {'x0': 1, 'x1': 0, 'x2': 0, 'x3': 0, 'x4': 0, 'x5': 1, 'x6': 1, 'x7': 0, 'x8': 1, 'x9': 1, 'x10': 0, 'x11': 0, 'x12': 1, 'x13': 1, 'x14': 1}. Best is trial 10 with value: 0.6949457727900842.
170 0.6949457727900842
[I 2024-11-17 00:06:49,952] Trial 169 finished with value: 0.6949457727900842 and parameters: {'x0': 1, 'x1': 0, 'x2': 0, 'x3': 0, 'x4': 0, 'x5': 1, 'x6': 1, 'x7': 0, 'x8': 1, 'x9': 1, 'x10': 0, 'x11': 1, 'x12': 1, 'x13': 1, 'x14': 1}. Best is trial 10 with value: 0.6949457727900842.
171 0.6949457727900842
[I 2024-11-17 00:25:02,922] Trial 170 finished with value: 0.6949457727900842 and parameters: {'x0': 1, 'x1': 0, 'x2': 0, 'x3': 0, 'x4': 0, 'x5': 1, 'x6': 1, 'x7': 0, 'x8': 1, 'x9': 1, 'x10': 0, 'x11': 1, 'x12': 1, 'x13': 1, 'x14': 1}. Best is trial 10 with value: 0.6949457727900842.
172 0.6949457727900842
[I 2024-11-17 00:43:17,090] Trial 171 finished with value: 0.6949457727900842 and parameters: {'x0': 1, 'x1': 0, 'x2': 0, 'x3': 0, 'x4': 0, 'x5': 1, 'x6': 1, 'x7': 0, 'x8': 1, 'x9': 1, 'x10': 0, 'x11': 1, 'x12': 1, 'x13': 1, 'x14': 1}. Best is trial 10 with value: 0.6949457727900842.
173 0.6949457727900842
[I 2024-11-17 01:01:31,087] Trial 172 finished with value: 0.6949457727900842 and parameters: {'x0': 1, 'x1': 0, 'x2': 0, 'x3': 0, 'x4': 0, 'x5': 1, 'x6': 1, 'x7': 0, 'x8': 1, 'x9': 1, 'x10': 0, 'x11': 1, 'x12': 1, 'x13': 1, 'x14': 1}. Best is trial 10 with value: 0.6949457727900842.
174 0.6949457727900842
[I 2024-11-17 01:19:44,338] Trial 173 finished with value: 0.6949457727900842 and parameters: {'x0': 1, 'x1': 0, 'x2': 0, 'x3': 0, 'x4': 0, 'x5': 1, 'x6': 1, 'x7': 0, 'x8': 1, 'x9': 1, 'x10': 0, 'x11': 1, 'x12': 1, 'x13': 1, 'x14': 1}. Best is trial 10 with value: 0.6949457727900842.
175 0.6949457727900842
[I 2024-11-17 01:37:58,009] Trial 174 finished with value: 0.6949457727900842 and parameters: {'x0': 1, 'x1': 0, 'x2': 0, 'x3': 0, 'x4': 0, 'x5': 1, 'x6': 1, 'x7': 0, 'x8': 1, 'x9': 1, 'x10': 0, 'x11': 1, 'x12': 1, 'x13': 1, 'x14': 1}. Best is trial 10 with value: 0.6949457727900842.
176 0.6949457727900842
[I 2024-11-17 01:54:06,641] Trial 175 finished with value: 0.6918521308765211 and parameters: {'x0': 1, 'x1': 0, 'x2': 0, 'x3': 0, 'x4': 0, 'x5': 1, 'x6': 1, 'x7': 0, 'x8': 1, 'x9': 1, 'x10': 0, 'x11': 1, 'x12': 1, 'x13': 1, 'x14': 0}. Best is trial 10 with value: 0.6949457727900842.
177 0.6949457727900842
[I 2024-11-17 02:12:23,331] Trial 176 finished with value: 0.6949457727900842 and parameters: {'x0': 1, 'x1': 0, 'x2': 0, 'x3': 0, 'x4': 0, 'x5': 1, 'x6': 1, 'x7': 0, 'x8': 1, 'x9': 1, 'x10': 0, 'x11': 1, 'x12': 1, 'x13': 1, 'x14': 1}. Best is trial 10 with value: 0.6949457727900842.
178 0.6949457727900842
[I 2024-11-17 02:30:36,933] Trial 177 finished with value: 0.6949457727900842 and parameters: {'x0': 1, 'x1': 0, 'x2': 0, 'x3': 0, 'x4': 0, 'x5': 1, 'x6': 1, 'x7': 0, 'x8': 1, 'x9': 1, 'x10': 0, 'x11': 1, 'x12': 1, 'x13': 1, 'x14': 1}. Best is trial 10 with value: 0.6949457727900842.
179 0.6949457727900842
[I 2024-11-17 02:43:02,394] Trial 178 finished with value: 0.6918521308765211 and parameters: {'x0': 1, 'x1': 0, 'x2': 0, 'x3': 0, 'x4': 0, 'x5': 0, 'x6': 1, 'x7': 0, 'x8': 1, 'x9': 1, 'x10': 0, 'x11': 1, 'x12': 1, 'x13': 1, 'x14': 1}. Best is trial 10 with value: 0.6949457727900842.
180 0.6949457727900842
[I 2024-11-17 03:01:16,663] Trial 179 finished with value: 0.6949457727900842 and parameters: {'x0': 1, 'x1': 0, 'x2': 0, 'x3': 0, 'x4': 0, 'x5': 1, 'x6': 1, 'x7': 0, 'x8': 1, 'x9': 1, 'x10': 0, 'x11': 1, 'x12': 1, 'x13': 1, 'x14': 1}. Best is trial 10 with value: 0.6949457727900842.
181 0.6949457727900842
[I 2024-11-17 03:15:32,887] Trial 180 finished with value: 0.6918521308765211 and parameters: {'x0': 1, 'x1': 0, 'x2': 0, 'x3': 1, 'x4': 0, 'x5': 1, 'x6': 1, 'x7': 0, 'x8': 1, 'x9': 1, 'x10': 0, 'x11': 1, 'x12': 1, 'x13': 1, 'x14': 1}. Best is trial 10 with value: 0.6949457727900842.
182 0.6949457727900842
[I 2024-11-17 03:33:47,577] Trial 181 finished with value: 0.6949457727900842 and parameters: {'x0': 1, 'x1': 0, 'x2': 0, 'x3': 0, 'x4': 0, 'x5': 1, 'x6': 1, 'x7': 0, 'x8': 1, 'x9': 1, 'x10': 0, 'x11': 1, 'x12': 1, 'x13': 1, 'x14': 1}. Best is trial 10 with value: 0.6949457727900842.
183 0.6949457727900842
[I 2024-11-17 03:52:01,060] Trial 182 finished with value: 0.6949457727900842 and parameters: {'x0': 1, 'x1': 0, 'x2': 0, 'x3': 0, 'x4': 0, 'x5': 1, 'x6': 1, 'x7': 0, 'x8': 1, 'x9': 1, 'x10': 0, 'x11': 1, 'x12': 1, 'x13': 1, 'x14': 1}. Best is trial 10 with value: 0.6949457727900842.
184 0.6949457727900842
[I 2024-11-17 04:10:14,597] Trial 183 finished with value: 0.6949457727900842 and parameters: {'x0': 1, 'x1': 0, 'x2': 0, 'x3': 0, 'x4': 0, 'x5': 1, 'x6': 1, 'x7': 0, 'x8': 1, 'x9': 1, 'x10': 0, 'x11': 1, 'x12': 1, 'x13': 1, 'x14': 1}. Best is trial 10 with value: 0.6949457727900842.
185 0.6949457727900842
[I 2024-11-17 04:30:31,062] Trial 184 finished with value: 0.6918521308765211 and parameters: {'x0': 1, 'x1': 0, 'x2': 1, 'x3': 0, 'x4': 0, 'x5': 1, 'x6': 1, 'x7': 0, 'x8': 1, 'x9': 1, 'x10': 0, 'x11': 1, 'x12': 1, 'x13': 1, 'x14': 1}. Best is trial 10 with value: 0.6949457727900842.
186 0.6949457727900842
[I 2024-11-17 04:48:17,489] Trial 185 finished with value: 0.6949457727900842 and parameters: {'x0': 1, 'x1': 0, 'x2': 0, 'x3': 0, 'x4': 0, 'x5': 1, 'x6': 1, 'x7': 0, 'x8': 1, 'x9': 1, 'x10': 0, 'x11': 1, 'x12': 1, 'x13': 0, 'x14': 1}. Best is trial 10 with value: 0.6949457727900842.
187 0.6949457727900842
[I 2024-11-17 05:06:30,982] Trial 186 finished with value: 0.6949457727900842 and parameters: {'x0': 1, 'x1': 0, 'x2': 0, 'x3': 0, 'x4': 0, 'x5': 1, 'x6': 1, 'x7': 0, 'x8': 1, 'x9': 1, 'x10': 0, 'x11': 1, 'x12': 1, 'x13': 1, 'x14': 1}. Best is trial 10 with value: 0.6949457727900842.
188 0.6949457727900842
[I 2024-11-17 05:22:15,540] Trial 187 finished with value: 0.6949457727900842 and parameters: {'x0': 1, 'x1': 0, 'x2': 0, 'x3': 0, 'x4': 0, 'x5': 1, 'x6': 1, 'x7': 0, 'x8': 1, 'x9': 0, 'x10': 0, 'x11': 1, 'x12': 1, 'x13': 1, 'x14': 1}. Best is trial 10 with value: 0.6949457727900842.
189 0.6949457727900842
[I 2024-11-17 05:37:17,971] Trial 188 finished with value: 0.6949457727900842 and parameters: {'x0': 1, 'x1': 0, 'x2': 0, 'x3': 0, 'x4': 0, 'x5': 1, 'x6': 1, 'x7': 0, 'x8': 1, 'x9': 1, 'x10': 0, 'x11': 1, 'x12': 0, 'x13': 1, 'x14': 1}. Best is trial 10 with value: 0.6949457727900842.
190 0.6949457727900842
[I 2024-11-17 05:58:53,521] Trial 189 finished with value: 0.6949457727900842 and parameters: {'x0': 1, 'x1': 0, 'x2': 0, 'x3': 0, 'x4': 0, 'x5': 1, 'x6': 1, 'x7': 1, 'x8': 1, 'x9': 1, 'x10': 0, 'x11': 1, 'x12': 1, 'x13': 1, 'x14': 1}. Best is trial 10 with value: 0.6949457727900842.
191 0.6949457727900842
[I 2024-11-17 05:58:54,392] Trial 190 pruned.
192 0.6949457727900842
[I 2024-11-17 06:17:07,613] Trial 191 finished with value: 0.6949457727900842 and parameters: {'x0': 1, 'x1': 0, 'x2': 0, 'x3': 0, 'x4': 0, 'x5': 1, 'x6': 1, 'x7': 0, 'x8': 1, 'x9': 1, 'x10': 0, 'x11': 1, 'x12': 1, 'x13': 1, 'x14': 1}. Best is trial 10 with value: 0.6949457727900842.
193 0.6949457727900842
[I 2024-11-17 06:35:20,633] Trial 192 finished with value: 0.6949457727900842 and parameters: {'x0': 1, 'x1': 0, 'x2': 0, 'x3': 0, 'x4': 0, 'x5': 1, 'x6': 1, 'x7': 0, 'x8': 1, 'x9': 1, 'x10': 0, 'x11': 1, 'x12': 1, 'x13': 1, 'x14': 1}. Best is trial 10 with value: 0.6949457727900842.
194 0.6949457727900842
[I 2024-11-17 06:53:33,679] Trial 193 finished with value: 0.6949457727900842 and parameters: {'x0': 1, 'x1': 0, 'x2': 0, 'x3': 0, 'x4': 0, 'x5': 1, 'x6': 1, 'x7': 0, 'x8': 1, 'x9': 1, 'x10': 0, 'x11': 1, 'x12': 1, 'x13': 1, 'x14': 1}. Best is trial 10 with value: 0.6949457727900842.
195 0.6949457727900842
[I 2024-11-17 07:11:47,128] Trial 194 finished with value: 0.6949457727900842 and parameters: {'x0': 1, 'x1': 0, 'x2': 0, 'x3': 0, 'x4': 0, 'x5': 1, 'x6': 1, 'x7': 0, 'x8': 1, 'x9': 1, 'x10': 0, 'x11': 1, 'x12': 1, 'x13': 1, 'x14': 1}. Best is trial 10 with value: 0.6949457727900842.
196 0.6949457727900842
[I 2024-11-17 07:26:26,653] Trial 195 finished with value: 0.6918521308765211 and parameters: {'x0': 1, 'x1': 1, 'x2': 0, 'x3': 0, 'x4': 0, 'x5': 1, 'x6': 1, 'x7': 0, 'x8': 0, 'x9': 1, 'x10': 0, 'x11': 1, 'x12': 1, 'x13': 1, 'x14': 1}. Best is trial 10 with value: 0.6949457727900842.
197 0.6949457727900842
[I 2024-11-17 07:51:35,997] Trial 196 finished with value: 0.6915422885572139 and parameters: {'x0': 1, 'x1': 0, 'x2': 0, 'x3': 0, 'x4': 0, 'x5': 1, 'x6': 1, 'x7': 0, 'x8': 1, 'x9': 1, 'x10': 1, 'x11': 1, 'x12': 1, 'x13': 1, 'x14': 1}. Best is trial 10 with value: 0.6949457727900842.
198 0.6949457727900842
[I 2024-11-17 08:09:49,791] Trial 197 finished with value: 0.6949457727900842 and parameters: {'x0': 1, 'x1': 0, 'x2': 0, 'x3': 0, 'x4': 0, 'x5': 1, 'x6': 1, 'x7': 0, 'x8': 1, 'x9': 1, 'x10': 0, 'x11': 1, 'x12': 1, 'x13': 1, 'x14': 1}. Best is trial 10 with value: 0.6949457727900842.
199 0.6949457727900842
[I 2024-11-17 08:28:03,370] Trial 198 finished with value: 0.6949457727900842 and parameters: {'x0': 1, 'x1': 0, 'x2': 0, 'x3': 0, 'x4': 0, 'x5': 1, 'x6': 1, 'x7': 0, 'x8': 1, 'x9': 1, 'x10': 0, 'x11': 1, 'x12': 1, 'x13': 1, 'x14': 1}. Best is trial 10 with value: 0.6949457727900842.
200 0.6949457727900842
[I 2024-11-17 08:46:17,152] Trial 199 finished with value: 0.6949457727900842 and parameters: {'x0': 1, 'x1': 0, 'x2': 0, 'x3': 0, 'x4': 0, 'x5': 1, 'x6': 1, 'x7': 0, 'x8': 1, 'x9': 1, 'x10': 0, 'x11': 1, 'x12': 1, 'x13': 1, 'x14': 1}. Best is trial 10 with value: 0.6949457727900842.
201 0.6949457727900842
[I 2024-11-17 09:04:30,907] Trial 200 finished with value: 0.6949457727900842 and parameters: {'x0': 1, 'x1': 0, 'x2': 0, 'x3': 0, 'x4': 0, 'x5': 1, 'x6': 1, 'x7': 0, 'x8': 1, 'x9': 1, 'x10': 0, 'x11': 1, 'x12': 1, 'x13': 1, 'x14': 1}. Best is trial 10 with value: 0.6949457727900842.
202 0.6949457727900842
[I 2024-11-17 09:22:44,516] Trial 201 finished with value: 0.6949457727900842 and parameters: {'x0': 1, 'x1': 0, 'x2': 0, 'x3': 0, 'x4': 0, 'x5': 1, 'x6': 1, 'x7': 0, 'x8': 1, 'x9': 1, 'x10': 0, 'x11': 1, 'x12': 1, 'x13': 1, 'x14': 1}. Best is trial 10 with value: 0.6949457727900842.
203 0.6949457727900842
[I 2024-11-17 09:40:57,887] Trial 202 finished with value: 0.6949457727900842 and parameters: {'x0': 1, 'x1': 0, 'x2': 0, 'x3': 0, 'x4': 0, 'x5': 1, 'x6': 1, 'x7': 0, 'x8': 1, 'x9': 1, 'x10': 0, 'x11': 1, 'x12': 1, 'x13': 1, 'x14': 1}. Best is trial 10 with value: 0.6949457727900842.
204 0.6949457727900842
[I 2024-11-17 09:59:11,712] Trial 203 finished with value: 0.6949457727900842 and parameters: {'x0': 1, 'x1': 0, 'x2': 0, 'x3': 0, 'x4': 0, 'x5': 1, 'x6': 1, 'x7': 0, 'x8': 1, 'x9': 1, 'x10': 0, 'x11': 1, 'x12': 1, 'x13': 1, 'x14': 1}. Best is trial 10 with value: 0.6949457727900842.
205 0.6949457727900842
[I 2024-11-17 10:17:25,908] Trial 204 finished with value: 0.6949457727900842 and parameters: {'x0': 1, 'x1': 0, 'x2': 0, 'x3': 0, 'x4': 0, 'x5': 1, 'x6': 1, 'x7': 0, 'x8': 1, 'x9': 1, 'x10': 0, 'x11': 1, 'x12': 1, 'x13': 1, 'x14': 1}. Best is trial 10 with value: 0.6949457727900842.
206 0.6949457727900842
[I 2024-11-17 10:35:39,188] Trial 205 finished with value: 0.6949457727900842 and parameters: {'x0': 1, 'x1': 0, 'x2': 0, 'x3': 0, 'x4': 0, 'x5': 1, 'x6': 1, 'x7': 0, 'x8': 1, 'x9': 1, 'x10': 0, 'x11': 1, 'x12': 1, 'x13': 1, 'x14': 1}. Best is trial 10 with value: 0.6949457727900842.
207 0.6949457727900842
[I 2024-11-17 10:53:53,053] Trial 206 finished with value: 0.6949457727900842 and parameters: {'x0': 1, 'x1': 0, 'x2': 0, 'x3': 0, 'x4': 0, 'x5': 1, 'x6': 1, 'x7': 0, 'x8': 1, 'x9': 1, 'x10': 0, 'x11': 1, 'x12': 1, 'x13': 1, 'x14': 1}. Best is trial 10 with value: 0.6949457727900842.
208 0.6949457727900842
[I 2024-11-17 11:12:06,352] Trial 207 finished with value: 0.6949457727900842 and parameters: {'x0': 1, 'x1': 0, 'x2': 0, 'x3': 0, 'x4': 0, 'x5': 1, 'x6': 1, 'x7': 0, 'x8': 1, 'x9': 1, 'x10': 0, 'x11': 1, 'x12': 1, 'x13': 1, 'x14': 1}. Best is trial 10 with value: 0.6949457727900842.
209 0.6949457727900842
[I 2024-11-17 11:30:20,021] Trial 208 finished with value: 0.6949457727900842 and parameters: {'x0': 1, 'x1': 0, 'x2': 0, 'x3': 0, 'x4': 0, 'x5': 1, 'x6': 1, 'x7': 0, 'x8': 1, 'x9': 1, 'x10': 0, 'x11': 1, 'x12': 1, 'x13': 1, 'x14': 1}. Best is trial 10 with value: 0.6949457727900842.
210 0.6949457727900842
[I 2024-11-17 11:48:33,730] Trial 209 finished with value: 0.6949457727900842 and parameters: {'x0': 1, 'x1': 0, 'x2': 0, 'x3': 0, 'x4': 0, 'x5': 1, 'x6': 1, 'x7': 0, 'x8': 1, 'x9': 1, 'x10': 0, 'x11': 1, 'x12': 1, 'x13': 1, 'x14': 1}. Best is trial 10 with value: 0.6949457727900842.
211 0.6949457727900842
[I 2024-11-17 12:06:46,837] Trial 210 finished with value: 0.6949457727900842 and parameters: {'x0': 1, 'x1': 0, 'x2': 0, 'x3': 0, 'x4': 0, 'x5': 1, 'x6': 1, 'x7': 0, 'x8': 1, 'x9': 1, 'x10': 0, 'x11': 1, 'x12': 1, 'x13': 1, 'x14': 1}. Best is trial 10 with value: 0.6949457727900842.
212 0.6949457727900842
[I 2024-11-17 12:25:00,062] Trial 211 finished with value: 0.6949457727900842 and parameters: {'x0': 1, 'x1': 0, 'x2': 0, 'x3': 0, 'x4': 0, 'x5': 1, 'x6': 1, 'x7': 0, 'x8': 1, 'x9': 1, 'x10': 0, 'x11': 1, 'x12': 1, 'x13': 1, 'x14': 1}. Best is trial 10 with value: 0.6949457727900842.
213 0.6949457727900842
[I 2024-11-17 12:43:13,286] Trial 212 finished with value: 0.6949457727900842 and parameters: {'x0': 1, 'x1': 0, 'x2': 0, 'x3': 0, 'x4': 0, 'x5': 1, 'x6': 1, 'x7': 0, 'x8': 1, 'x9': 1, 'x10': 0, 'x11': 1, 'x12': 1, 'x13': 1, 'x14': 1}. Best is trial 10 with value: 0.6949457727900842.
214 0.6949457727900842
[I 2024-11-17 13:01:26,723] Trial 213 finished with value: 0.6949457727900842 and parameters: {'x0': 1, 'x1': 0, 'x2': 0, 'x3': 0, 'x4': 0, 'x5': 1, 'x6': 1, 'x7': 0, 'x8': 1, 'x9': 1, 'x10': 0, 'x11': 1, 'x12': 1, 'x13': 1, 'x14': 1}. Best is trial 10 with value: 0.6949457727900842.
215 0.6949457727900842
[I 2024-11-17 13:17:11,253] Trial 214 finished with value: 0.6949457727900842 and parameters: {'x0': 1, 'x1': 0, 'x2': 0, 'x3': 0, 'x4': 0, 'x5': 1, 'x6': 1, 'x7': 0, 'x8': 1, 'x9': 0, 'x10': 0, 'x11': 1, 'x12': 1, 'x13': 1, 'x14': 1}. Best is trial 10 with value: 0.6949457727900842.
216 0.6949457727900842
[I 2024-11-17 13:35:25,731] Trial 215 finished with value: 0.6949457727900842 and parameters: {'x0': 1, 'x1': 0, 'x2': 0, 'x3': 0, 'x4': 0, 'x5': 1, 'x6': 1, 'x7': 0, 'x8': 1, 'x9': 1, 'x10': 0, 'x11': 1, 'x12': 1, 'x13': 1, 'x14': 1}. Best is trial 10 with value: 0.6949457727900842.
217 0.6949457727900842
[I 2024-11-17 13:54:00,615] Trial 216 finished with value: 0.6847049941806209 and parameters: {'x0': 1, 'x1': 0, 'x2': 0, 'x3': 0, 'x4': 1, 'x5': 1, 'x6': 1, 'x7': 0, 'x8': 1, 'x9': 1, 'x10': 0, 'x11': 1, 'x12': 1, 'x13': 1, 'x14': 1}. Best is trial 10 with value: 0.6949457727900842.
218 0.6949457727900842
[I 2024-11-17 14:11:44,597] Trial 217 finished with value: 0.6918521308765211 and parameters: {'x0': 1, 'x1': 0, 'x2': 0, 'x3': 0, 'x4': 0, 'x5': 1, 'x6': 1, 'x7': 0, 'x8': 1, 'x9': 1, 'x10': 0, 'x11': 0, 'x12': 1, 'x13': 1, 'x14': 1}. Best is trial 10 with value: 0.6949457727900842.
219 0.6949457727900842
[I 2024-11-17 14:29:58,516] Trial 218 finished with value: 0.6949457727900842 and parameters: {'x0': 1, 'x1': 0, 'x2': 0, 'x3': 0, 'x4': 0, 'x5': 1, 'x6': 1, 'x7': 0, 'x8': 1, 'x9': 1, 'x10': 0, 'x11': 1, 'x12': 1, 'x13': 1, 'x14': 1}. Best is trial 10 with value: 0.6949457727900842.
220 0.6949457727900842
[I 2024-11-17 14:48:12,648] Trial 219 finished with value: 0.6949457727900842 and parameters: {'x0': 1, 'x1': 0, 'x2': 0, 'x3': 0, 'x4': 0, 'x5': 1, 'x6': 1, 'x7': 0, 'x8': 1, 'x9': 1, 'x10': 0, 'x11': 1, 'x12': 1, 'x13': 1, 'x14': 1}. Best is trial 10 with value: 0.6949457727900842.
221 0.6949457727900842
[I 2024-11-17 15:06:26,894] Trial 220 finished with value: 0.6949457727900842 and parameters: {'x0': 1, 'x1': 0, 'x2': 0, 'x3': 0, 'x4': 0, 'x5': 1, 'x6': 1, 'x7': 0, 'x8': 1, 'x9': 1, 'x10': 0, 'x11': 1, 'x12': 1, 'x13': 1, 'x14': 1}. Best is trial 10 with value: 0.6949457727900842.
222 0.6949457727900842
[I 2024-11-17 15:24:40,567] Trial 221 finished with value: 0.6949457727900842 and parameters: {'x0': 1, 'x1': 0, 'x2': 0, 'x3': 0, 'x4': 0, 'x5': 1, 'x6': 1, 'x7': 0, 'x8': 1, 'x9': 1, 'x10': 0, 'x11': 1, 'x12': 1, 'x13': 1, 'x14': 1}. Best is trial 10 with value: 0.6949457727900842.
223 0.6949457727900842
[I 2024-11-17 15:42:54,047] Trial 222 finished with value: 0.6949457727900842 and parameters: {'x0': 1, 'x1': 0, 'x2': 0, 'x3': 0, 'x4': 0, 'x5': 1, 'x6': 1, 'x7': 0, 'x8': 1, 'x9': 1, 'x10': 0, 'x11': 1, 'x12': 1, 'x13': 1, 'x14': 1}. Best is trial 10 with value: 0.6949457727900842.
224 0.6949457727900842
