[I 2024-11-18 06:52:45,812] Trial 115 finished with value: 0.6913694684472375 and parameters: {'x0': 0, 'x1': 0, 'x2': 1, 'x3': 0, 'x4': 0, 'x5': 1, 'x6': 1, 'x7': 0, 'x8': 0, 'x9': 0, 'x10': 0, 'x11': 1, 'x12': 0, 'x13': 0, 'x14': 0}. Best is trial 87 with value: 0.6913694684472375.
117 0.6913694684472375
[I 2024-11-18 06:54:45,397] Trial 116 finished with value: 0.6913694684472375 and parameters: {'x0': 0, 'x1': 0, 'x2': 1, 'x3': 0, 'x4': 0, 'x5': 1, 'x6': 1, 'x7': 0, 'x8': 0, 'x9': 0, 'x10': 0, 'x11': 1, 'x12': 0, 'x13': 0, 'x14': 0}. Best is trial 87 with value: 0.6913694684472375.
118 0.6913694684472375
[I 2024-11-18 06:56:45,482] Trial 117 finished with value: 0.6913694684472375 and parameters: {'x0': 0, 'x1': 0, 'x2': 1, 'x3': 0, 'x4': 0, 'x5': 1, 'x6': 1, 'x7': 0, 'x8': 0, 'x9': 0, 'x10': 0, 'x11': 1, 'x12': 0, 'x13': 0, 'x14': 0}. Best is trial 87 with value: 0.6913694684472375.
119 0.6913694684472375
[I 2024-11-18 06:56:50,133] Trial 118 pruned.
120 0.6913694684472375
[I 2024-11-18 06:58:49,892] Trial 119 finished with value: 0.6913694684472375 and parameters: {'x0': 0, 'x1': 0, 'x2': 1, 'x3': 0, 'x4': 0, 'x5': 1, 'x6': 1, 'x7': 0, 'x8': 0, 'x9': 0, 'x10': 0, 'x11': 1, 'x12': 0, 'x13': 0, 'x14': 0}. Best is trial 87 with value: 0.6913694684472375.
121 0.6913694684472375
[I 2024-11-18 07:00:49,341] Trial 120 finished with value: 0.6913694684472375 and parameters: {'x0': 0, 'x1': 0, 'x2': 1, 'x3': 0, 'x4': 0, 'x5': 1, 'x6': 1, 'x7': 0, 'x8': 0, 'x9': 0, 'x10': 0, 'x11': 1, 'x12': 0, 'x13': 0, 'x14': 0}. Best is trial 87 with value: 0.6913694684472375.
122 0.6913694684472375
[I 2024-11-18 07:02:48,933] Trial 121 finished with value: 0.6913694684472375 and parameters: {'x0': 0, 'x1': 0, 'x2': 1, 'x3': 0, 'x4': 0, 'x5': 1, 'x6': 1, 'x7': 0, 'x8': 0, 'x9': 0, 'x10': 0, 'x11': 1, 'x12': 0, 'x13': 0, 'x14': 0}. Best is trial 87 with value: 0.6913694684472375.
123 0.6913694684472375
[I 2024-11-18 07:04:48,679] Trial 122 finished with value: 0.6913694684472375 and parameters: {'x0': 0, 'x1': 0, 'x2': 1, 'x3': 0, 'x4': 0, 'x5': 1, 'x6': 1, 'x7': 0, 'x8': 0, 'x9': 0, 'x10': 0, 'x11': 1, 'x12': 0, 'x13': 0, 'x14': 0}. Best is trial 87 with value: 0.6913694684472375.
124 0.6913694684472375
[I 2024-11-18 07:06:48,627] Trial 123 finished with value: 0.6913694684472375 and parameters: {'x0': 0, 'x1': 0, 'x2': 1, 'x3': 0, 'x4': 0, 'x5': 1, 'x6': 1, 'x7': 0, 'x8': 0, 'x9': 0, 'x10': 0, 'x11': 1, 'x12': 0, 'x13': 0, 'x14': 0}. Best is trial 87 with value: 0.6913694684472375.
125 0.6913694684472375
[I 2024-11-18 07:08:47,986] Trial 124 finished with value: 0.6913694684472375 and parameters: {'x0': 0, 'x1': 0, 'x2': 1, 'x3': 0, 'x4': 0, 'x5': 1, 'x6': 1, 'x7': 0, 'x8': 0, 'x9': 0, 'x10': 0, 'x11': 1, 'x12': 0, 'x13': 0, 'x14': 0}. Best is trial 87 with value: 0.6913694684472375.
126 0.6913694684472375
[I 2024-11-18 07:10:47,279] Trial 125 finished with value: 0.6913694684472375 and parameters: {'x0': 0, 'x1': 0, 'x2': 1, 'x3': 0, 'x4': 0, 'x5': 1, 'x6': 1, 'x7': 0, 'x8': 0, 'x9': 0, 'x10': 0, 'x11': 1, 'x12': 0, 'x13': 0, 'x14': 0}. Best is trial 87 with value: 0.6913694684472375.
127 0.6913694684472375
[I 2024-11-18 07:12:46,650] Trial 126 finished with value: 0.6913694684472375 and parameters: {'x0': 0, 'x1': 0, 'x2': 1, 'x3': 0, 'x4': 0, 'x5': 1, 'x6': 1, 'x7': 0, 'x8': 0, 'x9': 0, 'x10': 0, 'x11': 1, 'x12': 0, 'x13': 0, 'x14': 0}. Best is trial 87 with value: 0.6913694684472375.
128 0.6913694684472375
[I 2024-11-18 07:14:46,257] Trial 127 finished with value: 0.6913694684472375 and parameters: {'x0': 0, 'x1': 0, 'x2': 1, 'x3': 0, 'x4': 0, 'x5': 1, 'x6': 1, 'x7': 0, 'x8': 0, 'x9': 0, 'x10': 0, 'x11': 1, 'x12': 0, 'x13': 0, 'x14': 0}. Best is trial 87 with value: 0.6913694684472375.
129 0.6913694684472375
[I 2024-11-18 07:16:45,809] Trial 128 finished with value: 0.6913694684472375 and parameters: {'x0': 0, 'x1': 0, 'x2': 1, 'x3': 0, 'x4': 0, 'x5': 1, 'x6': 1, 'x7': 0, 'x8': 0, 'x9': 0, 'x10': 0, 'x11': 1, 'x12': 0, 'x13': 0, 'x14': 0}. Best is trial 87 with value: 0.6913694684472375.
130 0.6913694684472375
[I 2024-11-18 07:16:46,434] Trial 129 pruned.
131 0.6913694684472375
[I 2024-11-18 07:18:46,196] Trial 130 finished with value: 0.6913694684472375 and parameters: {'x0': 0, 'x1': 0, 'x2': 1, 'x3': 0, 'x4': 0, 'x5': 1, 'x6': 1, 'x7': 0, 'x8': 0, 'x9': 0, 'x10': 0, 'x11': 1, 'x12': 0, 'x13': 0, 'x14': 0}. Best is trial 87 with value: 0.6913694684472375.
132 0.6913694684472375
[I 2024-11-18 07:20:45,587] Trial 131 finished with value: 0.6913694684472375 and parameters: {'x0': 0, 'x1': 0, 'x2': 1, 'x3': 0, 'x4': 0, 'x5': 1, 'x6': 1, 'x7': 0, 'x8': 0, 'x9': 0, 'x10': 0, 'x11': 1, 'x12': 0, 'x13': 0, 'x14': 0}. Best is trial 87 with value: 0.6913694684472375.
133 0.6913694684472375
[I 2024-11-18 07:22:45,006] Trial 132 finished with value: 0.6913694684472375 and parameters: {'x0': 0, 'x1': 0, 'x2': 1, 'x3': 0, 'x4': 0, 'x5': 1, 'x6': 1, 'x7': 0, 'x8': 0, 'x9': 0, 'x10': 0, 'x11': 1, 'x12': 0, 'x13': 0, 'x14': 0}. Best is trial 87 with value: 0.6913694684472375.
134 0.6913694684472375
[I 2024-11-18 07:24:44,376] Trial 133 finished with value: 0.6913694684472375 and parameters: {'x0': 0, 'x1': 0, 'x2': 1, 'x3': 0, 'x4': 0, 'x5': 1, 'x6': 1, 'x7': 0, 'x8': 0, 'x9': 0, 'x10': 0, 'x11': 1, 'x12': 0, 'x13': 0, 'x14': 0}. Best is trial 87 with value: 0.6913694684472375.
135 0.6913694684472375
[I 2024-11-18 07:26:43,686] Trial 134 finished with value: 0.6913694684472375 and parameters: {'x0': 0, 'x1': 0, 'x2': 1, 'x3': 0, 'x4': 0, 'x5': 1, 'x6': 1, 'x7': 0, 'x8': 0, 'x9': 0, 'x10': 0, 'x11': 1, 'x12': 0, 'x13': 0, 'x14': 0}. Best is trial 87 with value: 0.6913694684472375.
136 0.6913694684472375
[I 2024-11-18 07:28:43,160] Trial 135 finished with value: 0.6913694684472375 and parameters: {'x0': 0, 'x1': 0, 'x2': 1, 'x3': 0, 'x4': 0, 'x5': 1, 'x6': 1, 'x7': 0, 'x8': 0, 'x9': 0, 'x10': 0, 'x11': 1, 'x12': 0, 'x13': 0, 'x14': 0}. Best is trial 87 with value: 0.6913694684472375.
137 0.6913694684472375
[I 2024-11-18 07:30:42,533] Trial 136 finished with value: 0.6913694684472375 and parameters: {'x0': 0, 'x1': 0, 'x2': 1, 'x3': 0, 'x4': 0, 'x5': 1, 'x6': 1, 'x7': 0, 'x8': 0, 'x9': 0, 'x10': 0, 'x11': 1, 'x12': 0, 'x13': 0, 'x14': 0}. Best is trial 87 with value: 0.6913694684472375.
138 0.6913694684472375
[I 2024-11-18 07:30:42,992] Trial 137 pruned.
139 0.6913694684472375
[I 2024-11-18 07:30:43,428] Trial 138 pruned.
140 0.6913694684472375
[I 2024-11-18 07:32:42,923] Trial 139 finished with value: 0.6913694684472375 and parameters: {'x0': 0, 'x1': 0, 'x2': 1, 'x3': 0, 'x4': 0, 'x5': 1, 'x6': 1, 'x7': 0, 'x8': 0, 'x9': 0, 'x10': 0, 'x11': 1, 'x12': 0, 'x13': 0, 'x14': 0}. Best is trial 87 with value: 0.6913694684472375.
141 0.6913694684472375
[I 2024-11-18 07:34:42,265] Trial 140 finished with value: 0.6913694684472375 and parameters: {'x0': 0, 'x1': 0, 'x2': 1, 'x3': 0, 'x4': 0, 'x5': 1, 'x6': 1, 'x7': 0, 'x8': 0, 'x9': 0, 'x10': 0, 'x11': 1, 'x12': 0, 'x13': 0, 'x14': 0}. Best is trial 87 with value: 0.6913694684472375.
142 0.6913694684472375
[I 2024-11-18 07:36:41,642] Trial 141 finished with value: 0.6913694684472375 and parameters: {'x0': 0, 'x1': 0, 'x2': 1, 'x3': 0, 'x4': 0, 'x5': 1, 'x6': 1, 'x7': 0, 'x8': 0, 'x9': 0, 'x10': 0, 'x11': 1, 'x12': 0, 'x13': 0, 'x14': 0}. Best is trial 87 with value: 0.6913694684472375.
143 0.6913694684472375
[I 2024-11-18 07:38:41,096] Trial 142 finished with value: 0.6913694684472375 and parameters: {'x0': 0, 'x1': 0, 'x2': 1, 'x3': 0, 'x4': 0, 'x5': 1, 'x6': 1, 'x7': 0, 'x8': 0, 'x9': 0, 'x10': 0, 'x11': 1, 'x12': 0, 'x13': 0, 'x14': 0}. Best is trial 87 with value: 0.6913694684472375.
144 0.6913694684472375
[I 2024-11-18 07:40:40,434] Trial 143 finished with value: 0.6913694684472375 and parameters: {'x0': 0, 'x1': 0, 'x2': 1, 'x3': 0, 'x4': 0, 'x5': 1, 'x6': 1, 'x7': 0, 'x8': 0, 'x9': 0, 'x10': 0, 'x11': 1, 'x12': 0, 'x13': 0, 'x14': 0}. Best is trial 87 with value: 0.6913694684472375.
145 0.6913694684472375
[I 2024-11-18 07:42:39,755] Trial 144 finished with value: 0.6913694684472375 and parameters: {'x0': 0, 'x1': 0, 'x2': 1, 'x3': 0, 'x4': 0, 'x5': 1, 'x6': 1, 'x7': 0, 'x8': 0, 'x9': 0, 'x10': 0, 'x11': 1, 'x12': 0, 'x13': 0, 'x14': 0}. Best is trial 87 with value: 0.6913694684472375.
146 0.6913694684472375
[I 2024-11-18 07:44:39,134] Trial 145 finished with value: 0.6913694684472375 and parameters: {'x0': 0, 'x1': 0, 'x2': 1, 'x3': 0, 'x4': 0, 'x5': 1, 'x6': 1, 'x7': 0, 'x8': 0, 'x9': 0, 'x10': 0, 'x11': 1, 'x12': 0, 'x13': 0, 'x14': 0}. Best is trial 87 with value: 0.6913694684472375.
147 0.6913694684472375
[I 2024-11-18 07:46:38,921] Trial 146 finished with value: 0.6913694684472375 and parameters: {'x0': 0, 'x1': 0, 'x2': 1, 'x3': 0, 'x4': 0, 'x5': 1, 'x6': 1, 'x7': 0, 'x8': 0, 'x9': 0, 'x10': 0, 'x11': 1, 'x12': 0, 'x13': 0, 'x14': 0}. Best is trial 87 with value: 0.6913694684472375.
148 0.6913694684472375
[I 2024-11-18 07:48:38,279] Trial 147 finished with value: 0.6913694684472375 and parameters: {'x0': 0, 'x1': 0, 'x2': 1, 'x3': 0, 'x4': 0, 'x5': 1, 'x6': 1, 'x7': 0, 'x8': 0, 'x9': 0, 'x10': 0, 'x11': 1, 'x12': 0, 'x13': 0, 'x14': 0}. Best is trial 87 with value: 0.6913694684472375.
149 0.6913694684472375
[I 2024-11-18 07:50:37,667] Trial 148 finished with value: 0.6913694684472375 and parameters: {'x0': 0, 'x1': 0, 'x2': 1, 'x3': 0, 'x4': 0, 'x5': 1, 'x6': 1, 'x7': 0, 'x8': 0, 'x9': 0, 'x10': 0, 'x11': 1, 'x12': 0, 'x13': 0, 'x14': 0}. Best is trial 87 with value: 0.6913694684472375.
150 0.6913694684472375
[I 2024-11-18 07:52:37,092] Trial 149 finished with value: 0.6913694684472375 and parameters: {'x0': 0, 'x1': 0, 'x2': 1, 'x3': 0, 'x4': 0, 'x5': 1, 'x6': 1, 'x7': 0, 'x8': 0, 'x9': 0, 'x10': 0, 'x11': 1, 'x12': 0, 'x13': 0, 'x14': 0}. Best is trial 87 with value: 0.6913694684472375.
151 0.6913694684472375
[I 2024-11-18 07:54:36,503] Trial 150 finished with value: 0.6913694684472375 and parameters: {'x0': 0, 'x1': 0, 'x2': 1, 'x3': 0, 'x4': 0, 'x5': 1, 'x6': 1, 'x7': 0, 'x8': 0, 'x9': 0, 'x10': 0, 'x11': 1, 'x12': 0, 'x13': 0, 'x14': 0}. Best is trial 87 with value: 0.6913694684472375.
152 0.6913694684472375
[I 2024-11-18 07:56:35,966] Trial 151 finished with value: 0.6913694684472375 and parameters: {'x0': 0, 'x1': 0, 'x2': 1, 'x3': 0, 'x4': 0, 'x5': 1, 'x6': 1, 'x7': 0, 'x8': 0, 'x9': 0, 'x10': 0, 'x11': 1, 'x12': 0, 'x13': 0, 'x14': 0}. Best is trial 87 with value: 0.6913694684472375.
153 0.6913694684472375
[I 2024-11-18 07:58:35,291] Trial 152 finished with value: 0.6913694684472375 and parameters: {'x0': 0, 'x1': 0, 'x2': 1, 'x3': 0, 'x4': 0, 'x5': 1, 'x6': 1, 'x7': 0, 'x8': 0, 'x9': 0, 'x10': 0, 'x11': 1, 'x12': 0, 'x13': 0, 'x14': 0}. Best is trial 87 with value: 0.6913694684472375.
154 0.6913694684472375
[I 2024-11-18 08:00:34,615] Trial 153 finished with value: 0.6913694684472375 and parameters: {'x0': 0, 'x1': 0, 'x2': 1, 'x3': 0, 'x4': 0, 'x5': 1, 'x6': 1, 'x7': 0, 'x8': 0, 'x9': 0, 'x10': 0, 'x11': 1, 'x12': 0, 'x13': 0, 'x14': 0}. Best is trial 87 with value: 0.6913694684472375.
155 0.6913694684472375
[I 2024-11-18 08:02:33,926] Trial 154 finished with value: 0.6913694684472375 and parameters: {'x0': 0, 'x1': 0, 'x2': 1, 'x3': 0, 'x4': 0, 'x5': 1, 'x6': 1, 'x7': 0, 'x8': 0, 'x9': 0, 'x10': 0, 'x11': 1, 'x12': 0, 'x13': 0, 'x14': 0}. Best is trial 87 with value: 0.6913694684472375.
156 0.6913694684472375
[I 2024-11-18 08:04:33,205] Trial 155 finished with value: 0.6913694684472375 and parameters: {'x0': 0, 'x1': 0, 'x2': 1, 'x3': 0, 'x4': 0, 'x5': 1, 'x6': 1, 'x7': 0, 'x8': 0, 'x9': 0, 'x10': 0, 'x11': 1, 'x12': 0, 'x13': 0, 'x14': 0}. Best is trial 87 with value: 0.6913694684472375.
157 0.6913694684472375
[I 2024-11-18 08:06:32,661] Trial 156 finished with value: 0.6913694684472375 and parameters: {'x0': 0, 'x1': 0, 'x2': 1, 'x3': 0, 'x4': 0, 'x5': 1, 'x6': 1, 'x7': 0, 'x8': 0, 'x9': 0, 'x10': 0, 'x11': 1, 'x12': 0, 'x13': 0, 'x14': 0}. Best is trial 87 with value: 0.6913694684472375.
158 0.6913694684472375
[I 2024-11-18 08:08:32,066] Trial 157 finished with value: 0.6913694684472375 and parameters: {'x0': 0, 'x1': 0, 'x2': 1, 'x3': 0, 'x4': 0, 'x5': 1, 'x6': 1, 'x7': 0, 'x8': 0, 'x9': 0, 'x10': 0, 'x11': 1, 'x12': 0, 'x13': 0, 'x14': 0}. Best is trial 87 with value: 0.6913694684472375.
159 0.6913694684472375
[I 2024-11-18 08:08:32,728] Trial 158 pruned.
160 0.6913694684472375
[I 2024-11-18 08:10:32,327] Trial 159 finished with value: 0.6913694684472375 and parameters: {'x0': 0, 'x1': 0, 'x2': 1, 'x3': 0, 'x4': 0, 'x5': 1, 'x6': 1, 'x7': 0, 'x8': 0, 'x9': 0, 'x10': 0, 'x11': 1, 'x12': 0, 'x13': 0, 'x14': 0}. Best is trial 87 with value: 0.6913694684472375.
161 0.6913694684472375
[I 2024-11-18 08:10:36,974] Trial 160 pruned.
162 0.6913694684472375
[I 2024-11-18 08:12:36,370] Trial 161 finished with value: 0.6913694684472375 and parameters: {'x0': 0, 'x1': 0, 'x2': 1, 'x3': 0, 'x4': 0, 'x5': 1, 'x6': 1, 'x7': 0, 'x8': 0, 'x9': 0, 'x10': 0, 'x11': 1, 'x12': 0, 'x13': 0, 'x14': 0}. Best is trial 87 with value: 0.6913694684472375.
163 0.6913694684472375
[I 2024-11-18 08:14:35,802] Trial 162 finished with value: 0.6913694684472375 and parameters: {'x0': 0, 'x1': 0, 'x2': 1, 'x3': 0, 'x4': 0, 'x5': 1, 'x6': 1, 'x7': 0, 'x8': 0, 'x9': 0, 'x10': 0, 'x11': 1, 'x12': 0, 'x13': 0, 'x14': 0}. Best is trial 87 with value: 0.6913694684472375.
164 0.6913694684472375
[I 2024-11-18 08:16:35,180] Trial 163 finished with value: 0.6913694684472375 and parameters: {'x0': 0, 'x1': 0, 'x2': 1, 'x3': 0, 'x4': 0, 'x5': 1, 'x6': 1, 'x7': 0, 'x8': 0, 'x9': 0, 'x10': 0, 'x11': 1, 'x12': 0, 'x13': 0, 'x14': 0}. Best is trial 87 with value: 0.6913694684472375.
165 0.6913694684472375
[I 2024-11-18 08:18:34,688] Trial 164 finished with value: 0.6913694684472375 and parameters: {'x0': 0, 'x1': 0, 'x2': 1, 'x3': 0, 'x4': 0, 'x5': 1, 'x6': 1, 'x7': 0, 'x8': 0, 'x9': 0, 'x10': 0, 'x11': 1, 'x12': 0, 'x13': 0, 'x14': 0}. Best is trial 87 with value: 0.6913694684472375.
166 0.6913694684472375
[I 2024-11-18 08:18:35,064] Trial 165 pruned.
167 0.6913694684472375
[I 2024-11-18 08:20:34,644] Trial 166 finished with value: 0.6913694684472375 and parameters: {'x0': 0, 'x1': 0, 'x2': 1, 'x3': 0, 'x4': 0, 'x5': 1, 'x6': 1, 'x7': 0, 'x8': 0, 'x9': 0, 'x10': 0, 'x11': 1, 'x12': 0, 'x13': 0, 'x14': 0}. Best is trial 87 with value: 0.6913694684472375.
168 0.6913694684472375
[I 2024-11-18 08:22:34,006] Trial 167 finished with value: 0.6913694684472375 and parameters: {'x0': 0, 'x1': 0, 'x2': 1, 'x3': 0, 'x4': 0, 'x5': 1, 'x6': 1, 'x7': 0, 'x8': 0, 'x9': 0, 'x10': 0, 'x11': 1, 'x12': 0, 'x13': 0, 'x14': 0}. Best is trial 87 with value: 0.6913694684472375.
169 0.6913694684472375
[I 2024-11-18 08:24:33,364] Trial 168 finished with value: 0.6913694684472375 and parameters: {'x0': 0, 'x1': 0, 'x2': 1, 'x3': 0, 'x4': 0, 'x5': 1, 'x6': 1, 'x7': 0, 'x8': 0, 'x9': 0, 'x10': 0, 'x11': 1, 'x12': 0, 'x13': 0, 'x14': 0}. Best is trial 87 with value: 0.6913694684472375.
170 0.6913694684472375
[I 2024-11-18 08:26:32,763] Trial 169 finished with value: 0.6913694684472375 and parameters: {'x0': 0, 'x1': 0, 'x2': 1, 'x3': 0, 'x4': 0, 'x5': 1, 'x6': 1, 'x7': 0, 'x8': 0, 'x9': 0, 'x10': 0, 'x11': 1, 'x12': 0, 'x13': 0, 'x14': 0}. Best is trial 87 with value: 0.6913694684472375.
171 0.6913694684472375
[I 2024-11-18 08:28:32,270] Trial 170 finished with value: 0.6913694684472375 and parameters: {'x0': 0, 'x1': 0, 'x2': 1, 'x3': 0, 'x4': 0, 'x5': 1, 'x6': 1, 'x7': 0, 'x8': 0, 'x9': 0, 'x10': 0, 'x11': 1, 'x12': 0, 'x13': 0, 'x14': 0}. Best is trial 87 with value: 0.6913694684472375.
172 0.6913694684472375
[I 2024-11-18 08:30:31,718] Trial 171 finished with value: 0.6913694684472375 and parameters: {'x0': 0, 'x1': 0, 'x2': 1, 'x3': 0, 'x4': 0, 'x5': 1, 'x6': 1, 'x7': 0, 'x8': 0, 'x9': 0, 'x10': 0, 'x11': 1, 'x12': 0, 'x13': 0, 'x14': 0}. Best is trial 87 with value: 0.6913694684472375.
173 0.6913694684472375
[I 2024-11-18 08:32:31,065] Trial 172 finished with value: 0.6913694684472375 and parameters: {'x0': 0, 'x1': 0, 'x2': 1, 'x3': 0, 'x4': 0, 'x5': 1, 'x6': 1, 'x7': 0, 'x8': 0, 'x9': 0, 'x10': 0, 'x11': 1, 'x12': 0, 'x13': 0, 'x14': 0}. Best is trial 87 with value: 0.6913694684472375.
174 0.6913694684472375
[I 2024-11-18 08:34:30,464] Trial 173 finished with value: 0.6913694684472375 and parameters: {'x0': 0, 'x1': 0, 'x2': 1, 'x3': 0, 'x4': 0, 'x5': 1, 'x6': 1, 'x7': 0, 'x8': 0, 'x9': 0, 'x10': 0, 'x11': 1, 'x12': 0, 'x13': 0, 'x14': 0}. Best is trial 87 with value: 0.6913694684472375.
175 0.6913694684472375
[I 2024-11-18 08:36:29,899] Trial 174 finished with value: 0.6913694684472375 and parameters: {'x0': 0, 'x1': 0, 'x2': 1, 'x3': 0, 'x4': 0, 'x5': 1, 'x6': 1, 'x7': 0, 'x8': 0, 'x9': 0, 'x10': 0, 'x11': 1, 'x12': 0, 'x13': 0, 'x14': 0}. Best is trial 87 with value: 0.6913694684472375.
176 0.6913694684472375
[I 2024-11-18 08:38:29,222] Trial 175 finished with value: 0.6913694684472375 and parameters: {'x0': 0, 'x1': 0, 'x2': 1, 'x3': 0, 'x4': 0, 'x5': 1, 'x6': 1, 'x7': 0, 'x8': 0, 'x9': 0, 'x10': 0, 'x11': 1, 'x12': 0, 'x13': 0, 'x14': 0}. Best is trial 87 with value: 0.6913694684472375.
177 0.6913694684472375
[I 2024-11-18 08:40:28,558] Trial 176 finished with value: 0.6913694684472375 and parameters: {'x0': 0, 'x1': 0, 'x2': 1, 'x3': 0, 'x4': 0, 'x5': 1, 'x6': 1, 'x7': 0, 'x8': 0, 'x9': 0, 'x10': 0, 'x11': 1, 'x12': 0, 'x13': 0, 'x14': 0}. Best is trial 87 with value: 0.6913694684472375.
178 0.6913694684472375
[I 2024-11-18 08:40:29,176] Trial 177 pruned.
179 0.6913694684472375
[I 2024-11-18 08:42:28,854] Trial 178 finished with value: 0.6913694684472375 and parameters: {'x0': 0, 'x1': 0, 'x2': 1, 'x3': 0, 'x4': 0, 'x5': 1, 'x6': 1, 'x7': 0, 'x8': 0, 'x9': 0, 'x10': 0, 'x11': 1, 'x12': 0, 'x13': 0, 'x14': 0}. Best is trial 87 with value: 0.6913694684472375.
180 0.6913694684472375
[I 2024-11-18 08:44:28,184] Trial 179 finished with value: 0.6913694684472375 and parameters: {'x0': 0, 'x1': 0, 'x2': 1, 'x3': 0, 'x4': 0, 'x5': 1, 'x6': 1, 'x7': 0, 'x8': 0, 'x9': 0, 'x10': 0, 'x11': 1, 'x12': 0, 'x13': 0, 'x14': 0}. Best is trial 87 with value: 0.6913694684472375.
181 0.6913694684472375
[I 2024-11-18 08:46:27,443] Trial 180 finished with value: 0.6913694684472375 and parameters: {'x0': 0, 'x1': 0, 'x2': 1, 'x3': 0, 'x4': 0, 'x5': 1, 'x6': 1, 'x7': 0, 'x8': 0, 'x9': 0, 'x10': 0, 'x11': 1, 'x12': 0, 'x13': 0, 'x14': 0}. Best is trial 87 with value: 0.6913694684472375.
182 0.6913694684472375
[I 2024-11-18 08:48:26,793] Trial 181 finished with value: 0.6913694684472375 and parameters: {'x0': 0, 'x1': 0, 'x2': 1, 'x3': 0, 'x4': 0, 'x5': 1, 'x6': 1, 'x7': 0, 'x8': 0, 'x9': 0, 'x10': 0, 'x11': 1, 'x12': 0, 'x13': 0, 'x14': 0}. Best is trial 87 with value: 0.6913694684472375.
183 0.6913694684472375
[I 2024-11-18 08:50:26,200] Trial 182 finished with value: 0.6913694684472375 and parameters: {'x0': 0, 'x1': 0, 'x2': 1, 'x3': 0, 'x4': 0, 'x5': 1, 'x6': 1, 'x7': 0, 'x8': 0, 'x9': 0, 'x10': 0, 'x11': 1, 'x12': 0, 'x13': 0, 'x14': 0}. Best is trial 87 with value: 0.6913694684472375.
184 0.6913694684472375
[I 2024-11-18 08:52:25,632] Trial 183 finished with value: 0.6913694684472375 and parameters: {'x0': 0, 'x1': 0, 'x2': 1, 'x3': 0, 'x4': 0, 'x5': 1, 'x6': 1, 'x7': 0, 'x8': 0, 'x9': 0, 'x10': 0, 'x11': 1, 'x12': 0, 'x13': 0, 'x14': 0}. Best is trial 87 with value: 0.6913694684472375.
185 0.6913694684472375
[I 2024-11-18 08:54:25,024] Trial 184 finished with value: 0.6913694684472375 and parameters: {'x0': 0, 'x1': 0, 'x2': 1, 'x3': 0, 'x4': 0, 'x5': 1, 'x6': 1, 'x7': 0, 'x8': 0, 'x9': 0, 'x10': 0, 'x11': 1, 'x12': 0, 'x13': 0, 'x14': 0}. Best is trial 87 with value: 0.6913694684472375.
186 0.6913694684472375
[I 2024-11-18 08:56:25,235] Trial 185 finished with value: 0.6913694684472375 and parameters: {'x0': 0, 'x1': 0, 'x2': 1, 'x3': 0, 'x4': 0, 'x5': 1, 'x6': 1, 'x7': 0, 'x8': 0, 'x9': 0, 'x10': 0, 'x11': 1, 'x12': 0, 'x13': 0, 'x14': 0}. Best is trial 87 with value: 0.6913694684472375.
187 0.6913694684472375
[I 2024-11-18 08:58:24,760] Trial 186 finished with value: 0.6913694684472375 and parameters: {'x0': 0, 'x1': 0, 'x2': 1, 'x3': 0, 'x4': 0, 'x5': 1, 'x6': 1, 'x7': 0, 'x8': 0, 'x9': 0, 'x10': 0, 'x11': 1, 'x12': 0, 'x13': 0, 'x14': 0}. Best is trial 87 with value: 0.6913694684472375.
188 0.6913694684472375
[I 2024-11-18 08:58:25,217] Trial 187 pruned.
189 0.6913694684472375
[I 2024-11-18 09:00:24,634] Trial 188 finished with value: 0.6913694684472375 and parameters: {'x0': 0, 'x1': 0, 'x2': 1, 'x3': 0, 'x4': 0, 'x5': 1, 'x6': 1, 'x7': 0, 'x8': 0, 'x9': 0, 'x10': 0, 'x11': 1, 'x12': 0, 'x13': 0, 'x14': 0}. Best is trial 87 with value: 0.6913694684472375.
190 0.6913694684472375
[I 2024-11-18 09:02:24,094] Trial 189 finished with value: 0.6913694684472375 and parameters: {'x0': 0, 'x1': 0, 'x2': 1, 'x3': 0, 'x4': 0, 'x5': 1, 'x6': 1, 'x7': 0, 'x8': 0, 'x9': 0, 'x10': 0, 'x11': 1, 'x12': 0, 'x13': 0, 'x14': 0}. Best is trial 87 with value: 0.6913694684472375.
191 0.6913694684472375
[I 2024-11-18 09:02:24,537] Trial 190 pruned.
192 0.6913694684472375
[I 2024-11-18 09:04:23,925] Trial 191 finished with value: 0.6913694684472375 and parameters: {'x0': 0, 'x1': 0, 'x2': 1, 'x3': 0, 'x4': 0, 'x5': 1, 'x6': 1, 'x7': 0, 'x8': 0, 'x9': 0, 'x10': 0, 'x11': 1, 'x12': 0, 'x13': 0, 'x14': 0}. Best is trial 87 with value: 0.6913694684472375.
193 0.6913694684472375
[I 2024-11-18 09:06:23,304] Trial 192 finished with value: 0.6913694684472375 and parameters: {'x0': 0, 'x1': 0, 'x2': 1, 'x3': 0, 'x4': 0, 'x5': 1, 'x6': 1, 'x7': 0, 'x8': 0, 'x9': 0, 'x10': 0, 'x11': 1, 'x12': 0, 'x13': 0, 'x14': 0}. Best is trial 87 with value: 0.6913694684472375.
194 0.6913694684472375
[I 2024-11-18 09:08:22,662] Trial 193 finished with value: 0.6913694684472375 and parameters: {'x0': 0, 'x1': 0, 'x2': 1, 'x3': 0, 'x4': 0, 'x5': 1, 'x6': 1, 'x7': 0, 'x8': 0, 'x9': 0, 'x10': 0, 'x11': 1, 'x12': 0, 'x13': 0, 'x14': 0}. Best is trial 87 with value: 0.6913694684472375.
195 0.6913694684472375
