[I 2024-11-18 03:55:04,736] Trial 42 finished with value: 0.6801854642098544 and parameters: {'x0': 1, 'x1': 0, 'x2': 0, 'x3': 1, 'x4': 0, 'x5': 0, 'x6': 1, 'x7': 0, 'x8': 0, 'x9': 1, 'x10': 1, 'x11': 0, 'x12': 1, 'x13': 0, 'x14': 1}. Best is trial 11 with value: 0.6801854642098544.
44 0.6801854642098544
[I 2024-11-18 04:08:54,851] Trial 43 finished with value: 0.6801854642098544 and parameters: {'x0': 1, 'x1': 0, 'x2': 0, 'x3': 1, 'x4': 0, 'x5': 0, 'x6': 1, 'x7': 0, 'x8': 0, 'x9': 1, 'x10': 1, 'x11': 0, 'x12': 1, 'x13': 0, 'x14': 1}. Best is trial 11 with value: 0.6801854642098544.
45 0.6801854642098544
[I 2024-11-18 04:22:45,015] Trial 44 finished with value: 0.6801854642098544 and parameters: {'x0': 1, 'x1': 0, 'x2': 0, 'x3': 1, 'x4': 0, 'x5': 0, 'x6': 1, 'x7': 0, 'x8': 0, 'x9': 1, 'x10': 1, 'x11': 0, 'x12': 1, 'x13': 0, 'x14': 1}. Best is trial 11 with value: 0.6801854642098544.
46 0.6801854642098544
Got new best 0.6835187975431878 0.6359181559181559
[I 2024-11-18 04:26:35,588] Trial 45 finished with value: 0.6835187975431878 and parameters: {'x0': 1, 'x1': 0, 'x2': 0, 'x3': 1, 'x4': 0, 'x5': 0, 'x6': 1, 'x7': 0, 'x8': 0, 'x9': 1, 'x10': 0, 'x11': 0, 'x12': 1, 'x13': 0, 'x14': 0}. Best is trial 45 with value: 0.6835187975431878.
47 0.6835187975431878
[I 2024-11-18 04:41:15,344] Trial 46 finished with value: 0.6801854642098544 and parameters: {'x0': 1, 'x1': 0, 'x2': 1, 'x3': 1, 'x4': 0, 'x5': 0, 'x6': 1, 'x7': 0, 'x8': 0, 'x9': 1, 'x10': 0, 'x11': 0, 'x12': 1, 'x13': 1, 'x14': 0}. Best is trial 45 with value: 0.6835187975431878.
48 0.6835187975431878
Got new best 0.6851854642098544 0.6359181559181559
[I 2024-11-18 04:44:16,490] Trial 47 finished with value: 0.6851854642098544 and parameters: {'x0': 1, 'x1': 0, 'x2': 0, 'x3': 1, 'x4': 0, 'x5': 0, 'x6': 1, 'x7': 0, 'x8': 0, 'x9': 1, 'x10': 0, 'x11': 0, 'x12': 0, 'x13': 0, 'x14': 0}. Best is trial 47 with value: 0.6851854642098544.
49 0.6851854642098544
[I 2024-11-18 04:45:48,893] Trial 48 finished with value: 0.6851854642098544 and parameters: {'x0': 1, 'x1': 0, 'x2': 0, 'x3': 1, 'x4': 0, 'x5': 0, 'x6': 1, 'x7': 0, 'x8': 0, 'x9': 1, 'x10': 0, 'x11': 0, 'x12': 0, 'x13': 0, 'x14': 0}. Best is trial 47 with value: 0.6851854642098544.
50 0.6851854642098544
[I 2024-11-18 04:45:49,548] Trial 49 pruned.
51 0.6851854642098544
[I 2024-11-18 04:47:38,038] Trial 50 finished with value: 0.6835187975431878 and parameters: {'x0': 1, 'x1': 0, 'x2': 1, 'x3': 1, 'x4': 0, 'x5': 0, 'x6': 1, 'x7': 0, 'x8': 0, 'x9': 0, 'x10': 0, 'x11': 1, 'x12': 0, 'x13': 0, 'x14': 0}. Best is trial 47 with value: 0.6851854642098544.
52 0.6851854642098544
[I 2024-11-18 04:49:26,337] Trial 51 finished with value: 0.6835187975431878 and parameters: {'x0': 1, 'x1': 0, 'x2': 1, 'x3': 1, 'x4': 0, 'x5': 0, 'x6': 1, 'x7': 0, 'x8': 0, 'x9': 0, 'x10': 0, 'x11': 1, 'x12': 0, 'x13': 0, 'x14': 0}. Best is trial 47 with value: 0.6851854642098544.
53 0.6851854642098544
[I 2024-11-18 04:51:14,488] Trial 52 finished with value: 0.6835187975431878 and parameters: {'x0': 1, 'x1': 0, 'x2': 1, 'x3': 1, 'x4': 0, 'x5': 0, 'x6': 1, 'x7': 0, 'x8': 0, 'x9': 0, 'x10': 0, 'x11': 1, 'x12': 0, 'x13': 0, 'x14': 0}. Best is trial 47 with value: 0.6851854642098544.
54 0.6851854642098544
[I 2024-11-18 04:53:02,608] Trial 53 finished with value: 0.6835187975431878 and parameters: {'x0': 1, 'x1': 0, 'x2': 1, 'x3': 1, 'x4': 0, 'x5': 0, 'x6': 1, 'x7': 0, 'x8': 0, 'x9': 0, 'x10': 0, 'x11': 1, 'x12': 0, 'x13': 0, 'x14': 0}. Best is trial 47 with value: 0.6851854642098544.
55 0.6851854642098544
[I 2024-11-18 04:54:50,818] Trial 54 finished with value: 0.6835187975431878 and parameters: {'x0': 1, 'x1': 0, 'x2': 1, 'x3': 1, 'x4': 0, 'x5': 0, 'x6': 1, 'x7': 0, 'x8': 0, 'x9': 0, 'x10': 0, 'x11': 1, 'x12': 0, 'x13': 0, 'x14': 0}. Best is trial 47 with value: 0.6851854642098544.
56 0.6851854642098544
[I 2024-11-18 04:56:38,975] Trial 55 finished with value: 0.6835187975431878 and parameters: {'x0': 1, 'x1': 0, 'x2': 1, 'x3': 1, 'x4': 0, 'x5': 0, 'x6': 1, 'x7': 0, 'x8': 0, 'x9': 0, 'x10': 0, 'x11': 1, 'x12': 0, 'x13': 0, 'x14': 0}. Best is trial 47 with value: 0.6851854642098544.
57 0.6851854642098544
[I 2024-11-18 04:58:27,076] Trial 56 finished with value: 0.6835187975431878 and parameters: {'x0': 1, 'x1': 0, 'x2': 1, 'x3': 1, 'x4': 0, 'x5': 0, 'x6': 1, 'x7': 0, 'x8': 0, 'x9': 0, 'x10': 0, 'x11': 1, 'x12': 0, 'x13': 0, 'x14': 0}. Best is trial 47 with value: 0.6851854642098544.
58 0.6851854642098544
[I 2024-11-18 05:00:15,220] Trial 57 finished with value: 0.6835187975431878 and parameters: {'x0': 1, 'x1': 0, 'x2': 1, 'x3': 1, 'x4': 0, 'x5': 0, 'x6': 1, 'x7': 0, 'x8': 0, 'x9': 0, 'x10': 0, 'x11': 1, 'x12': 0, 'x13': 0, 'x14': 0}. Best is trial 47 with value: 0.6851854642098544.
59 0.6851854642098544
[I 2024-11-18 05:02:03,372] Trial 58 finished with value: 0.6835187975431878 and parameters: {'x0': 1, 'x1': 0, 'x2': 1, 'x3': 1, 'x4': 0, 'x5': 0, 'x6': 1, 'x7': 0, 'x8': 0, 'x9': 0, 'x10': 0, 'x11': 1, 'x12': 0, 'x13': 0, 'x14': 0}. Best is trial 47 with value: 0.6851854642098544.
60 0.6851854642098544
[I 2024-11-18 05:03:51,504] Trial 59 finished with value: 0.6835187975431878 and parameters: {'x0': 1, 'x1': 0, 'x2': 1, 'x3': 1, 'x4': 0, 'x5': 0, 'x6': 1, 'x7': 0, 'x8': 0, 'x9': 0, 'x10': 0, 'x11': 1, 'x12': 0, 'x13': 0, 'x14': 0}. Best is trial 47 with value: 0.6851854642098544.
61 0.6851854642098544
Got new best 0.6882791061234175 0.6449771689497716
[I 2024-11-18 05:07:24,044] Trial 60 finished with value: 0.6882791061234175 and parameters: {'x0': 1, 'x1': 0, 'x2': 1, 'x3': 0, 'x4': 0, 'x5': 0, 'x6': 1, 'x7': 0, 'x8': 0, 'x9': 0, 'x10': 0, 'x11': 1, 'x12': 0, 'x13': 0, 'x14': 0}. Best is trial 60 with value: 0.6882791061234175.
62 0.6882791061234175
[I 2024-11-18 05:09:05,958] Trial 61 finished with value: 0.6882791061234175 and parameters: {'x0': 1, 'x1': 0, 'x2': 1, 'x3': 0, 'x4': 0, 'x5': 0, 'x6': 1, 'x7': 0, 'x8': 0, 'x9': 0, 'x10': 0, 'x11': 1, 'x12': 0, 'x13': 0, 'x14': 0}. Best is trial 60 with value: 0.6882791061234175.
63 0.6882791061234175
[I 2024-11-18 05:10:47,631] Trial 62 finished with value: 0.6882791061234175 and parameters: {'x0': 1, 'x1': 0, 'x2': 1, 'x3': 0, 'x4': 0, 'x5': 0, 'x6': 1, 'x7': 0, 'x8': 0, 'x9': 0, 'x10': 0, 'x11': 1, 'x12': 0, 'x13': 0, 'x14': 0}. Best is trial 60 with value: 0.6882791061234175.
64 0.6882791061234175
[I 2024-11-18 05:12:29,371] Trial 63 finished with value: 0.6882791061234175 and parameters: {'x0': 1, 'x1': 0, 'x2': 1, 'x3': 0, 'x4': 0, 'x5': 0, 'x6': 1, 'x7': 0, 'x8': 0, 'x9': 0, 'x10': 0, 'x11': 1, 'x12': 0, 'x13': 0, 'x14': 0}. Best is trial 60 with value: 0.6882791061234175.
65 0.6882791061234175
[I 2024-11-18 05:14:11,225] Trial 64 finished with value: 0.6882791061234175 and parameters: {'x0': 1, 'x1': 0, 'x2': 1, 'x3': 0, 'x4': 0, 'x5': 0, 'x6': 1, 'x7': 0, 'x8': 0, 'x9': 0, 'x10': 0, 'x11': 1, 'x12': 0, 'x13': 0, 'x14': 0}. Best is trial 60 with value: 0.6882791061234175.
66 0.6882791061234175
[I 2024-11-18 05:15:52,979] Trial 65 finished with value: 0.6882791061234175 and parameters: {'x0': 1, 'x1': 0, 'x2': 1, 'x3': 0, 'x4': 0, 'x5': 0, 'x6': 1, 'x7': 0, 'x8': 0, 'x9': 0, 'x10': 0, 'x11': 1, 'x12': 0, 'x13': 0, 'x14': 0}. Best is trial 60 with value: 0.6882791061234175.
67 0.6882791061234175
[I 2024-11-18 05:17:34,621] Trial 66 finished with value: 0.6882791061234175 and parameters: {'x0': 1, 'x1': 0, 'x2': 1, 'x3': 0, 'x4': 0, 'x5': 0, 'x6': 1, 'x7': 0, 'x8': 0, 'x9': 0, 'x10': 0, 'x11': 1, 'x12': 0, 'x13': 0, 'x14': 0}. Best is trial 60 with value: 0.6882791061234175.
68 0.6882791061234175
[I 2024-11-18 05:19:16,402] Trial 67 finished with value: 0.6882791061234175 and parameters: {'x0': 1, 'x1': 0, 'x2': 1, 'x3': 0, 'x4': 0, 'x5': 0, 'x6': 1, 'x7': 0, 'x8': 0, 'x9': 0, 'x10': 0, 'x11': 1, 'x12': 0, 'x13': 0, 'x14': 0}. Best is trial 60 with value: 0.6882791061234175.
69 0.6882791061234175
[I 2024-11-18 05:20:58,163] Trial 68 finished with value: 0.6882791061234175 and parameters: {'x0': 1, 'x1': 0, 'x2': 1, 'x3': 0, 'x4': 0, 'x5': 0, 'x6': 1, 'x7': 0, 'x8': 0, 'x9': 0, 'x10': 0, 'x11': 1, 'x12': 0, 'x13': 0, 'x14': 0}. Best is trial 60 with value: 0.6882791061234175.
70 0.6882791061234175
[I 2024-11-18 05:22:39,993] Trial 69 finished with value: 0.6882791061234175 and parameters: {'x0': 1, 'x1': 0, 'x2': 1, 'x3': 0, 'x4': 0, 'x5': 0, 'x6': 1, 'x7': 0, 'x8': 0, 'x9': 0, 'x10': 0, 'x11': 1, 'x12': 0, 'x13': 0, 'x14': 0}. Best is trial 60 with value: 0.6882791061234175.
71 0.6882791061234175
Got new best 0.6899457727900842 0.6449771689497716
[I 2024-11-18 05:25:44,291] Trial 70 finished with value: 0.6899457727900842 and parameters: {'x0': 0, 'x1': 0, 'x2': 1, 'x3': 0, 'x4': 0, 'x5': 0, 'x6': 1, 'x7': 0, 'x8': 0, 'x9': 0, 'x10': 0, 'x11': 1, 'x12': 0, 'x13': 0, 'x14': 0}. Best is trial 70 with value: 0.6899457727900842.
72 0.6899457727900842
[I 2024-11-18 05:27:18,813] Trial 71 finished with value: 0.6899457727900842 and parameters: {'x0': 0, 'x1': 0, 'x2': 1, 'x3': 0, 'x4': 0, 'x5': 0, 'x6': 1, 'x7': 0, 'x8': 0, 'x9': 0, 'x10': 0, 'x11': 1, 'x12': 0, 'x13': 0, 'x14': 0}. Best is trial 70 with value: 0.6899457727900842.
73 0.6899457727900842
[I 2024-11-18 05:28:53,435] Trial 72 finished with value: 0.6899457727900842 and parameters: {'x0': 0, 'x1': 0, 'x2': 1, 'x3': 0, 'x4': 0, 'x5': 0, 'x6': 1, 'x7': 0, 'x8': 0, 'x9': 0, 'x10': 0, 'x11': 1, 'x12': 0, 'x13': 0, 'x14': 0}. Best is trial 70 with value: 0.6899457727900842.
74 0.6899457727900842
[I 2024-11-18 05:30:27,593] Trial 73 finished with value: 0.6899457727900842 and parameters: {'x0': 0, 'x1': 0, 'x2': 1, 'x3': 0, 'x4': 0, 'x5': 0, 'x6': 1, 'x7': 0, 'x8': 0, 'x9': 0, 'x10': 0, 'x11': 1, 'x12': 0, 'x13': 0, 'x14': 0}. Best is trial 70 with value: 0.6899457727900842.
75 0.6899457727900842
[I 2024-11-18 05:32:01,674] Trial 74 finished with value: 0.6899457727900842 and parameters: {'x0': 0, 'x1': 0, 'x2': 1, 'x3': 0, 'x4': 0, 'x5': 0, 'x6': 1, 'x7': 0, 'x8': 0, 'x9': 0, 'x10': 0, 'x11': 1, 'x12': 0, 'x13': 0, 'x14': 0}. Best is trial 70 with value: 0.6899457727900842.
76 0.6899457727900842
[I 2024-11-18 05:33:35,627] Trial 75 finished with value: 0.6899457727900842 and parameters: {'x0': 0, 'x1': 0, 'x2': 1, 'x3': 0, 'x4': 0, 'x5': 0, 'x6': 1, 'x7': 0, 'x8': 0, 'x9': 0, 'x10': 0, 'x11': 1, 'x12': 0, 'x13': 0, 'x14': 0}. Best is trial 70 with value: 0.6899457727900842.
77 0.6899457727900842
[I 2024-11-18 05:35:09,644] Trial 76 finished with value: 0.6899457727900842 and parameters: {'x0': 0, 'x1': 0, 'x2': 1, 'x3': 0, 'x4': 0, 'x5': 0, 'x6': 1, 'x7': 0, 'x8': 0, 'x9': 0, 'x10': 0, 'x11': 1, 'x12': 0, 'x13': 0, 'x14': 0}. Best is trial 70 with value: 0.6899457727900842.
78 0.6899457727900842
[I 2024-11-18 05:36:43,614] Trial 77 finished with value: 0.6899457727900842 and parameters: {'x0': 0, 'x1': 0, 'x2': 1, 'x3': 0, 'x4': 0, 'x5': 0, 'x6': 1, 'x7': 0, 'x8': 0, 'x9': 0, 'x10': 0, 'x11': 1, 'x12': 0, 'x13': 0, 'x14': 0}. Best is trial 70 with value: 0.6899457727900842.
79 0.6899457727900842
[I 2024-11-18 05:38:17,547] Trial 78 finished with value: 0.6899457727900842 and parameters: {'x0': 0, 'x1': 0, 'x2': 1, 'x3': 0, 'x4': 0, 'x5': 0, 'x6': 1, 'x7': 0, 'x8': 0, 'x9': 0, 'x10': 0, 'x11': 1, 'x12': 0, 'x13': 0, 'x14': 0}. Best is trial 70 with value: 0.6899457727900842.
80 0.6899457727900842
[I 2024-11-18 05:40:10,441] Trial 79 finished with value: 0.6882791061234175 and parameters: {'x0': 0, 'x1': 0, 'x2': 1, 'x3': 0, 'x4': 0, 'x5': 0, 'x6': 1, 'x7': 0, 'x8': 0, 'x9': 0, 'x10': 0, 'x11': 1, 'x12': 0, 'x13': 1, 'x14': 0}. Best is trial 70 with value: 0.6899457727900842.
81 0.6899457727900842
[I 2024-11-18 05:40:10,995] Trial 80 pruned.
82 0.6899457727900842
[I 2024-11-18 05:41:45,253] Trial 81 finished with value: 0.6899457727900842 and parameters: {'x0': 0, 'x1': 0, 'x2': 1, 'x3': 0, 'x4': 0, 'x5': 0, 'x6': 1, 'x7': 0, 'x8': 0, 'x9': 0, 'x10': 0, 'x11': 1, 'x12': 0, 'x13': 0, 'x14': 0}. Best is trial 70 with value: 0.6899457727900842.
83 0.6899457727900842
[I 2024-11-18 05:43:19,165] Trial 82 finished with value: 0.6899457727900842 and parameters: {'x0': 0, 'x1': 0, 'x2': 1, 'x3': 0, 'x4': 0, 'x5': 0, 'x6': 1, 'x7': 0, 'x8': 0, 'x9': 0, 'x10': 0, 'x11': 1, 'x12': 0, 'x13': 0, 'x14': 0}. Best is trial 70 with value: 0.6899457727900842.
84 0.6899457727900842
[I 2024-11-18 05:44:53,145] Trial 83 finished with value: 0.6899457727900842 and parameters: {'x0': 0, 'x1': 0, 'x2': 1, 'x3': 0, 'x4': 0, 'x5': 0, 'x6': 1, 'x7': 0, 'x8': 0, 'x9': 0, 'x10': 0, 'x11': 1, 'x12': 0, 'x13': 0, 'x14': 0}. Best is trial 70 with value: 0.6899457727900842.
85 0.6899457727900842
[I 2024-11-18 05:46:27,213] Trial 84 finished with value: 0.6899457727900842 and parameters: {'x0': 0, 'x1': 0, 'x2': 1, 'x3': 0, 'x4': 0, 'x5': 0, 'x6': 1, 'x7': 0, 'x8': 0, 'x9': 0, 'x10': 0, 'x11': 1, 'x12': 0, 'x13': 0, 'x14': 0}. Best is trial 70 with value: 0.6899457727900842.
86 0.6899457727900842
[I 2024-11-18 05:48:01,180] Trial 85 finished with value: 0.6899457727900842 and parameters: {'x0': 0, 'x1': 0, 'x2': 1, 'x3': 0, 'x4': 0, 'x5': 0, 'x6': 1, 'x7': 0, 'x8': 0, 'x9': 0, 'x10': 0, 'x11': 1, 'x12': 0, 'x13': 0, 'x14': 0}. Best is trial 70 with value: 0.6899457727900842.
87 0.6899457727900842
[I 2024-11-18 05:49:35,123] Trial 86 finished with value: 0.6899457727900842 and parameters: {'x0': 0, 'x1': 0, 'x2': 1, 'x3': 0, 'x4': 0, 'x5': 0, 'x6': 1, 'x7': 0, 'x8': 0, 'x9': 0, 'x10': 0, 'x11': 1, 'x12': 0, 'x13': 0, 'x14': 0}. Best is trial 70 with value: 0.6899457727900842.
88 0.6899457727900842
Got new best 0.6913694684472375 0.6416046345033793
[I 2024-11-18 05:53:28,572] Trial 87 finished with value: 0.6913694684472375 and parameters: {'x0': 0, 'x1': 0, 'x2': 1, 'x3': 0, 'x4': 0, 'x5': 1, 'x6': 1, 'x7': 0, 'x8': 0, 'x9': 0, 'x10': 0, 'x11': 1, 'x12': 0, 'x13': 0, 'x14': 0}. Best is trial 87 with value: 0.6913694684472375.
89 0.6913694684472375
[I 2024-11-18 05:55:28,191] Trial 88 finished with value: 0.6913694684472375 and parameters: {'x0': 0, 'x1': 0, 'x2': 1, 'x3': 0, 'x4': 0, 'x5': 1, 'x6': 1, 'x7': 0, 'x8': 0, 'x9': 0, 'x10': 0, 'x11': 1, 'x12': 0, 'x13': 0, 'x14': 0}. Best is trial 87 with value: 0.6913694684472375.
90 0.6913694684472375
[I 2024-11-18 05:57:27,651] Trial 89 finished with value: 0.6913694684472375 and parameters: {'x0': 0, 'x1': 0, 'x2': 1, 'x3': 0, 'x4': 0, 'x5': 1, 'x6': 1, 'x7': 0, 'x8': 0, 'x9': 0, 'x10': 0, 'x11': 1, 'x12': 0, 'x13': 0, 'x14': 0}. Best is trial 87 with value: 0.6913694684472375.
91 0.6913694684472375
[I 2024-11-18 05:59:36,881] Trial 90 finished with value: 0.6794420663896932 and parameters: {'x0': 0, 'x1': 0, 'x2': 1, 'x3': 0, 'x4': 1, 'x5': 1, 'x6': 1, 'x7': 0, 'x8': 0, 'x9': 0, 'x10': 0, 'x11': 1, 'x12': 0, 'x13': 0, 'x14': 0}. Best is trial 87 with value: 0.6913694684472375.
92 0.6913694684472375
[I 2024-11-18 06:01:36,544] Trial 91 finished with value: 0.6913694684472375 and parameters: {'x0': 0, 'x1': 0, 'x2': 1, 'x3': 0, 'x4': 0, 'x5': 1, 'x6': 1, 'x7': 0, 'x8': 0, 'x9': 0, 'x10': 0, 'x11': 1, 'x12': 0, 'x13': 0, 'x14': 0}. Best is trial 87 with value: 0.6913694684472375.
93 0.6913694684472375
[I 2024-11-18 06:03:35,919] Trial 92 finished with value: 0.6913694684472375 and parameters: {'x0': 0, 'x1': 0, 'x2': 1, 'x3': 0, 'x4': 0, 'x5': 1, 'x6': 1, 'x7': 0, 'x8': 0, 'x9': 0, 'x10': 0, 'x11': 1, 'x12': 0, 'x13': 0, 'x14': 0}. Best is trial 87 with value: 0.6913694684472375.
94 0.6913694684472375
[I 2024-11-18 06:05:35,309] Trial 93 finished with value: 0.6913694684472375 and parameters: {'x0': 0, 'x1': 0, 'x2': 1, 'x3': 0, 'x4': 0, 'x5': 1, 'x6': 1, 'x7': 0, 'x8': 0, 'x9': 0, 'x10': 0, 'x11': 1, 'x12': 0, 'x13': 0, 'x14': 0}. Best is trial 87 with value: 0.6913694684472375.
95 0.6913694684472375
[I 2024-11-18 06:07:34,697] Trial 94 finished with value: 0.6913694684472375 and parameters: {'x0': 0, 'x1': 0, 'x2': 1, 'x3': 0, 'x4': 0, 'x5': 1, 'x6': 1, 'x7': 0, 'x8': 0, 'x9': 0, 'x10': 0, 'x11': 1, 'x12': 0, 'x13': 0, 'x14': 0}. Best is trial 87 with value: 0.6913694684472375.
96 0.6913694684472375
[I 2024-11-18 06:09:34,063] Trial 95 finished with value: 0.6913694684472375 and parameters: {'x0': 0, 'x1': 0, 'x2': 1, 'x3': 0, 'x4': 0, 'x5': 1, 'x6': 1, 'x7': 0, 'x8': 0, 'x9': 0, 'x10': 0, 'x11': 1, 'x12': 0, 'x13': 0, 'x14': 0}. Best is trial 87 with value: 0.6913694684472375.
97 0.6913694684472375
[I 2024-11-18 06:11:33,395] Trial 96 finished with value: 0.6913694684472375 and parameters: {'x0': 0, 'x1': 0, 'x2': 1, 'x3': 0, 'x4': 0, 'x5': 1, 'x6': 1, 'x7': 0, 'x8': 0, 'x9': 0, 'x10': 0, 'x11': 1, 'x12': 0, 'x13': 0, 'x14': 0}. Best is trial 87 with value: 0.6913694684472375.
98 0.6913694684472375
[I 2024-11-18 06:18:22,092] Trial 97 finished with value: 0.6897028017805709 and parameters: {'x0': 0, 'x1': 0, 'x2': 1, 'x3': 0, 'x4': 0, 'x5': 1, 'x6': 1, 'x7': 1, 'x8': 0, 'x9': 0, 'x10': 0, 'x11': 1, 'x12': 0, 'x13': 0, 'x14': 0}. Best is trial 87 with value: 0.6913694684472375.
99 0.6913694684472375
[I 2024-11-18 06:20:53,981] Trial 98 finished with value: 0.6897028017805709 and parameters: {'x0': 0, 'x1': 0, 'x2': 1, 'x3': 0, 'x4': 0, 'x5': 1, 'x6': 1, 'x7': 0, 'x8': 1, 'x9': 0, 'x10': 0, 'x11': 1, 'x12': 0, 'x13': 0, 'x14': 0}. Best is trial 87 with value: 0.6913694684472375.
100 0.6913694684472375
[I 2024-11-18 06:22:53,479] Trial 99 finished with value: 0.6913694684472375 and parameters: {'x0': 0, 'x1': 0, 'x2': 1, 'x3': 0, 'x4': 0, 'x5': 1, 'x6': 1, 'x7': 0, 'x8': 0, 'x9': 0, 'x10': 0, 'x11': 1, 'x12': 0, 'x13': 0, 'x14': 0}. Best is trial 87 with value: 0.6913694684472375.
101 0.6913694684472375
[I 2024-11-18 06:24:52,799] Trial 100 finished with value: 0.6913694684472375 and parameters: {'x0': 0, 'x1': 0, 'x2': 1, 'x3': 0, 'x4': 0, 'x5': 1, 'x6': 1, 'x7': 0, 'x8': 0, 'x9': 0, 'x10': 0, 'x11': 1, 'x12': 0, 'x13': 0, 'x14': 0}. Best is trial 87 with value: 0.6913694684472375.
102 0.6913694684472375
[I 2024-11-18 06:26:52,211] Trial 101 finished with value: 0.6913694684472375 and parameters: {'x0': 0, 'x1': 0, 'x2': 1, 'x3': 0, 'x4': 0, 'x5': 1, 'x6': 1, 'x7': 0, 'x8': 0, 'x9': 0, 'x10': 0, 'x11': 1, 'x12': 0, 'x13': 0, 'x14': 0}. Best is trial 87 with value: 0.6913694684472375.
103 0.6913694684472375
[I 2024-11-18 06:28:51,598] Trial 102 finished with value: 0.6913694684472375 and parameters: {'x0': 0, 'x1': 0, 'x2': 1, 'x3': 0, 'x4': 0, 'x5': 1, 'x6': 1, 'x7': 0, 'x8': 0, 'x9': 0, 'x10': 0, 'x11': 1, 'x12': 0, 'x13': 0, 'x14': 0}. Best is trial 87 with value: 0.6913694684472375.
104 0.6913694684472375
[I 2024-11-18 06:30:50,957] Trial 103 finished with value: 0.6913694684472375 and parameters: {'x0': 0, 'x1': 0, 'x2': 1, 'x3': 0, 'x4': 0, 'x5': 1, 'x6': 1, 'x7': 0, 'x8': 0, 'x9': 0, 'x10': 0, 'x11': 1, 'x12': 0, 'x13': 0, 'x14': 0}. Best is trial 87 with value: 0.6913694684472375.
105 0.6913694684472375
[I 2024-11-18 06:32:50,427] Trial 104 finished with value: 0.6913694684472375 and parameters: {'x0': 0, 'x1': 0, 'x2': 1, 'x3': 0, 'x4': 0, 'x5': 1, 'x6': 1, 'x7': 0, 'x8': 0, 'x9': 0, 'x10': 0, 'x11': 1, 'x12': 0, 'x13': 0, 'x14': 0}. Best is trial 87 with value: 0.6913694684472375.
106 0.6913694684472375
[I 2024-11-18 06:34:49,849] Trial 105 finished with value: 0.6913694684472375 and parameters: {'x0': 0, 'x1': 0, 'x2': 1, 'x3': 0, 'x4': 0, 'x5': 1, 'x6': 1, 'x7': 0, 'x8': 0, 'x9': 0, 'x10': 0, 'x11': 1, 'x12': 0, 'x13': 0, 'x14': 0}. Best is trial 87 with value: 0.6913694684472375.
107 0.6913694684472375
[I 2024-11-18 06:36:49,307] Trial 106 finished with value: 0.6913694684472375 and parameters: {'x0': 0, 'x1': 0, 'x2': 1, 'x3': 0, 'x4': 0, 'x5': 1, 'x6': 1, 'x7': 0, 'x8': 0, 'x9': 0, 'x10': 0, 'x11': 1, 'x12': 0, 'x13': 0, 'x14': 0}. Best is trial 87 with value: 0.6913694684472375.
108 0.6913694684472375
[I 2024-11-18 06:38:48,755] Trial 107 finished with value: 0.6913694684472375 and parameters: {'x0': 0, 'x1': 0, 'x2': 1, 'x3': 0, 'x4': 0, 'x5': 1, 'x6': 1, 'x7': 0, 'x8': 0, 'x9': 0, 'x10': 0, 'x11': 1, 'x12': 0, 'x13': 0, 'x14': 0}. Best is trial 87 with value: 0.6913694684472375.
109 0.6913694684472375
[I 2024-11-18 06:40:48,230] Trial 108 finished with value: 0.6913694684472375 and parameters: {'x0': 0, 'x1': 0, 'x2': 1, 'x3': 0, 'x4': 0, 'x5': 1, 'x6': 1, 'x7': 0, 'x8': 0, 'x9': 0, 'x10': 0, 'x11': 1, 'x12': 0, 'x13': 0, 'x14': 0}. Best is trial 87 with value: 0.6913694684472375.
110 0.6913694684472375
[I 2024-11-18 06:42:47,682] Trial 109 finished with value: 0.6913694684472375 and parameters: {'x0': 0, 'x1': 0, 'x2': 1, 'x3': 0, 'x4': 0, 'x5': 1, 'x6': 1, 'x7': 0, 'x8': 0, 'x9': 0, 'x10': 0, 'x11': 1, 'x12': 0, 'x13': 0, 'x14': 0}. Best is trial 87 with value: 0.6913694684472375.
111 0.6913694684472375
[I 2024-11-18 06:42:48,286] Trial 110 pruned.
112 0.6913694684472375
[I 2024-11-18 06:44:48,072] Trial 111 finished with value: 0.6913694684472375 and parameters: {'x0': 0, 'x1': 0, 'x2': 1, 'x3': 0, 'x4': 0, 'x5': 1, 'x6': 1, 'x7': 0, 'x8': 0, 'x9': 0, 'x10': 0, 'x11': 1, 'x12': 0, 'x13': 0, 'x14': 0}. Best is trial 87 with value: 0.6913694684472375.
113 0.6913694684472375
[I 2024-11-18 06:46:47,483] Trial 112 finished with value: 0.6913694684472375 and parameters: {'x0': 0, 'x1': 0, 'x2': 1, 'x3': 0, 'x4': 0, 'x5': 1, 'x6': 1, 'x7': 0, 'x8': 0, 'x9': 0, 'x10': 0, 'x11': 1, 'x12': 0, 'x13': 0, 'x14': 0}. Best is trial 87 with value: 0.6913694684472375.
114 0.6913694684472375
[I 2024-11-18 06:48:46,905] Trial 113 finished with value: 0.6913694684472375 and parameters: {'x0': 0, 'x1': 0, 'x2': 1, 'x3': 0, 'x4': 0, 'x5': 1, 'x6': 1, 'x7': 0, 'x8': 0, 'x9': 0, 'x10': 0, 'x11': 1, 'x12': 0, 'x13': 0, 'x14': 0}. Best is trial 87 with value: 0.6913694684472375.
115 0.6913694684472375
[I 2024-11-18 06:50:46,330] Trial 114 finished with value: 0.6913694684472375 and parameters: {'x0': 0, 'x1': 0, 'x2': 1, 'x3': 0, 'x4': 0, 'x5': 1, 'x6': 1, 'x7': 0, 'x8': 0, 'x9': 0, 'x10': 0, 'x11': 1, 'x12': 0, 'x13': 0, 'x14': 0}. Best is trial 87 with value: 0.6913694684472375.
116 0.6913694684472375
