[I 2024-11-15 21:49:21,005] Trial 77 finished with value: 0.6949457727900842 and parameters: {'x0': 1, 'x1': 0, 'x2': 1, 'x3': 0, 'x4': 0, 'x5': 1, 'x6': 1, 'x7': 0, 'x8': 1, 'x9': 0, 'x10': 0, 'x11': 1, 'x12': 1, 'x13': 1, 'x14': 1}. Best is trial 10 with value: 0.6949457727900842.
79 0.6949457727900842
[I 2024-11-15 22:04:23,640] Trial 78 finished with value: 0.6918521308765211 and parameters: {'x0': 1, 'x1': 0, 'x2': 0, 'x3': 0, 'x4': 0, 'x5': 0, 'x6': 1, 'x7': 1, 'x8': 1, 'x9': 1, 'x10': 0, 'x11': 1, 'x12': 1, 'x13': 1, 'x14': 0}. Best is trial 10 with value: 0.6949457727900842.
80 0.6949457727900842
[I 2024-11-15 22:18:39,902] Trial 79 finished with value: 0.6918521308765211 and parameters: {'x0': 1, 'x1': 0, 'x2': 0, 'x3': 1, 'x4': 0, 'x5': 1, 'x6': 1, 'x7': 0, 'x8': 1, 'x9': 1, 'x10': 0, 'x11': 1, 'x12': 1, 'x13': 1, 'x14': 1}. Best is trial 10 with value: 0.6949457727900842.
81 0.6949457727900842
[I 2024-11-15 22:18:40,768] Trial 80 pruned.
82 0.6949457727900842
[I 2024-11-15 22:36:50,278] Trial 81 finished with value: 0.6949457727900842 and parameters: {'x0': 1, 'x1': 0, 'x2': 0, 'x3': 0, 'x4': 0, 'x5': 1, 'x6': 1, 'x7': 0, 'x8': 1, 'x9': 1, 'x10': 0, 'x11': 1, 'x12': 1, 'x13': 1, 'x14': 1}. Best is trial 10 with value: 0.6949457727900842.
83 0.6949457727900842
[I 2024-11-15 22:55:05,914] Trial 82 finished with value: 0.6949457727900842 and parameters: {'x0': 1, 'x1': 0, 'x2': 0, 'x3': 0, 'x4': 0, 'x5': 1, 'x6': 1, 'x7': 0, 'x8': 1, 'x9': 1, 'x10': 0, 'x11': 1, 'x12': 1, 'x13': 1, 'x14': 1}. Best is trial 10 with value: 0.6949457727900842.
84 0.6949457727900842
[I 2024-11-15 23:13:20,419] Trial 83 finished with value: 0.6949457727900842 and parameters: {'x0': 1, 'x1': 0, 'x2': 0, 'x3': 0, 'x4': 0, 'x5': 1, 'x6': 1, 'x7': 0, 'x8': 1, 'x9': 1, 'x10': 0, 'x11': 1, 'x12': 1, 'x13': 1, 'x14': 1}. Best is trial 10 with value: 0.6949457727900842.
85 0.6949457727900842
[I 2024-11-15 23:31:11,893] Trial 84 finished with value: 0.6949457727900842 and parameters: {'x0': 1, 'x1': 0, 'x2': 0, 'x3': 0, 'x4': 0, 'x5': 1, 'x6': 1, 'x7': 0, 'x8': 1, 'x9': 1, 'x10': 0, 'x11': 1, 'x12': 1, 'x13': 0, 'x14': 1}. Best is trial 10 with value: 0.6949457727900842.
86 0.6949457727900842
[I 2024-11-15 23:49:30,623] Trial 85 finished with value: 0.6949457727900842 and parameters: {'x0': 1, 'x1': 0, 'x2': 0, 'x3': 0, 'x4': 0, 'x5': 1, 'x6': 1, 'x7': 0, 'x8': 1, 'x9': 1, 'x10': 0, 'x11': 1, 'x12': 1, 'x13': 1, 'x14': 1}. Best is trial 10 with value: 0.6949457727900842.
87 0.6949457727900842
[I 2024-11-16 00:07:20,272] Trial 86 finished with value: 0.6949457727900842 and parameters: {'x0': 0, 'x1': 0, 'x2': 0, 'x3': 0, 'x4': 0, 'x5': 1, 'x6': 1, 'x7': 0, 'x8': 1, 'x9': 1, 'x10': 1, 'x11': 1, 'x12': 1, 'x13': 1, 'x14': 1}. Best is trial 10 with value: 0.6949457727900842.
88 0.6949457727900842
[I 2024-11-16 00:26:09,440] Trial 87 finished with value: 0.6949457727900842 and parameters: {'x0': 1, 'x1': 0, 'x2': 0, 'x3': 0, 'x4': 0, 'x5': 1, 'x6': 1, 'x7': 0, 'x8': 0, 'x9': 1, 'x10': 0, 'x11': 1, 'x12': 1, 'x13': 1, 'x14': 1}. Best is trial 10 with value: 0.6949457727900842.
89 0.6949457727900842
[I 2024-11-16 00:44:19,138] Trial 88 finished with value: 0.6949457727900842 and parameters: {'x0': 1, 'x1': 0, 'x2': 0, 'x3': 0, 'x4': 0, 'x5': 1, 'x6': 1, 'x7': 0, 'x8': 1, 'x9': 1, 'x10': 0, 'x11': 1, 'x12': 1, 'x13': 1, 'x14': 1}. Best is trial 10 with value: 0.6949457727900842.
90 0.6949457727900842
[I 2024-11-16 01:02:24,776] Trial 89 finished with value: 0.6949457727900842 and parameters: {'x0': 1, 'x1': 0, 'x2': 0, 'x3': 0, 'x4': 0, 'x5': 1, 'x6': 1, 'x7': 0, 'x8': 1, 'x9': 1, 'x10': 0, 'x11': 1, 'x12': 1, 'x13': 1, 'x14': 1}. Best is trial 10 with value: 0.6949457727900842.
91 0.6949457727900842
[I 2024-11-16 01:22:37,493] Trial 90 finished with value: 0.6847049941806209 and parameters: {'x0': 1, 'x1': 0, 'x2': 0, 'x3': 0, 'x4': 1, 'x5': 1, 'x6': 1, 'x7': 0, 'x8': 1, 'x9': 1, 'x10': 0, 'x11': 1, 'x12': 1, 'x13': 1, 'x14': 1}. Best is trial 10 with value: 0.6949457727900842.
92 0.6949457727900842
[I 2024-11-16 01:40:44,734] Trial 91 finished with value: 0.6949457727900842 and parameters: {'x0': 1, 'x1': 0, 'x2': 0, 'x3': 0, 'x4': 0, 'x5': 1, 'x6': 1, 'x7': 0, 'x8': 1, 'x9': 1, 'x10': 0, 'x11': 1, 'x12': 1, 'x13': 1, 'x14': 1}. Best is trial 10 with value: 0.6949457727900842.
93 0.6949457727900842
[I 2024-11-16 01:58:50,308] Trial 92 finished with value: 0.6949457727900842 and parameters: {'x0': 1, 'x1': 0, 'x2': 0, 'x3': 0, 'x4': 0, 'x5': 1, 'x6': 1, 'x7': 0, 'x8': 1, 'x9': 1, 'x10': 0, 'x11': 1, 'x12': 1, 'x13': 1, 'x14': 1}. Best is trial 10 with value: 0.6949457727900842.
94 0.6949457727900842
[I 2024-11-16 02:16:55,943] Trial 93 finished with value: 0.6949457727900842 and parameters: {'x0': 1, 'x1': 0, 'x2': 0, 'x3': 0, 'x4': 0, 'x5': 1, 'x6': 1, 'x7': 0, 'x8': 1, 'x9': 1, 'x10': 0, 'x11': 1, 'x12': 1, 'x13': 1, 'x14': 1}. Best is trial 10 with value: 0.6949457727900842.
95 0.6949457727900842
[I 2024-11-16 02:35:00,988] Trial 94 finished with value: 0.6949457727900842 and parameters: {'x0': 1, 'x1': 0, 'x2': 0, 'x3': 0, 'x4': 0, 'x5': 1, 'x6': 1, 'x7': 0, 'x8': 1, 'x9': 1, 'x10': 0, 'x11': 1, 'x12': 1, 'x13': 1, 'x14': 1}. Best is trial 10 with value: 0.6949457727900842.
96 0.6949457727900842
[I 2024-11-16 02:53:06,352] Trial 95 finished with value: 0.6949457727900842 and parameters: {'x0': 1, 'x1': 0, 'x2': 0, 'x3': 0, 'x4': 0, 'x5': 1, 'x6': 1, 'x7': 0, 'x8': 1, 'x9': 1, 'x10': 0, 'x11': 1, 'x12': 1, 'x13': 1, 'x14': 1}. Best is trial 10 with value: 0.6949457727900842.
97 0.6949457727900842
[I 2024-11-16 03:11:11,718] Trial 96 finished with value: 0.6949457727900842 and parameters: {'x0': 1, 'x1': 0, 'x2': 0, 'x3': 0, 'x4': 0, 'x5': 1, 'x6': 1, 'x7': 0, 'x8': 1, 'x9': 1, 'x10': 0, 'x11': 1, 'x12': 1, 'x13': 1, 'x14': 1}. Best is trial 10 with value: 0.6949457727900842.
98 0.6949457727900842
[I 2024-11-16 03:28:31,520] Trial 97 finished with value: 0.6918521308765211 and parameters: {'x0': 1, 'x1': 0, 'x2': 0, 'x3': 0, 'x4': 0, 'x5': 1, 'x6': 1, 'x7': 0, 'x8': 1, 'x9': 1, 'x10': 0, 'x11': 0, 'x12': 1, 'x13': 1, 'x14': 1}. Best is trial 10 with value: 0.6949457727900842.
99 0.6949457727900842
[I 2024-11-16 03:46:39,025] Trial 98 finished with value: 0.6949457727900842 and parameters: {'x0': 1, 'x1': 0, 'x2': 0, 'x3': 0, 'x4': 0, 'x5': 1, 'x6': 1, 'x7': 0, 'x8': 1, 'x9': 1, 'x10': 0, 'x11': 1, 'x12': 1, 'x13': 1, 'x14': 1}. Best is trial 10 with value: 0.6949457727900842.
100 0.6949457727900842
[I 2024-11-16 04:04:44,306] Trial 99 finished with value: 0.6949457727900842 and parameters: {'x0': 1, 'x1': 0, 'x2': 0, 'x3': 0, 'x4': 0, 'x5': 1, 'x6': 1, 'x7': 0, 'x8': 1, 'x9': 1, 'x10': 0, 'x11': 1, 'x12': 1, 'x13': 1, 'x14': 1}. Best is trial 10 with value: 0.6949457727900842.
101 0.6949457727900842
[I 2024-11-16 04:17:27,883] Trial 100 finished with value: 0.6918521308765211 and parameters: {'x0': 1, 'x1': 0, 'x2': 0, 'x3': 0, 'x4': 0, 'x5': 0, 'x6': 1, 'x7': 0, 'x8': 1, 'x9': 0, 'x10': 0, 'x11': 1, 'x12': 1, 'x13': 1, 'x14': 0}. Best is trial 10 with value: 0.6949457727900842.
102 0.6949457727900842
[I 2024-11-16 04:35:34,576] Trial 101 finished with value: 0.6949457727900842 and parameters: {'x0': 1, 'x1': 0, 'x2': 0, 'x3': 0, 'x4': 0, 'x5': 1, 'x6': 1, 'x7': 0, 'x8': 1, 'x9': 1, 'x10': 0, 'x11': 1, 'x12': 1, 'x13': 1, 'x14': 1}. Best is trial 10 with value: 0.6949457727900842.
103 0.6949457727900842
[I 2024-11-16 04:53:40,666] Trial 102 finished with value: 0.6949457727900842 and parameters: {'x0': 1, 'x1': 0, 'x2': 0, 'x3': 0, 'x4': 0, 'x5': 1, 'x6': 1, 'x7': 0, 'x8': 1, 'x9': 1, 'x10': 0, 'x11': 1, 'x12': 1, 'x13': 1, 'x14': 1}. Best is trial 10 with value: 0.6949457727900842.
104 0.6949457727900842
[I 2024-11-16 05:11:48,307] Trial 103 finished with value: 0.6949457727900842 and parameters: {'x0': 1, 'x1': 0, 'x2': 0, 'x3': 0, 'x4': 0, 'x5': 1, 'x6': 1, 'x7': 0, 'x8': 1, 'x9': 1, 'x10': 0, 'x11': 1, 'x12': 1, 'x13': 1, 'x14': 1}. Best is trial 10 with value: 0.6949457727900842.
105 0.6949457727900842
[I 2024-11-16 05:29:55,937] Trial 104 finished with value: 0.6949457727900842 and parameters: {'x0': 1, 'x1': 0, 'x2': 0, 'x3': 0, 'x4': 0, 'x5': 1, 'x6': 1, 'x7': 0, 'x8': 1, 'x9': 1, 'x10': 0, 'x11': 1, 'x12': 1, 'x13': 1, 'x14': 1}. Best is trial 10 with value: 0.6949457727900842.
106 0.6949457727900842
[I 2024-11-16 05:48:01,513] Trial 105 finished with value: 0.6949457727900842 and parameters: {'x0': 1, 'x1': 0, 'x2': 0, 'x3': 0, 'x4': 0, 'x5': 1, 'x6': 1, 'x7': 0, 'x8': 1, 'x9': 1, 'x10': 0, 'x11': 1, 'x12': 1, 'x13': 1, 'x14': 1}. Best is trial 10 with value: 0.6949457727900842.
107 0.6949457727900842
[I 2024-11-16 06:08:06,828] Trial 106 finished with value: 0.6918521308765211 and parameters: {'x0': 1, 'x1': 0, 'x2': 1, 'x3': 0, 'x4': 0, 'x5': 1, 'x6': 1, 'x7': 0, 'x8': 1, 'x9': 1, 'x10': 0, 'x11': 1, 'x12': 1, 'x13': 1, 'x14': 1}. Best is trial 10 with value: 0.6949457727900842.
108 0.6949457727900842
[I 2024-11-16 06:23:50,852] Trial 107 finished with value: 0.6918521308765211 and parameters: {'x0': 1, 'x1': 0, 'x2': 0, 'x3': 1, 'x4': 0, 'x5': 1, 'x6': 1, 'x7': 1, 'x8': 1, 'x9': 1, 'x10': 0, 'x11': 1, 'x12': 1, 'x13': 1, 'x14': 1}. Best is trial 10 with value: 0.6949457727900842.
109 0.6949457727900842
[I 2024-11-16 06:39:08,763] Trial 108 finished with value: 0.6949457727900842 and parameters: {'x0': 1, 'x1': 0, 'x2': 0, 'x3': 0, 'x4': 0, 'x5': 1, 'x6': 1, 'x7': 0, 'x8': 1, 'x9': 1, 'x10': 0, 'x11': 1, 'x12': 1, 'x13': 0, 'x14': 1}. Best is trial 10 with value: 0.6949457727900842.
110 0.6949457727900842
[I 2024-11-16 06:57:15,908] Trial 109 finished with value: 0.6949457727900842 and parameters: {'x0': 1, 'x1': 0, 'x2': 0, 'x3': 0, 'x4': 0, 'x5': 1, 'x6': 1, 'x7': 0, 'x8': 1, 'x9': 1, 'x10': 0, 'x11': 1, 'x12': 1, 'x13': 1, 'x14': 1}. Best is trial 10 with value: 0.6949457727900842.
111 0.6949457727900842
[I 2024-11-16 06:57:16,851] Trial 110 pruned.
112 0.6949457727900842
[I 2024-11-16 07:15:26,123] Trial 111 finished with value: 0.6949457727900842 and parameters: {'x0': 1, 'x1': 0, 'x2': 0, 'x3': 0, 'x4': 0, 'x5': 1, 'x6': 1, 'x7': 0, 'x8': 1, 'x9': 1, 'x10': 0, 'x11': 1, 'x12': 1, 'x13': 1, 'x14': 1}. Best is trial 10 with value: 0.6949457727900842.
113 0.6949457727900842
[I 2024-11-16 07:33:31,831] Trial 112 finished with value: 0.6949457727900842 and parameters: {'x0': 1, 'x1': 0, 'x2': 0, 'x3': 0, 'x4': 0, 'x5': 1, 'x6': 1, 'x7': 0, 'x8': 1, 'x9': 1, 'x10': 0, 'x11': 1, 'x12': 1, 'x13': 1, 'x14': 1}. Best is trial 10 with value: 0.6949457727900842.
114 0.6949457727900842
[I 2024-11-16 07:51:37,295] Trial 113 finished with value: 0.6949457727900842 and parameters: {'x0': 1, 'x1': 0, 'x2': 0, 'x3': 0, 'x4': 0, 'x5': 1, 'x6': 1, 'x7': 0, 'x8': 1, 'x9': 1, 'x10': 0, 'x11': 1, 'x12': 1, 'x13': 1, 'x14': 1}. Best is trial 10 with value: 0.6949457727900842.
115 0.6949457727900842
[I 2024-11-16 08:06:44,897] Trial 114 finished with value: 0.6949457727900842 and parameters: {'x0': 1, 'x1': 0, 'x2': 0, 'x3': 0, 'x4': 0, 'x5': 1, 'x6': 1, 'x7': 0, 'x8': 1, 'x9': 1, 'x10': 0, 'x11': 1, 'x12': 0, 'x13': 1, 'x14': 1}. Best is trial 10 with value: 0.6949457727900842.
116 0.6949457727900842
[I 2024-11-16 08:19:43,588] Trial 115 finished with value: 0.6949457727900842 and parameters: {'x0': 1, 'x1': 0, 'x2': 0, 'x3': 0, 'x4': 0, 'x5': 1, 'x6': 1, 'x7': 0, 'x8': 1, 'x9': 0, 'x10': 0, 'x11': 1, 'x12': 1, 'x13': 1, 'x14': 1}. Best is trial 10 with value: 0.6949457727900842.
117 0.6949457727900842
[I 2024-11-16 08:34:36,899] Trial 116 finished with value: 0.6949457727900842 and parameters: {'x0': 0, 'x1': 0, 'x2': 0, 'x3': 0, 'x4': 0, 'x5': 1, 'x6': 1, 'x7': 0, 'x8': 1, 'x9': 1, 'x10': 0, 'x11': 1, 'x12': 1, 'x13': 1, 'x14': 1}. Best is trial 10 with value: 0.6949457727900842.
118 0.6949457727900842
[I 2024-11-16 08:58:13,600] Trial 117 finished with value: 0.6915422885572139 and parameters: {'x0': 1, 'x1': 0, 'x2': 0, 'x3': 0, 'x4': 0, 'x5': 1, 'x6': 1, 'x7': 0, 'x8': 0, 'x9': 1, 'x10': 1, 'x11': 1, 'x12': 1, 'x13': 1, 'x14': 1}. Best is trial 10 with value: 0.6949457727900842.
119 0.6949457727900842
[I 2024-11-16 09:16:27,156] Trial 118 finished with value: 0.6949457727900842 and parameters: {'x0': 1, 'x1': 0, 'x2': 0, 'x3': 0, 'x4': 0, 'x5': 1, 'x6': 1, 'x7': 0, 'x8': 1, 'x9': 1, 'x10': 0, 'x11': 1, 'x12': 1, 'x13': 1, 'x14': 1}. Best is trial 10 with value: 0.6949457727900842.
120 0.6949457727900842
[I 2024-11-16 09:34:40,254] Trial 119 finished with value: 0.6949457727900842 and parameters: {'x0': 1, 'x1': 0, 'x2': 0, 'x3': 0, 'x4': 0, 'x5': 1, 'x6': 1, 'x7': 0, 'x8': 1, 'x9': 1, 'x10': 0, 'x11': 1, 'x12': 1, 'x13': 1, 'x14': 1}. Best is trial 10 with value: 0.6949457727900842.
121 0.6949457727900842
[I 2024-11-16 09:52:55,189] Trial 120 finished with value: 0.6949457727900842 and parameters: {'x0': 1, 'x1': 0, 'x2': 0, 'x3': 0, 'x4': 0, 'x5': 1, 'x6': 1, 'x7': 0, 'x8': 1, 'x9': 1, 'x10': 0, 'x11': 1, 'x12': 1, 'x13': 1, 'x14': 1}. Best is trial 10 with value: 0.6949457727900842.
122 0.6949457727900842
[I 2024-11-16 10:11:08,591] Trial 121 finished with value: 0.6949457727900842 and parameters: {'x0': 1, 'x1': 0, 'x2': 0, 'x3': 0, 'x4': 0, 'x5': 1, 'x6': 1, 'x7': 0, 'x8': 1, 'x9': 1, 'x10': 0, 'x11': 1, 'x12': 1, 'x13': 1, 'x14': 1}. Best is trial 10 with value: 0.6949457727900842.
123 0.6949457727900842
[I 2024-11-16 10:29:21,944] Trial 122 finished with value: 0.6949457727900842 and parameters: {'x0': 1, 'x1': 0, 'x2': 0, 'x3': 0, 'x4': 0, 'x5': 1, 'x6': 1, 'x7': 0, 'x8': 1, 'x9': 1, 'x10': 0, 'x11': 1, 'x12': 1, 'x13': 1, 'x14': 1}. Best is trial 10 with value: 0.6949457727900842.
124 0.6949457727900842
[I 2024-11-16 10:47:36,463] Trial 123 finished with value: 0.6949457727900842 and parameters: {'x0': 1, 'x1': 0, 'x2': 0, 'x3': 0, 'x4': 0, 'x5': 1, 'x6': 1, 'x7': 0, 'x8': 1, 'x9': 1, 'x10': 0, 'x11': 1, 'x12': 1, 'x13': 1, 'x14': 1}. Best is trial 10 with value: 0.6949457727900842.
125 0.6949457727900842
[I 2024-11-16 11:05:50,040] Trial 124 finished with value: 0.6949457727900842 and parameters: {'x0': 1, 'x1': 0, 'x2': 0, 'x3': 0, 'x4': 0, 'x5': 1, 'x6': 1, 'x7': 0, 'x8': 1, 'x9': 1, 'x10': 0, 'x11': 1, 'x12': 1, 'x13': 1, 'x14': 1}. Best is trial 10 with value: 0.6949457727900842.
126 0.6949457727900842
[I 2024-11-16 11:24:03,618] Trial 125 finished with value: 0.6949457727900842 and parameters: {'x0': 1, 'x1': 0, 'x2': 0, 'x3': 0, 'x4': 0, 'x5': 1, 'x6': 1, 'x7': 0, 'x8': 1, 'x9': 1, 'x10': 0, 'x11': 1, 'x12': 1, 'x13': 1, 'x14': 1}. Best is trial 10 with value: 0.6949457727900842.
127 0.6949457727900842
[I 2024-11-16 11:42:38,185] Trial 126 finished with value: 0.6847049941806209 and parameters: {'x0': 1, 'x1': 0, 'x2': 0, 'x3': 0, 'x4': 1, 'x5': 1, 'x6': 1, 'x7': 0, 'x8': 1, 'x9': 1, 'x10': 0, 'x11': 1, 'x12': 1, 'x13': 1, 'x14': 1}. Best is trial 10 with value: 0.6949457727900842.
128 0.6949457727900842
[I 2024-11-16 12:00:52,838] Trial 127 finished with value: 0.6949457727900842 and parameters: {'x0': 1, 'x1': 0, 'x2': 0, 'x3': 0, 'x4': 0, 'x5': 1, 'x6': 1, 'x7': 0, 'x8': 1, 'x9': 1, 'x10': 0, 'x11': 1, 'x12': 1, 'x13': 1, 'x14': 1}. Best is trial 10 with value: 0.6949457727900842.
129 0.6949457727900842
[I 2024-11-16 12:22:52,671] Trial 128 finished with value: 0.6918521308765211 and parameters: {'x0': 1, 'x1': 0, 'x2': 0, 'x3': 0, 'x4': 0, 'x5': 1, 'x6': 1, 'x7': 0, 'x8': 1, 'x9': 0, 'x10': 0, 'x11': 0, 'x12': 1, 'x13': 1, 'x14': 1}. Best is trial 10 with value: 0.6949457727900842.
130 0.6949457727900842
[I 2024-11-16 12:41:06,711] Trial 129 finished with value: 0.6949457727900842 and parameters: {'x0': 1, 'x1': 0, 'x2': 0, 'x3': 0, 'x4': 0, 'x5': 1, 'x6': 1, 'x7': 0, 'x8': 1, 'x9': 1, 'x10': 0, 'x11': 1, 'x12': 1, 'x13': 1, 'x14': 1}. Best is trial 10 with value: 0.6949457727900842.
131 0.6949457727900842
[I 2024-11-16 12:59:21,279] Trial 130 finished with value: 0.6949457727900842 and parameters: {'x0': 1, 'x1': 0, 'x2': 0, 'x3': 0, 'x4': 0, 'x5': 1, 'x6': 1, 'x7': 0, 'x8': 1, 'x9': 1, 'x10': 0, 'x11': 1, 'x12': 1, 'x13': 1, 'x14': 1}. Best is trial 10 with value: 0.6949457727900842.
132 0.6949457727900842
[I 2024-11-16 13:17:37,032] Trial 131 finished with value: 0.6949457727900842 and parameters: {'x0': 1, 'x1': 0, 'x2': 0, 'x3': 0, 'x4': 0, 'x5': 1, 'x6': 1, 'x7': 0, 'x8': 1, 'x9': 1, 'x10': 0, 'x11': 1, 'x12': 1, 'x13': 1, 'x14': 1}. Best is trial 10 with value: 0.6949457727900842.
133 0.6949457727900842
[I 2024-11-16 13:35:53,315] Trial 132 finished with value: 0.6949457727900842 and parameters: {'x0': 1, 'x1': 0, 'x2': 0, 'x3': 0, 'x4': 0, 'x5': 1, 'x6': 1, 'x7': 0, 'x8': 1, 'x9': 1, 'x10': 0, 'x11': 1, 'x12': 1, 'x13': 1, 'x14': 1}. Best is trial 10 with value: 0.6949457727900842.
134 0.6949457727900842
[I 2024-11-16 13:54:06,733] Trial 133 finished with value: 0.6949457727900842 and parameters: {'x0': 1, 'x1': 0, 'x2': 0, 'x3': 0, 'x4': 0, 'x5': 1, 'x6': 1, 'x7': 0, 'x8': 1, 'x9': 1, 'x10': 0, 'x11': 1, 'x12': 1, 'x13': 1, 'x14': 1}. Best is trial 10 with value: 0.6949457727900842.
135 0.6949457727900842
[I 2024-11-16 14:12:20,228] Trial 134 finished with value: 0.6949457727900842 and parameters: {'x0': 1, 'x1': 0, 'x2': 0, 'x3': 0, 'x4': 0, 'x5': 1, 'x6': 1, 'x7': 0, 'x8': 1, 'x9': 1, 'x10': 0, 'x11': 1, 'x12': 1, 'x13': 1, 'x14': 1}. Best is trial 10 with value: 0.6949457727900842.
136 0.6949457727900842
[I 2024-11-16 14:30:35,443] Trial 135 finished with value: 0.6949457727900842 and parameters: {'x0': 1, 'x1': 0, 'x2': 0, 'x3': 0, 'x4': 0, 'x5': 1, 'x6': 1, 'x7': 0, 'x8': 1, 'x9': 1, 'x10': 0, 'x11': 1, 'x12': 1, 'x13': 1, 'x14': 1}. Best is trial 10 with value: 0.6949457727900842.
137 0.6949457727900842
[I 2024-11-16 14:30:36,242] Trial 136 pruned.
138 0.6949457727900842
[I 2024-11-16 14:48:41,850] Trial 137 finished with value: 0.6949457727900842 and parameters: {'x0': 1, 'x1': 0, 'x2': 0, 'x3': 0, 'x4': 0, 'x5': 1, 'x6': 1, 'x7': 0, 'x8': 1, 'x9': 1, 'x10': 0, 'x11': 1, 'x12': 1, 'x13': 1, 'x14': 1}. Best is trial 10 with value: 0.6949457727900842.
139 0.6949457727900842
[I 2024-11-16 15:09:30,416] Trial 138 finished with value: 0.6949457727900842 and parameters: {'x0': 1, 'x1': 0, 'x2': 1, 'x3': 0, 'x4': 0, 'x5': 1, 'x6': 1, 'x7': 1, 'x8': 1, 'x9': 1, 'x10': 0, 'x11': 1, 'x12': 1, 'x13': 1, 'x14': 1}. Best is trial 10 with value: 0.6949457727900842.
140 0.6949457727900842
[I 2024-11-16 15:23:46,391] Trial 139 finished with value: 0.6918521308765211 and parameters: {'x0': 1, 'x1': 0, 'x2': 0, 'x3': 1, 'x4': 0, 'x5': 1, 'x6': 1, 'x7': 0, 'x8': 1, 'x9': 1, 'x10': 0, 'x11': 1, 'x12': 1, 'x13': 1, 'x14': 1}. Best is trial 10 with value: 0.6949457727900842.
141 0.6949457727900842
[I 2024-11-16 15:42:00,211] Trial 140 finished with value: 0.6949457727900842 and parameters: {'x0': 1, 'x1': 0, 'x2': 0, 'x3': 0, 'x4': 0, 'x5': 1, 'x6': 1, 'x7': 0, 'x8': 1, 'x9': 1, 'x10': 0, 'x11': 1, 'x12': 1, 'x13': 1, 'x14': 1}. Best is trial 10 with value: 0.6949457727900842.
142 0.6949457727900842
[I 2024-11-16 16:00:13,878] Trial 141 finished with value: 0.6949457727900842 and parameters: {'x0': 1, 'x1': 0, 'x2': 0, 'x3': 0, 'x4': 0, 'x5': 1, 'x6': 1, 'x7': 0, 'x8': 1, 'x9': 1, 'x10': 0, 'x11': 1, 'x12': 1, 'x13': 1, 'x14': 1}. Best is trial 10 with value: 0.6949457727900842.
143 0.6949457727900842
[I 2024-11-16 16:18:27,584] Trial 142 finished with value: 0.6949457727900842 and parameters: {'x0': 1, 'x1': 0, 'x2': 0, 'x3': 0, 'x4': 0, 'x5': 1, 'x6': 1, 'x7': 0, 'x8': 1, 'x9': 1, 'x10': 0, 'x11': 1, 'x12': 1, 'x13': 1, 'x14': 1}. Best is trial 10 with value: 0.6949457727900842.
144 0.6949457727900842
[I 2024-11-16 16:36:40,882] Trial 143 finished with value: 0.6949457727900842 and parameters: {'x0': 1, 'x1': 0, 'x2': 0, 'x3': 0, 'x4': 0, 'x5': 1, 'x6': 1, 'x7': 0, 'x8': 1, 'x9': 1, 'x10': 0, 'x11': 1, 'x12': 1, 'x13': 1, 'x14': 1}. Best is trial 10 with value: 0.6949457727900842.
145 0.6949457727900842
[I 2024-11-16 16:54:28,357] Trial 144 finished with value: 0.6949457727900842 and parameters: {'x0': 1, 'x1': 0, 'x2': 0, 'x3': 0, 'x4': 0, 'x5': 1, 'x6': 1, 'x7': 0, 'x8': 1, 'x9': 1, 'x10': 0, 'x11': 1, 'x12': 1, 'x13': 0, 'x14': 1}. Best is trial 10 with value: 0.6949457727900842.
146 0.6949457727900842
[I 2024-11-16 16:54:29,162] Trial 145 pruned.
147 0.6949457727900842
[I 2024-11-16 17:12:44,200] Trial 146 finished with value: 0.6949457727900842 and parameters: {'x0': 1, 'x1': 0, 'x2': 0, 'x3': 0, 'x4': 0, 'x5': 1, 'x6': 1, 'x7': 0, 'x8': 1, 'x9': 1, 'x10': 0, 'x11': 1, 'x12': 1, 'x13': 1, 'x14': 1}. Best is trial 10 with value: 0.6949457727900842.
148 0.6949457727900842
[I 2024-11-16 17:26:22,737] Trial 147 finished with value: 0.6949457727900842 and parameters: {'x0': 1, 'x1': 1, 'x2': 0, 'x3': 0, 'x4': 0, 'x5': 1, 'x6': 1, 'x7': 0, 'x8': 1, 'x9': 0, 'x10': 0, 'x11': 1, 'x12': 0, 'x13': 1, 'x14': 1}. Best is trial 10 with value: 0.6949457727900842.
149 0.6949457727900842
[I 2024-11-16 17:41:16,463] Trial 148 finished with value: 0.6949457727900842 and parameters: {'x0': 0, 'x1': 0, 'x2': 0, 'x3': 0, 'x4': 0, 'x5': 1, 'x6': 1, 'x7': 0, 'x8': 1, 'x9': 1, 'x10': 0, 'x11': 1, 'x12': 1, 'x13': 1, 'x14': 1}. Best is trial 10 with value: 0.6949457727900842.
150 0.6949457727900842
[I 2024-11-16 18:04:53,469] Trial 149 finished with value: 0.6915422885572139 and parameters: {'x0': 1, 'x1': 0, 'x2': 0, 'x3': 0, 'x4': 0, 'x5': 1, 'x6': 1, 'x7': 0, 'x8': 0, 'x9': 1, 'x10': 1, 'x11': 1, 'x12': 1, 'x13': 1, 'x14': 1}. Best is trial 10 with value: 0.6949457727900842.
151 0.6949457727900842
[I 2024-11-16 18:23:08,142] Trial 150 finished with value: 0.6949457727900842 and parameters: {'x0': 1, 'x1': 0, 'x2': 0, 'x3': 0, 'x4': 0, 'x5': 1, 'x6': 1, 'x7': 0, 'x8': 1, 'x9': 1, 'x10': 0, 'x11': 1, 'x12': 1, 'x13': 1, 'x14': 1}. Best is trial 10 with value: 0.6949457727900842.
152 0.6949457727900842
