/mnt/Gbenga_Enemy/ramy/results/Best_Q_Best_Dict.json
Based on the following questions and their answers, determine if there is evidence of an ephemeral gully in the observed area. Carefully analyze all the questions and the responses to assess.

Q: Given these six images of the exact same area and collected over a period of 10 years, do you see a low point in the terrain? Answer with yes or no only!
A: No.
Q: Given these six images of the exact same area and collected over a period of 10 years, are there indications of nearby human activity, such as tillage or machinery tracks? Answer with yes or no only!
A: No.

After considering these responses, provide a clear conclusion: Is there evidence of an ephemeral gully? Answer with yes or no only.
[I 2024-11-15 02:36:09,567] A new study created in memory with name: no-name-e3651763-06bd-41fa-acdc-9145dde0b88f
1 0
Got new best 0.6877753997230265 0.6477550214574437
[I 2024-11-15 02:40:10,266] Trial 0 finished with value: 0.6877753997230265 and parameters: {'x0': 0, 'x1': 1, 'x2': 1, 'x3': 1, 'x4': 1, 'x5': 0, 'x6': 1, 'x7': 0, 'x8': 0, 'x9': 0, 'x10': 1, 'x11': 0, 'x12': 0, 'x13': 0, 'x14': 0}. Best is trial 0 with value: 0.6877753997230265.
2 0.6877753997230265
[I 2024-11-15 02:45:53,159] Trial 1 finished with value: 0.47403181543857253 and parameters: {'x0': 1, 'x1': 1, 'x2': 1, 'x3': 1, 'x4': 0, 'x5': 1, 'x6': 0, 'x7': 0, 'x8': 1, 'x9': 0, 'x10': 1, 'x11': 0, 'x12': 0, 'x13': 1, 'x14': 0}. Best is trial 0 with value: 0.6877753997230265.
3 0.6877753997230265
[I 2024-11-15 02:50:53,047] Trial 2 finished with value: 0.4972004976892997 and parameters: {'x0': 0, 'x1': 1, 'x2': 1, 'x3': 1, 'x4': 1, 'x5': 0, 'x6': 0, 'x7': 1, 'x8': 0, 'x9': 0, 'x10': 1, 'x11': 1, 'x12': 1, 'x13': 0, 'x14': 0}. Best is trial 0 with value: 0.6877753997230265.
4 0.6877753997230265
[I 2024-11-15 02:50:53,051] Trial 3 finished with value: 0.0 and parameters: {'x0': 0, 'x1': 0, 'x2': 0, 'x3': 1, 'x4': 0, 'x5': 0, 'x6': 0, 'x7': 0, 'x8': 0, 'x9': 1, 'x10': 0, 'x11': 1, 'x12': 0, 'x13': 0, 'x14': 0}. Best is trial 0 with value: 0.6877753997230265.
5 0.6877753997230265
Got new best 0.6918521308765211 0.645242243238759
[I 2024-11-15 03:41:08,581] Trial 4 finished with value: 0.6918521308765211 and parameters: {'x0': 1, 'x1': 1, 'x2': 1, 'x3': 1, 'x4': 0, 'x5': 1, 'x6': 1, 'x7': 1, 'x8': 1, 'x9': 1, 'x10': 1, 'x11': 0, 'x12': 1, 'x13': 1, 'x14': 1}. Best is trial 4 with value: 0.6918521308765211.
6 0.6918521308765211
[I 2024-11-15 03:41:09,728] Trial 5 pruned.
7 0.6918521308765211
[I 2024-11-15 03:41:10,924] Trial 6 pruned.
8 0.6918521308765211
[I 2024-11-15 03:41:11,578] Trial 7 pruned.
9 0.6918521308765211
[I 2024-11-15 03:41:12,460] Trial 8 pruned.
10 0.6918521308765211
[I 2024-11-15 03:56:37,661] Trial 9 finished with value: 0.6843342886236471 and parameters: {'x0': 1, 'x1': 1, 'x2': 1, 'x3': 0, 'x4': 1, 'x5': 1, 'x6': 1, 'x7': 1, 'x8': 1, 'x9': 0, 'x10': 0, 'x11': 0, 'x12': 0, 'x13': 0, 'x14': 1}. Best is trial 4 with value: 0.6918521308765211.
11 0.6918521308765211
Got new best 0.6949457727900842 0.6325858066655613
[I 2024-11-15 04:31:16,463] Trial 10 finished with value: 0.6949457727900842 and parameters: {'x0': 1, 'x1': 0, 'x2': 0, 'x3': 0, 'x4': 0, 'x5': 1, 'x6': 1, 'x7': 0, 'x8': 1, 'x9': 1, 'x10': 0, 'x11': 1, 'x12': 1, 'x13': 1, 'x14': 1}. Best is trial 10 with value: 0.6949457727900842.
12 0.6949457727900842
[I 2024-11-15 04:49:24,827] Trial 11 finished with value: 0.6949457727900842 and parameters: {'x0': 1, 'x1': 0, 'x2': 0, 'x3': 0, 'x4': 0, 'x5': 1, 'x6': 1, 'x7': 0, 'x8': 1, 'x9': 1, 'x10': 0, 'x11': 1, 'x12': 1, 'x13': 1, 'x14': 1}. Best is trial 10 with value: 0.6949457727900842.
13 0.6949457727900842
[I 2024-11-15 05:07:31,755] Trial 12 finished with value: 0.6949457727900842 and parameters: {'x0': 1, 'x1': 0, 'x2': 0, 'x3': 0, 'x4': 0, 'x5': 1, 'x6': 1, 'x7': 0, 'x8': 1, 'x9': 1, 'x10': 0, 'x11': 1, 'x12': 1, 'x13': 1, 'x14': 1}. Best is trial 10 with value: 0.6949457727900842.
14 0.6949457727900842
[I 2024-11-15 05:25:39,180] Trial 13 finished with value: 0.6949457727900842 and parameters: {'x0': 1, 'x1': 0, 'x2': 0, 'x3': 0, 'x4': 0, 'x5': 1, 'x6': 1, 'x7': 0, 'x8': 1, 'x9': 1, 'x10': 0, 'x11': 1, 'x12': 1, 'x13': 1, 'x14': 1}. Best is trial 10 with value: 0.6949457727900842.
15 0.6949457727900842
[I 2024-11-15 05:43:46,271] Trial 14 finished with value: 0.6949457727900842 and parameters: {'x0': 1, 'x1': 0, 'x2': 0, 'x3': 0, 'x4': 0, 'x5': 1, 'x6': 1, 'x7': 0, 'x8': 1, 'x9': 1, 'x10': 0, 'x11': 1, 'x12': 1, 'x13': 1, 'x14': 1}. Best is trial 10 with value: 0.6949457727900842.
16 0.6949457727900842
[I 2024-11-15 06:01:54,206] Trial 15 finished with value: 0.6949457727900842 and parameters: {'x0': 1, 'x1': 0, 'x2': 0, 'x3': 0, 'x4': 0, 'x5': 1, 'x6': 1, 'x7': 0, 'x8': 1, 'x9': 1, 'x10': 0, 'x11': 1, 'x12': 1, 'x13': 1, 'x14': 1}. Best is trial 10 with value: 0.6949457727900842.
17 0.6949457727900842
[I 2024-11-15 06:20:02,595] Trial 16 finished with value: 0.6949457727900842 and parameters: {'x0': 1, 'x1': 0, 'x2': 0, 'x3': 0, 'x4': 0, 'x5': 1, 'x6': 1, 'x7': 0, 'x8': 1, 'x9': 1, 'x10': 0, 'x11': 1, 'x12': 1, 'x13': 1, 'x14': 1}. Best is trial 10 with value: 0.6949457727900842.
18 0.6949457727900842
[I 2024-11-15 06:35:41,441] Trial 17 finished with value: 0.6949457727900842 and parameters: {'x0': 1, 'x1': 0, 'x2': 0, 'x3': 0, 'x4': 0, 'x5': 1, 'x6': 1, 'x7': 0, 'x8': 1, 'x9': 0, 'x10': 0, 'x11': 1, 'x12': 1, 'x13': 1, 'x14': 1}. Best is trial 10 with value: 0.6949457727900842.
19 0.6949457727900842
[I 2024-11-15 06:53:49,289] Trial 18 finished with value: 0.6949457727900842 and parameters: {'x0': 1, 'x1': 0, 'x2': 0, 'x3': 0, 'x4': 0, 'x5': 1, 'x6': 1, 'x7': 0, 'x8': 1, 'x9': 1, 'x10': 0, 'x11': 1, 'x12': 1, 'x13': 1, 'x14': 1}. Best is trial 10 with value: 0.6949457727900842.
20 0.6949457727900842
[I 2024-11-15 07:11:55,930] Trial 19 finished with value: 0.6949457727900842 and parameters: {'x0': 1, 'x1': 0, 'x2': 0, 'x3': 0, 'x4': 0, 'x5': 1, 'x6': 1, 'x7': 0, 'x8': 1, 'x9': 1, 'x10': 0, 'x11': 1, 'x12': 1, 'x13': 1, 'x14': 1}. Best is trial 10 with value: 0.6949457727900842.
21 0.6949457727900842
[I 2024-11-15 07:19:26,716] Trial 20 finished with value: 0.6847049941806209 and parameters: {'x0': 0, 'x1': 0, 'x2': 0, 'x3': 0, 'x4': 1, 'x5': 1, 'x6': 1, 'x7': 0, 'x8': 0, 'x9': 0, 'x10': 0, 'x11': 1, 'x12': 0, 'x13': 1, 'x14': 0}. Best is trial 10 with value: 0.6949457727900842.
22 0.6949457727900842
[I 2024-11-15 07:37:34,498] Trial 21 finished with value: 0.6949457727900842 and parameters: {'x0': 1, 'x1': 0, 'x2': 0, 'x3': 0, 'x4': 0, 'x5': 1, 'x6': 1, 'x7': 0, 'x8': 1, 'x9': 1, 'x10': 0, 'x11': 1, 'x12': 1, 'x13': 1, 'x14': 1}. Best is trial 10 with value: 0.6949457727900842.
23 0.6949457727900842
[I 2024-11-15 07:55:41,493] Trial 22 finished with value: 0.6949457727900842 and parameters: {'x0': 1, 'x1': 0, 'x2': 0, 'x3': 0, 'x4': 0, 'x5': 1, 'x6': 1, 'x7': 0, 'x8': 1, 'x9': 1, 'x10': 0, 'x11': 1, 'x12': 1, 'x13': 1, 'x14': 1}. Best is trial 10 with value: 0.6949457727900842.
24 0.6949457727900842
[I 2024-11-15 08:13:47,923] Trial 23 finished with value: 0.6949457727900842 and parameters: {'x0': 1, 'x1': 0, 'x2': 0, 'x3': 0, 'x4': 0, 'x5': 1, 'x6': 1, 'x7': 0, 'x8': 1, 'x9': 1, 'x10': 0, 'x11': 1, 'x12': 1, 'x13': 1, 'x14': 1}. Best is trial 10 with value: 0.6949457727900842.
25 0.6949457727900842
[I 2024-11-15 08:31:55,885] Trial 24 finished with value: 0.6949457727900842 and parameters: {'x0': 1, 'x1': 0, 'x2': 0, 'x3': 0, 'x4': 0, 'x5': 1, 'x6': 1, 'x7': 0, 'x8': 1, 'x9': 1, 'x10': 0, 'x11': 1, 'x12': 1, 'x13': 1, 'x14': 1}. Best is trial 10 with value: 0.6949457727900842.
26 0.6949457727900842
[I 2024-11-15 08:50:02,776] Trial 25 finished with value: 0.6949457727900842 and parameters: {'x0': 1, 'x1': 0, 'x2': 0, 'x3': 0, 'x4': 0, 'x5': 1, 'x6': 1, 'x7': 0, 'x8': 1, 'x9': 1, 'x10': 0, 'x11': 1, 'x12': 1, 'x13': 1, 'x14': 1}. Best is trial 10 with value: 0.6949457727900842.
27 0.6949457727900842
[I 2024-11-15 09:08:09,758] Trial 26 finished with value: 0.6949457727900842 and parameters: {'x0': 1, 'x1': 0, 'x2': 0, 'x3': 0, 'x4': 0, 'x5': 1, 'x6': 1, 'x7': 0, 'x8': 1, 'x9': 1, 'x10': 0, 'x11': 1, 'x12': 1, 'x13': 1, 'x14': 1}. Best is trial 10 with value: 0.6949457727900842.
28 0.6949457727900842
[I 2024-11-15 09:26:17,581] Trial 27 finished with value: 0.6949457727900842 and parameters: {'x0': 1, 'x1': 0, 'x2': 0, 'x3': 0, 'x4': 0, 'x5': 1, 'x6': 1, 'x7': 0, 'x8': 1, 'x9': 1, 'x10': 0, 'x11': 1, 'x12': 1, 'x13': 1, 'x14': 1}. Best is trial 10 with value: 0.6949457727900842.
29 0.6949457727900842
[I 2024-11-15 09:44:24,862] Trial 28 finished with value: 0.6949457727900842 and parameters: {'x0': 1, 'x1': 0, 'x2': 0, 'x3': 0, 'x4': 0, 'x5': 1, 'x6': 1, 'x7': 0, 'x8': 1, 'x9': 1, 'x10': 0, 'x11': 1, 'x12': 1, 'x13': 1, 'x14': 1}. Best is trial 10 with value: 0.6949457727900842.
30 0.6949457727900842
[I 2024-11-15 09:44:24,920] Trial 29 finished with value: 0.0 and parameters: {'x0': 0, 'x1': 0, 'x2': 0, 'x3': 0, 'x4': 1, 'x5': 0, 'x6': 1, 'x7': 0, 'x8': 0, 'x9': 0, 'x10': 0, 'x11': 1, 'x12': 0, 'x13': 0, 'x14': 0}. Best is trial 10 with value: 0.6949457727900842.
31 0.6949457727900842
[I 2024-11-15 10:02:31,498] Trial 30 finished with value: 0.6949457727900842 and parameters: {'x0': 1, 'x1': 0, 'x2': 0, 'x3': 0, 'x4': 0, 'x5': 1, 'x6': 1, 'x7': 0, 'x8': 1, 'x9': 1, 'x10': 0, 'x11': 1, 'x12': 1, 'x13': 1, 'x14': 1}. Best is trial 10 with value: 0.6949457727900842.
32 0.6949457727900842
[I 2024-11-15 10:20:42,219] Trial 31 finished with value: 0.6949457727900842 and parameters: {'x0': 1, 'x1': 0, 'x2': 0, 'x3': 0, 'x4': 0, 'x5': 1, 'x6': 1, 'x7': 0, 'x8': 1, 'x9': 1, 'x10': 0, 'x11': 1, 'x12': 1, 'x13': 1, 'x14': 1}. Best is trial 10 with value: 0.6949457727900842.
33 0.6949457727900842
[I 2024-11-15 10:38:49,094] Trial 32 finished with value: 0.6949457727900842 and parameters: {'x0': 1, 'x1': 0, 'x2': 0, 'x3': 0, 'x4': 0, 'x5': 1, 'x6': 1, 'x7': 0, 'x8': 1, 'x9': 1, 'x10': 0, 'x11': 1, 'x12': 1, 'x13': 1, 'x14': 1}. Best is trial 10 with value: 0.6949457727900842.
34 0.6949457727900842
[I 2024-11-15 10:56:56,823] Trial 33 finished with value: 0.6949457727900842 and parameters: {'x0': 1, 'x1': 0, 'x2': 0, 'x3': 0, 'x4': 0, 'x5': 1, 'x6': 1, 'x7': 0, 'x8': 1, 'x9': 1, 'x10': 0, 'x11': 1, 'x12': 1, 'x13': 1, 'x14': 1}. Best is trial 10 with value: 0.6949457727900842.
35 0.6949457727900842
[I 2024-11-15 10:56:57,689] Trial 34 pruned.
36 0.6949457727900842
[I 2024-11-15 11:17:49,419] Trial 35 finished with value: 0.6915422885572139 and parameters: {'x0': 1, 'x1': 0, 'x2': 0, 'x3': 0, 'x4': 0, 'x5': 1, 'x6': 1, 'x7': 0, 'x8': 1, 'x9': 0, 'x10': 1, 'x11': 1, 'x12': 1, 'x13': 1, 'x14': 1}. Best is trial 10 with value: 0.6949457727900842.
37 0.6949457727900842
[I 2024-11-15 11:32:00,339] Trial 36 finished with value: 0.6918521308765211 and parameters: {'x0': 1, 'x1': 0, 'x2': 0, 'x3': 0, 'x4': 0, 'x5': 0, 'x6': 1, 'x7': 0, 'x8': 1, 'x9': 1, 'x10': 0, 'x11': 0, 'x12': 0, 'x13': 1, 'x14': 1}. Best is trial 10 with value: 0.6949457727900842.
38 0.6949457727900842
[I 2024-11-15 11:32:01,190] Trial 37 pruned.
39 0.6949457727900842
[I 2024-11-15 11:32:02,697] Trial 38 pruned.
40 0.6949457727900842
[I 2024-11-15 11:32:03,391] Trial 39 pruned.
41 0.6949457727900842
[I 2024-11-15 11:52:10,207] Trial 40 finished with value: 0.6915422885572139 and parameters: {'x0': 1, 'x1': 0, 'x2': 1, 'x3': 0, 'x4': 0, 'x5': 1, 'x6': 1, 'x7': 1, 'x8': 0, 'x9': 1, 'x10': 1, 'x11': 1, 'x12': 1, 'x13': 1, 'x14': 1}. Best is trial 10 with value: 0.6949457727900842.
42 0.6949457727900842
[I 2024-11-15 12:10:22,995] Trial 41 finished with value: 0.6949457727900842 and parameters: {'x0': 1, 'x1': 0, 'x2': 0, 'x3': 0, 'x4': 0, 'x5': 1, 'x6': 1, 'x7': 0, 'x8': 1, 'x9': 1, 'x10': 0, 'x11': 1, 'x12': 1, 'x13': 1, 'x14': 1}. Best is trial 10 with value: 0.6949457727900842.
43 0.6949457727900842
[I 2024-11-15 12:28:35,039] Trial 42 finished with value: 0.6949457727900842 and parameters: {'x0': 1, 'x1': 0, 'x2': 0, 'x3': 0, 'x4': 0, 'x5': 1, 'x6': 1, 'x7': 0, 'x8': 1, 'x9': 1, 'x10': 0, 'x11': 1, 'x12': 1, 'x13': 1, 'x14': 1}. Best is trial 10 with value: 0.6949457727900842.
44 0.6949457727900842
[I 2024-11-15 12:46:47,221] Trial 43 finished with value: 0.6949457727900842 and parameters: {'x0': 1, 'x1': 0, 'x2': 0, 'x3': 0, 'x4': 0, 'x5': 1, 'x6': 1, 'x7': 0, 'x8': 1, 'x9': 1, 'x10': 0, 'x11': 1, 'x12': 1, 'x13': 1, 'x14': 1}. Best is trial 10 with value: 0.6949457727900842.
45 0.6949457727900842
[I 2024-11-15 13:04:58,318] Trial 44 finished with value: 0.6949457727900842 and parameters: {'x0': 1, 'x1': 0, 'x2': 0, 'x3': 0, 'x4': 0, 'x5': 1, 'x6': 1, 'x7': 0, 'x8': 1, 'x9': 1, 'x10': 0, 'x11': 1, 'x12': 1, 'x13': 1, 'x14': 1}. Best is trial 10 with value: 0.6949457727900842.
46 0.6949457727900842
[I 2024-11-15 13:20:10,618] Trial 45 finished with value: 0.6918521308765211 and parameters: {'x0': 1, 'x1': 1, 'x2': 0, 'x3': 0, 'x4': 0, 'x5': 1, 'x6': 1, 'x7': 0, 'x8': 1, 'x9': 1, 'x10': 0, 'x11': 1, 'x12': 1, 'x13': 1, 'x14': 1}. Best is trial 10 with value: 0.6949457727900842.
47 0.6949457727900842
[I 2024-11-15 13:38:14,915] Trial 46 finished with value: 0.6949457727900842 and parameters: {'x0': 1, 'x1': 0, 'x2': 0, 'x3': 0, 'x4': 0, 'x5': 1, 'x6': 1, 'x7': 0, 'x8': 1, 'x9': 1, 'x10': 0, 'x11': 1, 'x12': 1, 'x13': 1, 'x14': 1}. Best is trial 10 with value: 0.6949457727900842.
48 0.6949457727900842
[I 2024-11-15 13:55:55,477] Trial 47 finished with value: 0.6918521308765211 and parameters: {'x0': 1, 'x1': 0, 'x2': 0, 'x3': 0, 'x4': 0, 'x5': 1, 'x6': 1, 'x7': 0, 'x8': 1, 'x9': 1, 'x10': 0, 'x11': 0, 'x12': 1, 'x13': 1, 'x14': 1}. Best is trial 10 with value: 0.6949457727900842.
49 0.6949457727900842
[I 2024-11-15 13:55:57,008] Trial 48 pruned.
50 0.6949457727900842
[I 2024-11-15 13:55:57,941] Trial 49 pruned.
51 0.6949457727900842
[I 2024-11-15 13:55:58,735] Trial 50 pruned.
52 0.6949457727900842
[I 2024-11-15 14:14:11,948] Trial 51 finished with value: 0.6949457727900842 and parameters: {'x0': 1, 'x1': 0, 'x2': 0, 'x3': 0, 'x4': 0, 'x5': 1, 'x6': 1, 'x7': 0, 'x8': 1, 'x9': 1, 'x10': 0, 'x11': 1, 'x12': 1, 'x13': 1, 'x14': 1}. Best is trial 10 with value: 0.6949457727900842.
53 0.6949457727900842
[I 2024-11-15 14:32:24,692] Trial 52 finished with value: 0.6949457727900842 and parameters: {'x0': 1, 'x1': 0, 'x2': 0, 'x3': 0, 'x4': 0, 'x5': 1, 'x6': 1, 'x7': 0, 'x8': 1, 'x9': 1, 'x10': 0, 'x11': 1, 'x12': 1, 'x13': 1, 'x14': 1}. Best is trial 10 with value: 0.6949457727900842.
54 0.6949457727900842
[I 2024-11-15 14:50:37,840] Trial 53 finished with value: 0.6949457727900842 and parameters: {'x0': 1, 'x1': 0, 'x2': 0, 'x3': 0, 'x4': 0, 'x5': 1, 'x6': 1, 'x7': 0, 'x8': 1, 'x9': 1, 'x10': 0, 'x11': 1, 'x12': 1, 'x13': 1, 'x14': 1}. Best is trial 10 with value: 0.6949457727900842.
55 0.6949457727900842
[I 2024-11-15 15:08:51,123] Trial 54 finished with value: 0.6949457727900842 and parameters: {'x0': 1, 'x1': 0, 'x2': 0, 'x3': 0, 'x4': 0, 'x5': 1, 'x6': 1, 'x7': 0, 'x8': 1, 'x9': 1, 'x10': 0, 'x11': 1, 'x12': 1, 'x13': 1, 'x14': 1}. Best is trial 10 with value: 0.6949457727900842.
56 0.6949457727900842
[I 2024-11-15 15:27:04,103] Trial 55 finished with value: 0.6949457727900842 and parameters: {'x0': 1, 'x1': 0, 'x2': 0, 'x3': 0, 'x4': 0, 'x5': 1, 'x6': 1, 'x7': 0, 'x8': 1, 'x9': 1, 'x10': 0, 'x11': 1, 'x12': 1, 'x13': 1, 'x14': 1}. Best is trial 10 with value: 0.6949457727900842.
57 0.6949457727900842
[I 2024-11-15 15:45:17,485] Trial 56 finished with value: 0.6949457727900842 and parameters: {'x0': 1, 'x1': 0, 'x2': 0, 'x3': 0, 'x4': 0, 'x5': 1, 'x6': 1, 'x7': 0, 'x8': 1, 'x9': 1, 'x10': 0, 'x11': 1, 'x12': 1, 'x13': 1, 'x14': 1}. Best is trial 10 with value: 0.6949457727900842.
58 0.6949457727900842
[I 2024-11-15 16:03:31,470] Trial 57 finished with value: 0.6949457727900842 and parameters: {'x0': 1, 'x1': 0, 'x2': 0, 'x3': 0, 'x4': 0, 'x5': 1, 'x6': 1, 'x7': 0, 'x8': 1, 'x9': 1, 'x10': 0, 'x11': 1, 'x12': 1, 'x13': 1, 'x14': 1}. Best is trial 10 with value: 0.6949457727900842.
59 0.6949457727900842
[I 2024-11-15 16:21:45,124] Trial 58 finished with value: 0.6949457727900842 and parameters: {'x0': 1, 'x1': 0, 'x2': 0, 'x3': 0, 'x4': 0, 'x5': 1, 'x6': 1, 'x7': 0, 'x8': 1, 'x9': 1, 'x10': 0, 'x11': 1, 'x12': 1, 'x13': 1, 'x14': 1}. Best is trial 10 with value: 0.6949457727900842.
60 0.6949457727900842
[I 2024-11-15 16:39:59,568] Trial 59 finished with value: 0.6949457727900842 and parameters: {'x0': 1, 'x1': 0, 'x2': 0, 'x3': 0, 'x4': 0, 'x5': 1, 'x6': 1, 'x7': 0, 'x8': 1, 'x9': 1, 'x10': 0, 'x11': 1, 'x12': 1, 'x13': 1, 'x14': 1}. Best is trial 10 with value: 0.6949457727900842.
61 0.6949457727900842
[I 2024-11-15 16:52:57,324] Trial 60 finished with value: 0.6949457727900842 and parameters: {'x0': 0, 'x1': 0, 'x2': 0, 'x3': 0, 'x4': 0, 'x5': 1, 'x6': 1, 'x7': 0, 'x8': 0, 'x9': 1, 'x10': 0, 'x11': 1, 'x12': 0, 'x13': 1, 'x14': 1}. Best is trial 10 with value: 0.6949457727900842.
62 0.6949457727900842
[I 2024-11-15 17:11:10,374] Trial 61 finished with value: 0.6949457727900842 and parameters: {'x0': 1, 'x1': 0, 'x2': 0, 'x3': 0, 'x4': 0, 'x5': 1, 'x6': 1, 'x7': 0, 'x8': 1, 'x9': 1, 'x10': 0, 'x11': 1, 'x12': 1, 'x13': 1, 'x14': 1}. Best is trial 10 with value: 0.6949457727900842.
63 0.6949457727900842
[I 2024-11-15 17:29:25,238] Trial 62 finished with value: 0.6949457727900842 and parameters: {'x0': 1, 'x1': 0, 'x2': 0, 'x3': 0, 'x4': 0, 'x5': 1, 'x6': 1, 'x7': 0, 'x8': 1, 'x9': 1, 'x10': 0, 'x11': 1, 'x12': 1, 'x13': 1, 'x14': 1}. Best is trial 10 with value: 0.6949457727900842.
64 0.6949457727900842
[I 2024-11-15 17:47:39,322] Trial 63 finished with value: 0.6949457727900842 and parameters: {'x0': 1, 'x1': 0, 'x2': 0, 'x3': 0, 'x4': 0, 'x5': 1, 'x6': 1, 'x7': 0, 'x8': 1, 'x9': 1, 'x10': 0, 'x11': 1, 'x12': 1, 'x13': 1, 'x14': 1}. Best is trial 10 with value: 0.6949457727900842.
65 0.6949457727900842
[I 2024-11-15 18:05:53,620] Trial 64 finished with value: 0.6949457727900842 and parameters: {'x0': 1, 'x1': 0, 'x2': 0, 'x3': 0, 'x4': 0, 'x5': 1, 'x6': 1, 'x7': 0, 'x8': 1, 'x9': 1, 'x10': 0, 'x11': 1, 'x12': 1, 'x13': 1, 'x14': 1}. Best is trial 10 with value: 0.6949457727900842.
66 0.6949457727900842
[I 2024-11-15 18:24:14,031] Trial 65 finished with value: 0.6949457727900842 and parameters: {'x0': 1, 'x1': 0, 'x2': 0, 'x3': 0, 'x4': 0, 'x5': 1, 'x6': 1, 'x7': 0, 'x8': 1, 'x9': 1, 'x10': 0, 'x11': 1, 'x12': 1, 'x13': 1, 'x14': 1}. Best is trial 10 with value: 0.6949457727900842.
67 0.6949457727900842
[I 2024-11-15 18:42:36,318] Trial 66 finished with value: 0.6949457727900842 and parameters: {'x0': 1, 'x1': 0, 'x2': 0, 'x3': 0, 'x4': 0, 'x5': 1, 'x6': 1, 'x7': 0, 'x8': 1, 'x9': 1, 'x10': 0, 'x11': 1, 'x12': 1, 'x13': 1, 'x14': 1}. Best is trial 10 with value: 0.6949457727900842.
68 0.6949457727900842
[I 2024-11-15 18:58:22,095] Trial 67 finished with value: 0.6949457727900842 and parameters: {'x0': 1, 'x1': 0, 'x2': 0, 'x3': 0, 'x4': 0, 'x5': 1, 'x6': 1, 'x7': 0, 'x8': 1, 'x9': 0, 'x10': 0, 'x11': 1, 'x12': 1, 'x13': 1, 'x14': 1}. Best is trial 10 with value: 0.6949457727900842.
69 0.6949457727900842
[I 2024-11-15 19:16:55,953] Trial 68 finished with value: 0.6847049941806209 and parameters: {'x0': 1, 'x1': 0, 'x2': 0, 'x3': 0, 'x4': 1, 'x5': 1, 'x6': 1, 'x7': 0, 'x8': 1, 'x9': 1, 'x10': 0, 'x11': 1, 'x12': 1, 'x13': 1, 'x14': 1}. Best is trial 10 with value: 0.6949457727900842.
70 0.6949457727900842
[I 2024-11-15 19:35:12,733] Trial 69 finished with value: 0.6949457727900842 and parameters: {'x0': 1, 'x1': 0, 'x2': 0, 'x3': 0, 'x4': 0, 'x5': 1, 'x6': 1, 'x7': 0, 'x8': 1, 'x9': 1, 'x10': 0, 'x11': 1, 'x12': 1, 'x13': 1, 'x14': 1}. Best is trial 10 with value: 0.6949457727900842.
71 0.6949457727900842
[I 2024-11-15 19:52:53,362] Trial 70 finished with value: 0.6918521308765211 and parameters: {'x0': 1, 'x1': 0, 'x2': 0, 'x3': 0, 'x4': 0, 'x5': 1, 'x6': 1, 'x7': 0, 'x8': 1, 'x9': 1, 'x10': 0, 'x11': 0, 'x12': 1, 'x13': 1, 'x14': 1}. Best is trial 10 with value: 0.6949457727900842.
72 0.6949457727900842
[I 2024-11-15 20:08:35,613] Trial 71 finished with value: 0.6949457727900842 and parameters: {'x0': 1, 'x1': 0, 'x2': 0, 'x3': 0, 'x4': 0, 'x5': 1, 'x6': 1, 'x7': 0, 'x8': 1, 'x9': 0, 'x10': 0, 'x11': 1, 'x12': 1, 'x13': 1, 'x14': 1}. Best is trial 10 with value: 0.6949457727900842.
73 0.6949457727900842
[I 2024-11-15 20:24:21,843] Trial 72 finished with value: 0.6949457727900842 and parameters: {'x0': 1, 'x1': 0, 'x2': 0, 'x3': 0, 'x4': 0, 'x5': 1, 'x6': 1, 'x7': 0, 'x8': 1, 'x9': 0, 'x10': 0, 'x11': 1, 'x12': 1, 'x13': 1, 'x14': 1}. Best is trial 10 with value: 0.6949457727900842.
74 0.6949457727900842
[I 2024-11-15 20:40:08,370] Trial 73 finished with value: 0.6949457727900842 and parameters: {'x0': 1, 'x1': 0, 'x2': 0, 'x3': 0, 'x4': 0, 'x5': 1, 'x6': 1, 'x7': 0, 'x8': 1, 'x9': 0, 'x10': 0, 'x11': 1, 'x12': 1, 'x13': 1, 'x14': 1}. Best is trial 10 with value: 0.6949457727900842.
75 0.6949457727900842
[I 2024-11-15 20:55:54,293] Trial 74 finished with value: 0.6949457727900842 and parameters: {'x0': 1, 'x1': 0, 'x2': 0, 'x3': 0, 'x4': 0, 'x5': 1, 'x6': 1, 'x7': 0, 'x8': 1, 'x9': 0, 'x10': 0, 'x11': 1, 'x12': 1, 'x13': 1, 'x14': 1}. Best is trial 10 with value: 0.6949457727900842.
76 0.6949457727900842
[I 2024-11-15 21:14:09,679] Trial 75 finished with value: 0.6949457727900842 and parameters: {'x0': 1, 'x1': 0, 'x2': 0, 'x3': 0, 'x4': 0, 'x5': 1, 'x6': 1, 'x7': 0, 'x8': 1, 'x9': 1, 'x10': 0, 'x11': 1, 'x12': 1, 'x13': 1, 'x14': 1}. Best is trial 10 with value: 0.6949457727900842.
77 0.6949457727900842
[I 2024-11-15 21:32:22,282] Trial 76 finished with value: 0.6949457727900842 and parameters: {'x0': 1, 'x1': 0, 'x2': 0, 'x3': 0, 'x4': 0, 'x5': 1, 'x6': 1, 'x7': 0, 'x8': 1, 'x9': 1, 'x10': 0, 'x11': 1, 'x12': 1, 'x13': 1, 'x14': 1}. Best is trial 10 with value: 0.6949457727900842.
78 0.6949457727900842
