[I 2024-11-18 11:27:56,513] Trial 271 finished with value: 0.6913694684472375 and parameters: {'x0': 0, 'x1': 0, 'x2': 1, 'x3': 0, 'x4': 0, 'x5': 1, 'x6': 1, 'x7': 0, 'x8': 0, 'x9': 0, 'x10': 0, 'x11': 1, 'x12': 0, 'x13': 0, 'x14': 0}. Best is trial 87 with value: 0.6913694684472375.
273 0.6913694684472375
[I 2024-11-18 11:29:55,985] Trial 272 finished with value: 0.6913694684472375 and parameters: {'x0': 0, 'x1': 0, 'x2': 1, 'x3': 0, 'x4': 0, 'x5': 1, 'x6': 1, 'x7': 0, 'x8': 0, 'x9': 0, 'x10': 0, 'x11': 1, 'x12': 0, 'x13': 0, 'x14': 0}. Best is trial 87 with value: 0.6913694684472375.
274 0.6913694684472375
[I 2024-11-18 11:29:56,376] Trial 273 pruned.
275 0.6913694684472375
[I 2024-11-18 11:31:55,991] Trial 274 finished with value: 0.6913694684472375 and parameters: {'x0': 0, 'x1': 0, 'x2': 1, 'x3': 0, 'x4': 0, 'x5': 1, 'x6': 1, 'x7': 0, 'x8': 0, 'x9': 0, 'x10': 0, 'x11': 1, 'x12': 0, 'x13': 0, 'x14': 0}. Best is trial 87 with value: 0.6913694684472375.
276 0.6913694684472375
[I 2024-11-18 11:33:55,444] Trial 275 finished with value: 0.6913694684472375 and parameters: {'x0': 0, 'x1': 0, 'x2': 1, 'x3': 0, 'x4': 0, 'x5': 1, 'x6': 1, 'x7': 0, 'x8': 0, 'x9': 0, 'x10': 0, 'x11': 1, 'x12': 0, 'x13': 0, 'x14': 0}. Best is trial 87 with value: 0.6913694684472375.
277 0.6913694684472375
[I 2024-11-18 11:35:54,711] Trial 276 finished with value: 0.6913694684472375 and parameters: {'x0': 0, 'x1': 0, 'x2': 1, 'x3': 0, 'x4': 0, 'x5': 1, 'x6': 1, 'x7': 0, 'x8': 0, 'x9': 0, 'x10': 0, 'x11': 1, 'x12': 0, 'x13': 0, 'x14': 0}. Best is trial 87 with value: 0.6913694684472375.
278 0.6913694684472375
[I 2024-11-18 11:37:54,276] Trial 277 finished with value: 0.6913694684472375 and parameters: {'x0': 0, 'x1': 0, 'x2': 1, 'x3': 0, 'x4': 0, 'x5': 1, 'x6': 1, 'x7': 0, 'x8': 0, 'x9': 0, 'x10': 0, 'x11': 1, 'x12': 0, 'x13': 0, 'x14': 0}. Best is trial 87 with value: 0.6913694684472375.
279 0.6913694684472375
[I 2024-11-18 11:39:53,676] Trial 278 finished with value: 0.6913694684472375 and parameters: {'x0': 0, 'x1': 0, 'x2': 1, 'x3': 0, 'x4': 0, 'x5': 1, 'x6': 1, 'x7': 0, 'x8': 0, 'x9': 0, 'x10': 0, 'x11': 1, 'x12': 0, 'x13': 0, 'x14': 0}. Best is trial 87 with value: 0.6913694684472375.
280 0.6913694684472375
[I 2024-11-18 11:41:52,991] Trial 279 finished with value: 0.6913694684472375 and parameters: {'x0': 0, 'x1': 0, 'x2': 1, 'x3': 0, 'x4': 0, 'x5': 1, 'x6': 1, 'x7': 0, 'x8': 0, 'x9': 0, 'x10': 0, 'x11': 1, 'x12': 0, 'x13': 0, 'x14': 0}. Best is trial 87 with value: 0.6913694684472375.
281 0.6913694684472375
[I 2024-11-18 11:43:52,352] Trial 280 finished with value: 0.6913694684472375 and parameters: {'x0': 0, 'x1': 0, 'x2': 1, 'x3': 0, 'x4': 0, 'x5': 1, 'x6': 1, 'x7': 0, 'x8': 0, 'x9': 0, 'x10': 0, 'x11': 1, 'x12': 0, 'x13': 0, 'x14': 0}. Best is trial 87 with value: 0.6913694684472375.
282 0.6913694684472375
[I 2024-11-18 11:45:51,800] Trial 281 finished with value: 0.6913694684472375 and parameters: {'x0': 0, 'x1': 0, 'x2': 1, 'x3': 0, 'x4': 0, 'x5': 1, 'x6': 1, 'x7': 0, 'x8': 0, 'x9': 0, 'x10': 0, 'x11': 1, 'x12': 0, 'x13': 0, 'x14': 0}. Best is trial 87 with value: 0.6913694684472375.
283 0.6913694684472375
[I 2024-11-18 11:45:52,426] Trial 282 pruned.
284 0.6913694684472375
[I 2024-11-18 11:47:52,102] Trial 283 finished with value: 0.6913694684472375 and parameters: {'x0': 0, 'x1': 0, 'x2': 1, 'x3': 0, 'x4': 0, 'x5': 1, 'x6': 1, 'x7': 0, 'x8': 0, 'x9': 0, 'x10': 0, 'x11': 1, 'x12': 0, 'x13': 0, 'x14': 0}. Best is trial 87 with value: 0.6913694684472375.
285 0.6913694684472375
[I 2024-11-18 11:49:51,408] Trial 284 finished with value: 0.6913694684472375 and parameters: {'x0': 0, 'x1': 0, 'x2': 1, 'x3': 0, 'x4': 0, 'x5': 1, 'x6': 1, 'x7': 0, 'x8': 0, 'x9': 0, 'x10': 0, 'x11': 1, 'x12': 0, 'x13': 0, 'x14': 0}. Best is trial 87 with value: 0.6913694684472375.
286 0.6913694684472375
[I 2024-11-18 11:51:50,747] Trial 285 finished with value: 0.6913694684472375 and parameters: {'x0': 0, 'x1': 0, 'x2': 1, 'x3': 0, 'x4': 0, 'x5': 1, 'x6': 1, 'x7': 0, 'x8': 0, 'x9': 0, 'x10': 0, 'x11': 1, 'x12': 0, 'x13': 0, 'x14': 0}. Best is trial 87 with value: 0.6913694684472375.
287 0.6913694684472375
[I 2024-11-18 11:53:50,239] Trial 286 finished with value: 0.6913694684472375 and parameters: {'x0': 0, 'x1': 0, 'x2': 1, 'x3': 0, 'x4': 0, 'x5': 1, 'x6': 1, 'x7': 0, 'x8': 0, 'x9': 0, 'x10': 0, 'x11': 1, 'x12': 0, 'x13': 0, 'x14': 0}. Best is trial 87 with value: 0.6913694684472375.
288 0.6913694684472375
[I 2024-11-18 11:55:49,887] Trial 287 finished with value: 0.6913694684472375 and parameters: {'x0': 0, 'x1': 0, 'x2': 1, 'x3': 0, 'x4': 0, 'x5': 1, 'x6': 1, 'x7': 0, 'x8': 0, 'x9': 0, 'x10': 0, 'x11': 1, 'x12': 0, 'x13': 0, 'x14': 0}. Best is trial 87 with value: 0.6913694684472375.
289 0.6913694684472375
[I 2024-11-18 11:57:49,392] Trial 288 finished with value: 0.6913694684472375 and parameters: {'x0': 0, 'x1': 0, 'x2': 1, 'x3': 0, 'x4': 0, 'x5': 1, 'x6': 1, 'x7': 0, 'x8': 0, 'x9': 0, 'x10': 0, 'x11': 1, 'x12': 0, 'x13': 0, 'x14': 0}. Best is trial 87 with value: 0.6913694684472375.
290 0.6913694684472375
[I 2024-11-18 11:57:49,856] Trial 289 pruned.
291 0.6913694684472375
[I 2024-11-18 11:59:49,509] Trial 290 finished with value: 0.6913694684472375 and parameters: {'x0': 0, 'x1': 0, 'x2': 1, 'x3': 0, 'x4': 0, 'x5': 1, 'x6': 1, 'x7': 0, 'x8': 0, 'x9': 0, 'x10': 0, 'x11': 1, 'x12': 0, 'x13': 0, 'x14': 0}. Best is trial 87 with value: 0.6913694684472375.
292 0.6913694684472375
[I 2024-11-18 11:59:49,956] Trial 291 pruned.
293 0.6913694684472375
[I 2024-11-18 12:01:49,446] Trial 292 finished with value: 0.6913694684472375 and parameters: {'x0': 0, 'x1': 0, 'x2': 1, 'x3': 0, 'x4': 0, 'x5': 1, 'x6': 1, 'x7': 0, 'x8': 0, 'x9': 0, 'x10': 0, 'x11': 1, 'x12': 0, 'x13': 0, 'x14': 0}. Best is trial 87 with value: 0.6913694684472375.
294 0.6913694684472375
[I 2024-11-18 12:03:48,949] Trial 293 finished with value: 0.6913694684472375 and parameters: {'x0': 0, 'x1': 0, 'x2': 1, 'x3': 0, 'x4': 0, 'x5': 1, 'x6': 1, 'x7': 0, 'x8': 0, 'x9': 0, 'x10': 0, 'x11': 1, 'x12': 0, 'x13': 0, 'x14': 0}. Best is trial 87 with value: 0.6913694684472375.
295 0.6913694684472375
[I 2024-11-18 12:05:48,744] Trial 294 finished with value: 0.6913694684472375 and parameters: {'x0': 0, 'x1': 0, 'x2': 1, 'x3': 0, 'x4': 0, 'x5': 1, 'x6': 1, 'x7': 0, 'x8': 0, 'x9': 0, 'x10': 0, 'x11': 1, 'x12': 0, 'x13': 0, 'x14': 0}. Best is trial 87 with value: 0.6913694684472375.
296 0.6913694684472375
[I 2024-11-18 12:07:48,512] Trial 295 finished with value: 0.6913694684472375 and parameters: {'x0': 0, 'x1': 0, 'x2': 1, 'x3': 0, 'x4': 0, 'x5': 1, 'x6': 1, 'x7': 0, 'x8': 0, 'x9': 0, 'x10': 0, 'x11': 1, 'x12': 0, 'x13': 0, 'x14': 0}. Best is trial 87 with value: 0.6913694684472375.
297 0.6913694684472375
[I 2024-11-18 12:09:48,339] Trial 296 finished with value: 0.6913694684472375 and parameters: {'x0': 0, 'x1': 0, 'x2': 1, 'x3': 0, 'x4': 0, 'x5': 1, 'x6': 1, 'x7': 0, 'x8': 0, 'x9': 0, 'x10': 0, 'x11': 1, 'x12': 0, 'x13': 0, 'x14': 0}. Best is trial 87 with value: 0.6913694684472375.
298 0.6913694684472375
[I 2024-11-18 12:11:47,826] Trial 297 finished with value: 0.6913694684472375 and parameters: {'x0': 0, 'x1': 0, 'x2': 1, 'x3': 0, 'x4': 0, 'x5': 1, 'x6': 1, 'x7': 0, 'x8': 0, 'x9': 0, 'x10': 0, 'x11': 1, 'x12': 0, 'x13': 0, 'x14': 0}. Best is trial 87 with value: 0.6913694684472375.
299 0.6913694684472375
[I 2024-11-18 12:13:47,315] Trial 298 finished with value: 0.6913694684472375 and parameters: {'x0': 0, 'x1': 0, 'x2': 1, 'x3': 0, 'x4': 0, 'x5': 1, 'x6': 1, 'x7': 0, 'x8': 0, 'x9': 0, 'x10': 0, 'x11': 1, 'x12': 0, 'x13': 0, 'x14': 0}. Best is trial 87 with value: 0.6913694684472375.
300 0.6913694684472375
[I 2024-11-18 12:15:46,817] Trial 299 finished with value: 0.6913694684472375 and parameters: {'x0': 0, 'x1': 0, 'x2': 1, 'x3': 0, 'x4': 0, 'x5': 1, 'x6': 1, 'x7': 0, 'x8': 0, 'x9': 0, 'x10': 0, 'x11': 1, 'x12': 0, 'x13': 0, 'x14': 0}. Best is trial 87 with value: 0.6913694684472375.
301 0.6913694684472375
[I 2024-11-18 12:17:46,343] Trial 300 finished with value: 0.6913694684472375 and parameters: {'x0': 0, 'x1': 0, 'x2': 1, 'x3': 0, 'x4': 0, 'x5': 1, 'x6': 1, 'x7': 0, 'x8': 0, 'x9': 0, 'x10': 0, 'x11': 1, 'x12': 0, 'x13': 0, 'x14': 0}. Best is trial 87 with value: 0.6913694684472375.
302 0.6913694684472375
[I 2024-11-18 12:19:45,823] Trial 301 finished with value: 0.6913694684472375 and parameters: {'x0': 0, 'x1': 0, 'x2': 1, 'x3': 0, 'x4': 0, 'x5': 1, 'x6': 1, 'x7': 0, 'x8': 0, 'x9': 0, 'x10': 0, 'x11': 1, 'x12': 0, 'x13': 0, 'x14': 0}. Best is trial 87 with value: 0.6913694684472375.
303 0.6913694684472375
[I 2024-11-18 12:21:45,260] Trial 302 finished with value: 0.6913694684472375 and parameters: {'x0': 0, 'x1': 0, 'x2': 1, 'x3': 0, 'x4': 0, 'x5': 1, 'x6': 1, 'x7': 0, 'x8': 0, 'x9': 0, 'x10': 0, 'x11': 1, 'x12': 0, 'x13': 0, 'x14': 0}. Best is trial 87 with value: 0.6913694684472375.
304 0.6913694684472375
[I 2024-11-18 12:23:44,616] Trial 303 finished with value: 0.6913694684472375 and parameters: {'x0': 0, 'x1': 0, 'x2': 1, 'x3': 0, 'x4': 0, 'x5': 1, 'x6': 1, 'x7': 0, 'x8': 0, 'x9': 0, 'x10': 0, 'x11': 1, 'x12': 0, 'x13': 0, 'x14': 0}. Best is trial 87 with value: 0.6913694684472375.
305 0.6913694684472375
[I 2024-11-18 12:25:44,363] Trial 304 finished with value: 0.6913694684472375 and parameters: {'x0': 0, 'x1': 0, 'x2': 1, 'x3': 0, 'x4': 0, 'x5': 1, 'x6': 1, 'x7': 0, 'x8': 0, 'x9': 0, 'x10': 0, 'x11': 1, 'x12': 0, 'x13': 0, 'x14': 0}. Best is trial 87 with value: 0.6913694684472375.
306 0.6913694684472375
[I 2024-11-18 12:25:45,045] Trial 305 pruned.
307 0.6913694684472375
[I 2024-11-18 12:27:45,519] Trial 306 finished with value: 0.6913694684472375 and parameters: {'x0': 0, 'x1': 0, 'x2': 1, 'x3': 0, 'x4': 0, 'x5': 1, 'x6': 1, 'x7': 0, 'x8': 0, 'x9': 0, 'x10': 0, 'x11': 1, 'x12': 0, 'x13': 0, 'x14': 0}. Best is trial 87 with value: 0.6913694684472375.
308 0.6913694684472375
[I 2024-11-18 12:29:45,193] Trial 307 finished with value: 0.6913694684472375 and parameters: {'x0': 0, 'x1': 0, 'x2': 1, 'x3': 0, 'x4': 0, 'x5': 1, 'x6': 1, 'x7': 0, 'x8': 0, 'x9': 0, 'x10': 0, 'x11': 1, 'x12': 0, 'x13': 0, 'x14': 0}. Best is trial 87 with value: 0.6913694684472375.
309 0.6913694684472375
[I 2024-11-18 12:31:44,700] Trial 308 finished with value: 0.6913694684472375 and parameters: {'x0': 0, 'x1': 0, 'x2': 1, 'x3': 0, 'x4': 0, 'x5': 1, 'x6': 1, 'x7': 0, 'x8': 0, 'x9': 0, 'x10': 0, 'x11': 1, 'x12': 0, 'x13': 0, 'x14': 0}. Best is trial 87 with value: 0.6913694684472375.
310 0.6913694684472375
[I 2024-11-18 12:31:49,354] Trial 309 pruned.
311 0.6913694684472375
[I 2024-11-18 12:33:48,894] Trial 310 finished with value: 0.6913694684472375 and parameters: {'x0': 0, 'x1': 0, 'x2': 1, 'x3': 0, 'x4': 0, 'x5': 1, 'x6': 1, 'x7': 0, 'x8': 0, 'x9': 0, 'x10': 0, 'x11': 1, 'x12': 0, 'x13': 0, 'x14': 0}. Best is trial 87 with value: 0.6913694684472375.
312 0.6913694684472375
[I 2024-11-18 12:35:48,602] Trial 311 finished with value: 0.6913694684472375 and parameters: {'x0': 0, 'x1': 0, 'x2': 1, 'x3': 0, 'x4': 0, 'x5': 1, 'x6': 1, 'x7': 0, 'x8': 0, 'x9': 0, 'x10': 0, 'x11': 1, 'x12': 0, 'x13': 0, 'x14': 0}. Best is trial 87 with value: 0.6913694684472375.
313 0.6913694684472375
[I 2024-11-18 12:35:48,995] Trial 312 pruned.
314 0.6913694684472375
[I 2024-11-18 12:35:53,129] Trial 313 pruned.
315 0.6913694684472375
[I 2024-11-18 12:37:52,753] Trial 314 finished with value: 0.6913694684472375 and parameters: {'x0': 0, 'x1': 0, 'x2': 1, 'x3': 0, 'x4': 0, 'x5': 1, 'x6': 1, 'x7': 0, 'x8': 0, 'x9': 0, 'x10': 0, 'x11': 1, 'x12': 0, 'x13': 0, 'x14': 0}. Best is trial 87 with value: 0.6913694684472375.
316 0.6913694684472375
[I 2024-11-18 12:39:52,342] Trial 315 finished with value: 0.6913694684472375 and parameters: {'x0': 0, 'x1': 0, 'x2': 1, 'x3': 0, 'x4': 0, 'x5': 1, 'x6': 1, 'x7': 0, 'x8': 0, 'x9': 0, 'x10': 0, 'x11': 1, 'x12': 0, 'x13': 0, 'x14': 0}. Best is trial 87 with value: 0.6913694684472375.
317 0.6913694684472375
[I 2024-11-18 12:41:51,912] Trial 316 finished with value: 0.6913694684472375 and parameters: {'x0': 0, 'x1': 0, 'x2': 1, 'x3': 0, 'x4': 0, 'x5': 1, 'x6': 1, 'x7': 0, 'x8': 0, 'x9': 0, 'x10': 0, 'x11': 1, 'x12': 0, 'x13': 0, 'x14': 0}. Best is trial 87 with value: 0.6913694684472375.
318 0.6913694684472375
[I 2024-11-18 12:43:51,465] Trial 317 finished with value: 0.6913694684472375 and parameters: {'x0': 0, 'x1': 0, 'x2': 1, 'x3': 0, 'x4': 0, 'x5': 1, 'x6': 1, 'x7': 0, 'x8': 0, 'x9': 0, 'x10': 0, 'x11': 1, 'x12': 0, 'x13': 0, 'x14': 0}. Best is trial 87 with value: 0.6913694684472375.
319 0.6913694684472375
[I 2024-11-18 12:43:52,093] Trial 318 pruned.
320 0.6913694684472375
[I 2024-11-18 12:45:51,925] Trial 319 finished with value: 0.6913694684472375 and parameters: {'x0': 0, 'x1': 0, 'x2': 1, 'x3': 0, 'x4': 0, 'x5': 1, 'x6': 1, 'x7': 0, 'x8': 0, 'x9': 0, 'x10': 0, 'x11': 1, 'x12': 0, 'x13': 0, 'x14': 0}. Best is trial 87 with value: 0.6913694684472375.
321 0.6913694684472375
[I 2024-11-18 12:45:52,377] Trial 320 pruned.
322 0.6913694684472375
[I 2024-11-18 12:47:52,000] Trial 321 finished with value: 0.6913694684472375 and parameters: {'x0': 0, 'x1': 0, 'x2': 1, 'x3': 0, 'x4': 0, 'x5': 1, 'x6': 1, 'x7': 0, 'x8': 0, 'x9': 0, 'x10': 0, 'x11': 1, 'x12': 0, 'x13': 0, 'x14': 0}. Best is trial 87 with value: 0.6913694684472375.
323 0.6913694684472375
[I 2024-11-18 12:49:51,490] Trial 322 finished with value: 0.6913694684472375 and parameters: {'x0': 0, 'x1': 0, 'x2': 1, 'x3': 0, 'x4': 0, 'x5': 1, 'x6': 1, 'x7': 0, 'x8': 0, 'x9': 0, 'x10': 0, 'x11': 1, 'x12': 0, 'x13': 0, 'x14': 0}. Best is trial 87 with value: 0.6913694684472375.
324 0.6913694684472375
[I 2024-11-18 12:51:51,032] Trial 323 finished with value: 0.6913694684472375 and parameters: {'x0': 0, 'x1': 0, 'x2': 1, 'x3': 0, 'x4': 0, 'x5': 1, 'x6': 1, 'x7': 0, 'x8': 0, 'x9': 0, 'x10': 0, 'x11': 1, 'x12': 0, 'x13': 0, 'x14': 0}. Best is trial 87 with value: 0.6913694684472375.
325 0.6913694684472375
[I 2024-11-18 12:53:50,536] Trial 324 finished with value: 0.6913694684472375 and parameters: {'x0': 0, 'x1': 0, 'x2': 1, 'x3': 0, 'x4': 0, 'x5': 1, 'x6': 1, 'x7': 0, 'x8': 0, 'x9': 0, 'x10': 0, 'x11': 1, 'x12': 0, 'x13': 0, 'x14': 0}. Best is trial 87 with value: 0.6913694684472375.
326 0.6913694684472375
[I 2024-11-18 12:55:50,322] Trial 325 finished with value: 0.6913694684472375 and parameters: {'x0': 0, 'x1': 0, 'x2': 1, 'x3': 0, 'x4': 0, 'x5': 1, 'x6': 1, 'x7': 0, 'x8': 0, 'x9': 0, 'x10': 0, 'x11': 1, 'x12': 0, 'x13': 0, 'x14': 0}. Best is trial 87 with value: 0.6913694684472375.
327 0.6913694684472375
[I 2024-11-18 12:55:50,792] Trial 326 pruned.
328 0.6913694684472375
[I 2024-11-18 12:57:50,411] Trial 327 finished with value: 0.6913694684472375 and parameters: {'x0': 0, 'x1': 0, 'x2': 1, 'x3': 0, 'x4': 0, 'x5': 1, 'x6': 1, 'x7': 0, 'x8': 0, 'x9': 0, 'x10': 0, 'x11': 1, 'x12': 0, 'x13': 0, 'x14': 0}. Best is trial 87 with value: 0.6913694684472375.
329 0.6913694684472375
[I 2024-11-18 12:57:54,614] Trial 328 pruned.
330 0.6913694684472375
[I 2024-11-18 12:59:54,190] Trial 329 finished with value: 0.6913694684472375 and parameters: {'x0': 0, 'x1': 0, 'x2': 1, 'x3': 0, 'x4': 0, 'x5': 1, 'x6': 1, 'x7': 0, 'x8': 0, 'x9': 0, 'x10': 0, 'x11': 1, 'x12': 0, 'x13': 0, 'x14': 0}. Best is trial 87 with value: 0.6913694684472375.
331 0.6913694684472375
[I 2024-11-18 13:01:53,569] Trial 330 finished with value: 0.6913694684472375 and parameters: {'x0': 0, 'x1': 0, 'x2': 1, 'x3': 0, 'x4': 0, 'x5': 1, 'x6': 1, 'x7': 0, 'x8': 0, 'x9': 0, 'x10': 0, 'x11': 1, 'x12': 0, 'x13': 0, 'x14': 0}. Best is trial 87 with value: 0.6913694684472375.
332 0.6913694684472375
[I 2024-11-18 13:03:53,271] Trial 331 finished with value: 0.6913694684472375 and parameters: {'x0': 0, 'x1': 0, 'x2': 1, 'x3': 0, 'x4': 0, 'x5': 1, 'x6': 1, 'x7': 0, 'x8': 0, 'x9': 0, 'x10': 0, 'x11': 1, 'x12': 0, 'x13': 0, 'x14': 0}. Best is trial 87 with value: 0.6913694684472375.
333 0.6913694684472375
[I 2024-11-18 13:05:53,047] Trial 332 finished with value: 0.6913694684472375 and parameters: {'x0': 0, 'x1': 0, 'x2': 1, 'x3': 0, 'x4': 0, 'x5': 1, 'x6': 1, 'x7': 0, 'x8': 0, 'x9': 0, 'x10': 0, 'x11': 1, 'x12': 0, 'x13': 0, 'x14': 0}. Best is trial 87 with value: 0.6913694684472375.
334 0.6913694684472375
[I 2024-11-18 13:07:52,641] Trial 333 finished with value: 0.6913694684472375 and parameters: {'x0': 0, 'x1': 0, 'x2': 1, 'x3': 0, 'x4': 0, 'x5': 1, 'x6': 1, 'x7': 0, 'x8': 0, 'x9': 0, 'x10': 0, 'x11': 1, 'x12': 0, 'x13': 0, 'x14': 0}. Best is trial 87 with value: 0.6913694684472375.
335 0.6913694684472375
[I 2024-11-18 13:07:53,097] Trial 334 pruned.
336 0.6913694684472375
[I 2024-11-18 13:09:52,717] Trial 335 finished with value: 0.6913694684472375 and parameters: {'x0': 0, 'x1': 0, 'x2': 1, 'x3': 0, 'x4': 0, 'x5': 1, 'x6': 1, 'x7': 0, 'x8': 0, 'x9': 0, 'x10': 0, 'x11': 1, 'x12': 0, 'x13': 0, 'x14': 0}. Best is trial 87 with value: 0.6913694684472375.
337 0.6913694684472375
[I 2024-11-18 13:11:52,912] Trial 336 finished with value: 0.6913694684472375 and parameters: {'x0': 0, 'x1': 0, 'x2': 1, 'x3': 0, 'x4': 0, 'x5': 1, 'x6': 1, 'x7': 0, 'x8': 0, 'x9': 0, 'x10': 0, 'x11': 1, 'x12': 0, 'x13': 0, 'x14': 0}. Best is trial 87 with value: 0.6913694684472375.
338 0.6913694684472375
[I 2024-11-18 13:13:52,481] Trial 337 finished with value: 0.6913694684472375 and parameters: {'x0': 0, 'x1': 0, 'x2': 1, 'x3': 0, 'x4': 0, 'x5': 1, 'x6': 1, 'x7': 0, 'x8': 0, 'x9': 0, 'x10': 0, 'x11': 1, 'x12': 0, 'x13': 0, 'x14': 0}. Best is trial 87 with value: 0.6913694684472375.
339 0.6913694684472375
[I 2024-11-18 13:15:52,017] Trial 338 finished with value: 0.6913694684472375 and parameters: {'x0': 0, 'x1': 0, 'x2': 1, 'x3': 0, 'x4': 0, 'x5': 1, 'x6': 1, 'x7': 0, 'x8': 0, 'x9': 0, 'x10': 0, 'x11': 1, 'x12': 0, 'x13': 0, 'x14': 0}. Best is trial 87 with value: 0.6913694684472375.
340 0.6913694684472375
[I 2024-11-18 13:17:51,451] Trial 339 finished with value: 0.6913694684472375 and parameters: {'x0': 0, 'x1': 0, 'x2': 1, 'x3': 0, 'x4': 0, 'x5': 1, 'x6': 1, 'x7': 0, 'x8': 0, 'x9': 0, 'x10': 0, 'x11': 1, 'x12': 0, 'x13': 0, 'x14': 0}. Best is trial 87 with value: 0.6913694684472375.
341 0.6913694684472375
[I 2024-11-18 13:17:51,901] Trial 340 pruned.
342 0.6913694684472375
[I 2024-11-18 13:19:38,335] Trial 341 finished with value: 0.6899457727900842 and parameters: {'x0': 0, 'x1': 0, 'x2': 0, 'x3': 0, 'x4': 0, 'x5': 1, 'x6': 1, 'x7': 0, 'x8': 0, 'x9': 0, 'x10': 0, 'x11': 1, 'x12': 0, 'x13': 0, 'x14': 0}. Best is trial 87 with value: 0.6913694684472375.
343 0.6913694684472375
[I 2024-11-18 13:21:21,952] Trial 342 finished with value: 0.6882791061234175 and parameters: {'x0': 0, 'x1': 1, 'x2': 1, 'x3': 0, 'x4': 0, 'x5': 1, 'x6': 1, 'x7': 0, 'x8': 0, 'x9': 0, 'x10': 0, 'x11': 0, 'x12': 0, 'x13': 0, 'x14': 0}. Best is trial 87 with value: 0.6913694684472375.
344 0.6913694684472375
[I 2024-11-18 13:23:21,847] Trial 343 finished with value: 0.6913694684472375 and parameters: {'x0': 0, 'x1': 0, 'x2': 1, 'x3': 0, 'x4': 0, 'x5': 1, 'x6': 1, 'x7': 0, 'x8': 0, 'x9': 0, 'x10': 0, 'x11': 1, 'x12': 0, 'x13': 0, 'x14': 0}. Best is trial 87 with value: 0.6913694684472375.
345 0.6913694684472375
[I 2024-11-18 13:25:21,192] Trial 344 finished with value: 0.6913694684472375 and parameters: {'x0': 0, 'x1': 0, 'x2': 1, 'x3': 0, 'x4': 0, 'x5': 1, 'x6': 1, 'x7': 0, 'x8': 0, 'x9': 0, 'x10': 0, 'x11': 1, 'x12': 0, 'x13': 0, 'x14': 0}. Best is trial 87 with value: 0.6913694684472375.
346 0.6913694684472375
[I 2024-11-18 13:25:25,860] Trial 345 pruned.
347 0.6913694684472375
[I 2024-11-18 13:27:25,139] Trial 346 finished with value: 0.6913694684472375 and parameters: {'x0': 0, 'x1': 0, 'x2': 1, 'x3': 0, 'x4': 0, 'x5': 1, 'x6': 1, 'x7': 0, 'x8': 0, 'x9': 0, 'x10': 0, 'x11': 1, 'x12': 0, 'x13': 0, 'x14': 0}. Best is trial 87 with value: 0.6913694684472375.
348 0.6913694684472375
[I 2024-11-18 13:29:24,260] Trial 347 finished with value: 0.6913694684472375 and parameters: {'x0': 0, 'x1': 0, 'x2': 1, 'x3': 0, 'x4': 0, 'x5': 1, 'x6': 1, 'x7': 0, 'x8': 0, 'x9': 0, 'x10': 0, 'x11': 1, 'x12': 0, 'x13': 0, 'x14': 0}. Best is trial 87 with value: 0.6913694684472375.
349 0.6913694684472375
[I 2024-11-18 13:29:24,704] Trial 348 pruned.
350 0.6913694684472375
[I 2024-11-18 13:31:23,912] Trial 349 finished with value: 0.6913694684472375 and parameters: {'x0': 0, 'x1': 0, 'x2': 1, 'x3': 0, 'x4': 0, 'x5': 1, 'x6': 1, 'x7': 0, 'x8': 0, 'x9': 0, 'x10': 0, 'x11': 1, 'x12': 0, 'x13': 0, 'x14': 0}. Best is trial 87 with value: 0.6913694684472375.
351 0.6913694684472375
[I 2024-11-18 13:31:24,301] Trial 350 pruned.
352 0.6913694684472375
[I 2024-11-18 13:33:23,657] Trial 351 finished with value: 0.6913694684472375 and parameters: {'x0': 0, 'x1': 0, 'x2': 1, 'x3': 0, 'x4': 0, 'x5': 1, 'x6': 1, 'x7': 0, 'x8': 0, 'x9': 0, 'x10': 0, 'x11': 1, 'x12': 0, 'x13': 0, 'x14': 0}. Best is trial 87 with value: 0.6913694684472375.
353 0.6913694684472375
[I 2024-11-18 13:35:22,825] Trial 352 finished with value: 0.6913694684472375 and parameters: {'x0': 0, 'x1': 0, 'x2': 1, 'x3': 0, 'x4': 0, 'x5': 1, 'x6': 1, 'x7': 0, 'x8': 0, 'x9': 0, 'x10': 0, 'x11': 1, 'x12': 0, 'x13': 0, 'x14': 0}. Best is trial 87 with value: 0.6913694684472375.
354 0.6913694684472375
[I 2024-11-18 13:37:21,955] Trial 353 finished with value: 0.6913694684472375 and parameters: {'x0': 0, 'x1': 0, 'x2': 1, 'x3': 0, 'x4': 0, 'x5': 1, 'x6': 1, 'x7': 0, 'x8': 0, 'x9': 0, 'x10': 0, 'x11': 1, 'x12': 0, 'x13': 0, 'x14': 0}. Best is trial 87 with value: 0.6913694684472375.
355 0.6913694684472375
[I 2024-11-18 13:39:21,181] Trial 354 finished with value: 0.6913694684472375 and parameters: {'x0': 0, 'x1': 0, 'x2': 1, 'x3': 0, 'x4': 0, 'x5': 1, 'x6': 1, 'x7': 0, 'x8': 0, 'x9': 0, 'x10': 0, 'x11': 1, 'x12': 0, 'x13': 0, 'x14': 0}. Best is trial 87 with value: 0.6913694684472375.
356 0.6913694684472375
