[I 2024-11-17 16:01:08,151] Trial 223 finished with value: 0.6949457727900842 and parameters: {'x0': 1, 'x1': 0, 'x2': 0, 'x3': 0, 'x4': 0, 'x5': 1, 'x6': 1, 'x7': 0, 'x8': 1, 'x9': 1, 'x10': 0, 'x11': 1, 'x12': 1, 'x13': 1, 'x14': 1}. Best is trial 10 with value: 0.6949457727900842.
225 0.6949457727900842
[I 2024-11-17 16:19:21,544] Trial 224 finished with value: 0.6949457727900842 and parameters: {'x0': 1, 'x1': 0, 'x2': 0, 'x3': 0, 'x4': 0, 'x5': 1, 'x6': 1, 'x7': 0, 'x8': 1, 'x9': 1, 'x10': 0, 'x11': 1, 'x12': 1, 'x13': 1, 'x14': 1}. Best is trial 10 with value: 0.6949457727900842.
226 0.6949457727900842
[I 2024-11-17 16:37:35,141] Trial 225 finished with value: 0.6949457727900842 and parameters: {'x0': 1, 'x1': 0, 'x2': 0, 'x3': 0, 'x4': 0, 'x5': 1, 'x6': 1, 'x7': 0, 'x8': 1, 'x9': 1, 'x10': 0, 'x11': 1, 'x12': 1, 'x13': 1, 'x14': 1}. Best is trial 10 with value: 0.6949457727900842.
227 0.6949457727900842
[I 2024-11-17 16:55:48,924] Trial 226 finished with value: 0.6949457727900842 and parameters: {'x0': 1, 'x1': 0, 'x2': 0, 'x3': 0, 'x4': 0, 'x5': 1, 'x6': 1, 'x7': 0, 'x8': 1, 'x9': 1, 'x10': 0, 'x11': 1, 'x12': 1, 'x13': 1, 'x14': 1}. Best is trial 10 with value: 0.6949457727900842.
228 0.6949457727900842
[I 2024-11-17 17:11:57,556] Trial 227 finished with value: 0.6918521308765211 and parameters: {'x0': 1, 'x1': 0, 'x2': 0, 'x3': 0, 'x4': 0, 'x5': 1, 'x6': 1, 'x7': 0, 'x8': 1, 'x9': 1, 'x10': 0, 'x11': 1, 'x12': 1, 'x13': 1, 'x14': 0}. Best is trial 10 with value: 0.6949457727900842.
229 0.6949457727900842
[I 2024-11-17 17:30:11,346] Trial 228 finished with value: 0.6949457727900842 and parameters: {'x0': 1, 'x1': 0, 'x2': 0, 'x3': 0, 'x4': 0, 'x5': 1, 'x6': 1, 'x7': 0, 'x8': 1, 'x9': 1, 'x10': 0, 'x11': 1, 'x12': 1, 'x13': 1, 'x14': 1}. Best is trial 10 with value: 0.6949457727900842.
230 0.6949457727900842
[I 2024-11-17 17:42:36,701] Trial 229 finished with value: 0.6918521308765211 and parameters: {'x0': 1, 'x1': 0, 'x2': 0, 'x3': 0, 'x4': 0, 'x5': 0, 'x6': 1, 'x7': 0, 'x8': 1, 'x9': 1, 'x10': 0, 'x11': 1, 'x12': 1, 'x13': 1, 'x14': 1}. Best is trial 10 with value: 0.6949457727900842.
231 0.6949457727900842
[I 2024-11-17 18:00:50,734] Trial 230 finished with value: 0.6949457727900842 and parameters: {'x0': 1, 'x1': 0, 'x2': 0, 'x3': 0, 'x4': 0, 'x5': 1, 'x6': 1, 'x7': 0, 'x8': 1, 'x9': 1, 'x10': 0, 'x11': 1, 'x12': 1, 'x13': 1, 'x14': 1}. Best is trial 10 with value: 0.6949457727900842.
232 0.6949457727900842
[I 2024-11-17 18:19:04,387] Trial 231 finished with value: 0.6949457727900842 and parameters: {'x0': 1, 'x1': 0, 'x2': 0, 'x3': 0, 'x4': 0, 'x5': 1, 'x6': 1, 'x7': 0, 'x8': 1, 'x9': 1, 'x10': 0, 'x11': 1, 'x12': 1, 'x13': 1, 'x14': 1}. Best is trial 10 with value: 0.6949457727900842.
233 0.6949457727900842
[W 2024-11-17 18:33:22,666] Trial 232 failed with parameters: {'x0': 1, 'x1': 0, 'x2': 0, 'x3': 0, 'x4': 0, 'x5': 1, 'x6': 1, 'x7': 0, 'x8': 1, 'x9': 1, 'x10': 0, 'x11': 1, 'x12': 1, 'x13': 1, 'x14': 1} because of the following error: KeyboardInterrupt().
Traceback (most recent call last):
  File "/opt/conda/lib/python3.10/site-packages/optuna/study/_optimize.py", line 197, in _run_trial
    value_or_values = func(trial)
  File "/tmp/ipykernel_41268/2286529558.py", line 15, in objective
    ground_truth, model_response = evaluate_model(data_reformated,
  File "/tmp/ipykernel_41268/4011818009.py", line 21, in evaluate_model
    response = ollama.generate(model=model_name, prompt=question, options=options)
  File "/opt/conda/lib/python3.10/site-packages/ollama/_client.py", line 163, in generate
    return self._request_stream(
  File "/opt/conda/lib/python3.10/site-packages/ollama/_client.py", line 99, in _request_stream
    return self._stream(*args, **kwargs) if stream else self._request(*args, **kwargs).json()
  File "/opt/conda/lib/python3.10/site-packages/ollama/_client.py", line 70, in _request
    response = self._client.request(method, url, **kwargs)
  File "/opt/conda/lib/python3.10/site-packages/httpx/_client.py", line 837, in request
    return self.send(request, auth=auth, follow_redirects=follow_redirects)
  File "/opt/conda/lib/python3.10/site-packages/httpx/_client.py", line 926, in send
    response = self._send_handling_auth(
  File "/opt/conda/lib/python3.10/site-packages/httpx/_client.py", line 954, in _send_handling_auth
    response = self._send_handling_redirects(
  File "/opt/conda/lib/python3.10/site-packages/httpx/_client.py", line 991, in _send_handling_redirects
    response = self._send_single_request(request)
  File "/opt/conda/lib/python3.10/site-packages/httpx/_client.py", line 1027, in _send_single_request
    response = transport.handle_request(request)
  File "/opt/conda/lib/python3.10/site-packages/httpx/_transports/default.py", line 236, in handle_request
    resp = self._pool.handle_request(req)
  File "/opt/conda/lib/python3.10/site-packages/httpcore/_sync/connection_pool.py", line 216, in handle_request
    raise exc from None
  File "/opt/conda/lib/python3.10/site-packages/httpcore/_sync/connection_pool.py", line 196, in handle_request
    response = connection.handle_request(
  File "/opt/conda/lib/python3.10/site-packages/httpcore/_sync/connection.py", line 101, in handle_request
    return self._connection.handle_request(request)
  File "/opt/conda/lib/python3.10/site-packages/httpcore/_sync/http11.py", line 143, in handle_request
    raise exc
  File "/opt/conda/lib/python3.10/site-packages/httpcore/_sync/http11.py", line 113, in handle_request
    ) = self._receive_response_headers(**kwargs)
  File "/opt/conda/lib/python3.10/site-packages/httpcore/_sync/http11.py", line 186, in _receive_response_headers
    event = self._receive_event(timeout=timeout)
  File "/opt/conda/lib/python3.10/site-packages/httpcore/_sync/http11.py", line 224, in _receive_event
    data = self._network_stream.read(
  File "/opt/conda/lib/python3.10/site-packages/httpcore/_backends/sync.py", line 126, in read
    return self._sock.recv(max_bytes)
KeyboardInterrupt
[W 2024-11-17 18:33:22,669] Trial 232 failed with value None.
15
15
15
/mnt/Gbenga_Enemy/ramy/results/Best_Q_Best_Dict_regularized.json
2
[I 2024-11-17 18:40:38,644] A new study created in memory with name: no-name-4f2fb7a5-73dc-40d6-88dc-5651812ae3ee
1 0
Got new best 0.6410441491225332 0.5939106284198309
[I 2024-11-17 19:02:54,969] Trial 0 finished with value: 0.6410441491225332 and parameters: {'x0': 1, 'x1': 0, 'x2': 1, 'x3': 1, 'x4': 1, 'x5': 0, 'x6': 1, 'x7': 0, 'x8': 0, 'x9': 1, 'x10': 0, 'x11': 1, 'x12': 1, 'x13': 0, 'x14': 0}. Best is trial 0 with value: 0.6410441491225332.
2 0.6410441491225332
[I 2024-11-17 19:08:56,728] Trial 1 finished with value: 0.45313752339221325 and parameters: {'x0': 0, 'x1': 1, 'x2': 1, 'x3': 1, 'x4': 0, 'x5': 0, 'x6': 0, 'x7': 1, 'x8': 1, 'x9': 0, 'x10': 1, 'x11': 0, 'x12': 1, 'x13': 0, 'x14': 0}. Best is trial 0 with value: 0.6410441491225332.
3 0.6410441491225332
[I 2024-11-17 19:14:01,844] Trial 2 finished with value: 0.3268543684552965 and parameters: {'x0': 0, 'x1': 1, 'x2': 0, 'x3': 1, 'x4': 0, 'x5': 1, 'x6': 0, 'x7': 1, 'x8': 1, 'x9': 0, 'x10': 1, 'x11': 1, 'x12': 1, 'x13': 0, 'x14': 1}. Best is trial 0 with value: 0.6410441491225332.
4 0.6410441491225332
Got new best 0.6513716608472876 0.635434712698528
[I 2024-11-17 19:41:14,011] Trial 3 finished with value: 0.6513716608472876 and parameters: {'x0': 1, 'x1': 0, 'x2': 1, 'x3': 1, 'x4': 1, 'x5': 0, 'x6': 1, 'x7': 1, 'x8': 1, 'x9': 0, 'x10': 0, 'x11': 1, 'x12': 0, 'x13': 1, 'x14': 1}. Best is trial 3 with value: 0.6513716608472876.
5 0.6513716608472876
[I 2024-11-17 19:43:39,857] Trial 4 finished with value: 0.4454501638712165 and parameters: {'x0': 0, 'x1': 0, 'x2': 0, 'x3': 0, 'x4': 1, 'x5': 1, 'x6': 0, 'x7': 1, 'x8': 1, 'x9': 0, 'x10': 0, 'x11': 0, 'x12': 1, 'x13': 0, 'x14': 0}. Best is trial 3 with value: 0.6513716608472876.
6 0.6513716608472876
[I 2024-11-17 20:00:09,073] Trial 5 finished with value: 0.597913287618332 and parameters: {'x0': 0, 'x1': 0, 'x2': 0, 'x3': 0, 'x4': 1, 'x5': 1, 'x6': 1, 'x7': 1, 'x8': 1, 'x9': 1, 'x10': 1, 'x11': 0, 'x12': 1, 'x13': 1, 'x14': 0}. Best is trial 3 with value: 0.6513716608472876.
7 0.6513716608472876
[W 2024-11-17 20:01:09,925] Trial 6 failed with parameters: {'x0': 1, 'x1': 0, 'x2': 1, 'x3': 0, 'x4': 1, 'x5': 0, 'x6': 0, 'x7': 1, 'x8': 1, 'x9': 1, 'x10': 0, 'x11': 1, 'x12': 0, 'x13': 1, 'x14': 0} because of the following error: KeyboardInterrupt().
Traceback (most recent call last):
  File "/opt/conda/lib/python3.10/site-packages/optuna/study/_optimize.py", line 197, in _run_trial
    value_or_values = func(trial)
  File "/tmp/ipykernel_41268/2401776401.py", line 15, in objective
    ground_truth, model_response = evaluate_model(data_reformated,
  File "/tmp/ipykernel_41268/4011818009.py", line 21, in evaluate_model
    response = ollama.generate(model=model_name, prompt=question, options=options)
  File "/opt/conda/lib/python3.10/site-packages/ollama/_client.py", line 163, in generate
    return self._request_stream(
  File "/opt/conda/lib/python3.10/site-packages/ollama/_client.py", line 99, in _request_stream
    return self._stream(*args, **kwargs) if stream else self._request(*args, **kwargs).json()
  File "/opt/conda/lib/python3.10/site-packages/ollama/_client.py", line 70, in _request
    response = self._client.request(method, url, **kwargs)
  File "/opt/conda/lib/python3.10/site-packages/httpx/_client.py", line 837, in request
    return self.send(request, auth=auth, follow_redirects=follow_redirects)
  File "/opt/conda/lib/python3.10/site-packages/httpx/_client.py", line 926, in send
    response = self._send_handling_auth(
  File "/opt/conda/lib/python3.10/site-packages/httpx/_client.py", line 954, in _send_handling_auth
    response = self._send_handling_redirects(
  File "/opt/conda/lib/python3.10/site-packages/httpx/_client.py", line 991, in _send_handling_redirects
    response = self._send_single_request(request)
  File "/opt/conda/lib/python3.10/site-packages/httpx/_client.py", line 1027, in _send_single_request
    response = transport.handle_request(request)
  File "/opt/conda/lib/python3.10/site-packages/httpx/_transports/default.py", line 236, in handle_request
    resp = self._pool.handle_request(req)
  File "/opt/conda/lib/python3.10/site-packages/httpcore/_sync/connection_pool.py", line 216, in handle_request
    raise exc from None
  File "/opt/conda/lib/python3.10/site-packages/httpcore/_sync/connection_pool.py", line 196, in handle_request
    response = connection.handle_request(
  File "/opt/conda/lib/python3.10/site-packages/httpcore/_sync/connection.py", line 101, in handle_request
    return self._connection.handle_request(request)
  File "/opt/conda/lib/python3.10/site-packages/httpcore/_sync/http11.py", line 143, in handle_request
    raise exc
  File "/opt/conda/lib/python3.10/site-packages/httpcore/_sync/http11.py", line 113, in handle_request
    ) = self._receive_response_headers(**kwargs)
  File "/opt/conda/lib/python3.10/site-packages/httpcore/_sync/http11.py", line 186, in _receive_response_headers
    event = self._receive_event(timeout=timeout)
  File "/opt/conda/lib/python3.10/site-packages/httpcore/_sync/http11.py", line 224, in _receive_event
    data = self._network_stream.read(
  File "/opt/conda/lib/python3.10/site-packages/httpcore/_backends/sync.py", line 126, in read
    return self._sock.recv(max_bytes)
KeyboardInterrupt
[W 2024-11-17 20:01:09,927] Trial 6 failed with value None.
[I 2024-11-17 20:01:49,653] A new study created in memory with name: no-name-bab9558c-98d3-40dd-94d6-fbd8e484151c
1 0
Got new best 0.6431138975966562 0.6325858066655613
[I 2024-11-17 20:34:06,476] Trial 0 finished with value: 0.6431138975966562 and parameters: {'x0': 1, 'x1': 1, 'x2': 1, 'x3': 0, 'x4': 1, 'x5': 1, 'x6': 1, 'x7': 1, 'x8': 1, 'x9': 0, 'x10': 0, 'x11': 1, 'x12': 1, 'x13': 1, 'x14': 1}. Best is trial 0 with value: 0.6431138975966562.
2 0.6431138975966562
Got new best 0.6751854642098544 0.6359181559181559
[I 2024-11-17 21:10:48,688] Trial 1 finished with value: 0.6751854642098544 and parameters: {'x0': 1, 'x1': 1, 'x2': 0, 'x3': 1, 'x4': 0, 'x5': 1, 'x6': 1, 'x7': 1, 'x8': 1, 'x9': 1, 'x10': 0, 'x11': 0, 'x12': 1, 'x13': 0, 'x14': 1}. Best is trial 1 with value: 0.6751854642098544.
3 0.6751854642098544
[I 2024-11-17 21:12:40,551] Trial 2 finished with value: 0.32536098923015555 and parameters: {'x0': 1, 'x1': 0, 'x2': 0, 'x3': 1, 'x4': 0, 'x5': 0, 'x6': 0, 'x7': 1, 'x8': 1, 'x9': 0, 'x10': 0, 'x11': 1, 'x12': 0, 'x13': 1, 'x14': 0}. Best is trial 1 with value: 0.6751854642098544.
4 0.6751854642098544
[I 2024-11-17 21:38:01,090] Trial 3 finished with value: 0.6751854642098544 and parameters: {'x0': 0, 'x1': 1, 'x2': 1, 'x3': 1, 'x4': 0, 'x5': 1, 'x6': 1, 'x7': 1, 'x8': 0, 'x9': 1, 'x10': 0, 'x11': 0, 'x12': 1, 'x13': 1, 'x14': 1}. Best is trial 1 with value: 0.6751854642098544.
5 0.6751854642098544
[I 2024-11-17 21:53:28,033] Trial 4 finished with value: 0.6663716608472876 and parameters: {'x0': 0, 'x1': 1, 'x2': 1, 'x3': 0, 'x4': 1, 'x5': 1, 'x6': 1, 'x7': 1, 'x8': 1, 'x9': 1, 'x10': 1, 'x11': 1, 'x12': 0, 'x13': 0, 'x14': 1}. Best is trial 1 with value: 0.6751854642098544.
6 0.6751854642098544
[I 2024-11-17 22:09:15,583] Trial 5 finished with value: 0.6751854642098544 and parameters: {'x0': 1, 'x1': 0, 'x2': 0, 'x3': 1, 'x4': 0, 'x5': 1, 'x6': 1, 'x7': 1, 'x8': 1, 'x9': 1, 'x10': 0, 'x11': 0, 'x12': 1, 'x13': 1, 'x14': 1}. Best is trial 1 with value: 0.6751854642098544.
7 0.6751854642098544
[I 2024-11-17 22:09:16,382] Trial 6 pruned.
8 0.6751854642098544
[I 2024-11-17 22:09:17,124] Trial 7 pruned.
9 0.6751854642098544
Got new best 0.6785187975431878 0.6359181559181559
[I 2024-11-17 22:37:14,887] Trial 8 finished with value: 0.6785187975431878 and parameters: {'x0': 1, 'x1': 0, 'x2': 1, 'x3': 1, 'x4': 0, 'x5': 0, 'x6': 1, 'x7': 0, 'x8': 0, 'x9': 1, 'x10': 0, 'x11': 1, 'x12': 1, 'x13': 1, 'x14': 0}. Best is trial 8 with value: 0.6785187975431878.
10 0.6785187975431878
[I 2024-11-17 22:37:15,692] Trial 9 pruned.
11 0.6785187975431878
[I 2024-11-17 22:37:16,383] Trial 10 pruned.
12 0.6785187975431878
Got new best 0.6801854642098544 0.6359181559181559
[I 2024-11-17 23:01:30,525] Trial 11 finished with value: 0.6801854642098544 and parameters: {'x0': 1, 'x1': 0, 'x2': 0, 'x3': 1, 'x4': 0, 'x5': 0, 'x6': 1, 'x7': 0, 'x8': 0, 'x9': 1, 'x10': 1, 'x11': 0, 'x12': 1, 'x13': 0, 'x14': 1}. Best is trial 11 with value: 0.6801854642098544.
13 0.6801854642098544
[I 2024-11-17 23:17:31,780] Trial 12 finished with value: 0.6785187975431878 and parameters: {'x0': 1, 'x1': 0, 'x2': 1, 'x3': 1, 'x4': 0, 'x5': 0, 'x6': 1, 'x7': 0, 'x8': 0, 'x9': 1, 'x10': 1, 'x11': 1, 'x12': 1, 'x13': 0, 'x14': 0}. Best is trial 11 with value: 0.6801854642098544.
14 0.6801854642098544
[I 2024-11-17 23:29:56,028] Trial 13 finished with value: 0.6801854642098544 and parameters: {'x0': 1, 'x1': 0, 'x2': 0, 'x3': 1, 'x4': 0, 'x5': 0, 'x6': 1, 'x7': 0, 'x8': 0, 'x9': 1, 'x10': 1, 'x11': 0, 'x12': 1, 'x13': 0, 'x14': 1}. Best is trial 11 with value: 0.6801854642098544.
15 0.6801854642098544
[I 2024-11-17 23:42:20,064] Trial 14 finished with value: 0.6801854642098544 and parameters: {'x0': 1, 'x1': 0, 'x2': 0, 'x3': 1, 'x4': 0, 'x5': 0, 'x6': 1, 'x7': 0, 'x8': 0, 'x9': 1, 'x10': 1, 'x11': 0, 'x12': 1, 'x13': 0, 'x14': 1}. Best is trial 11 with value: 0.6801854642098544.
16 0.6801854642098544
[I 2024-11-17 23:54:44,206] Trial 15 finished with value: 0.6801854642098544 and parameters: {'x0': 1, 'x1': 0, 'x2': 0, 'x3': 1, 'x4': 0, 'x5': 0, 'x6': 1, 'x7': 0, 'x8': 0, 'x9': 1, 'x10': 1, 'x11': 0, 'x12': 1, 'x13': 0, 'x14': 1}. Best is trial 11 with value: 0.6801854642098544.
17 0.6801854642098544
[I 2024-11-18 00:07:08,315] Trial 16 finished with value: 0.6801854642098544 and parameters: {'x0': 1, 'x1': 0, 'x2': 0, 'x3': 1, 'x4': 0, 'x5': 0, 'x6': 1, 'x7': 0, 'x8': 0, 'x9': 1, 'x10': 1, 'x11': 0, 'x12': 1, 'x13': 0, 'x14': 1}. Best is trial 11 with value: 0.6801854642098544.
18 0.6801854642098544
[I 2024-11-18 00:07:08,758] Trial 17 pruned.
19 0.6801854642098544
[I 2024-11-18 00:19:33,198] Trial 18 finished with value: 0.6801854642098544 and parameters: {'x0': 1, 'x1': 0, 'x2': 0, 'x3': 1, 'x4': 0, 'x5': 0, 'x6': 1, 'x7': 0, 'x8': 0, 'x9': 1, 'x10': 1, 'x11': 0, 'x12': 1, 'x13': 0, 'x14': 1}. Best is trial 11 with value: 0.6801854642098544.
20 0.6801854642098544
[I 2024-11-18 00:31:57,197] Trial 19 finished with value: 0.6801854642098544 and parameters: {'x0': 1, 'x1': 0, 'x2': 0, 'x3': 1, 'x4': 0, 'x5': 0, 'x6': 1, 'x7': 0, 'x8': 0, 'x9': 1, 'x10': 1, 'x11': 0, 'x12': 1, 'x13': 0, 'x14': 1}. Best is trial 11 with value: 0.6801854642098544.
21 0.6801854642098544
[I 2024-11-18 00:31:57,746] Trial 20 pruned.
22 0.6801854642098544
[I 2024-11-18 00:44:22,107] Trial 21 finished with value: 0.6801854642098544 and parameters: {'x0': 1, 'x1': 0, 'x2': 0, 'x3': 1, 'x4': 0, 'x5': 0, 'x6': 1, 'x7': 0, 'x8': 0, 'x9': 1, 'x10': 1, 'x11': 0, 'x12': 1, 'x13': 0, 'x14': 1}. Best is trial 11 with value: 0.6801854642098544.
23 0.6801854642098544
[I 2024-11-18 00:56:46,034] Trial 22 finished with value: 0.6801854642098544 and parameters: {'x0': 1, 'x1': 0, 'x2': 0, 'x3': 1, 'x4': 0, 'x5': 0, 'x6': 1, 'x7': 0, 'x8': 0, 'x9': 1, 'x10': 1, 'x11': 0, 'x12': 1, 'x13': 0, 'x14': 1}. Best is trial 11 with value: 0.6801854642098544.
24 0.6801854642098544
[I 2024-11-18 01:09:10,889] Trial 23 finished with value: 0.6801854642098544 and parameters: {'x0': 1, 'x1': 0, 'x2': 0, 'x3': 1, 'x4': 0, 'x5': 0, 'x6': 1, 'x7': 0, 'x8': 0, 'x9': 1, 'x10': 1, 'x11': 0, 'x12': 1, 'x13': 0, 'x14': 1}. Best is trial 11 with value: 0.6801854642098544.
25 0.6801854642098544
[I 2024-11-18 01:21:34,996] Trial 24 finished with value: 0.6801854642098544 and parameters: {'x0': 1, 'x1': 0, 'x2': 0, 'x3': 1, 'x4': 0, 'x5': 0, 'x6': 1, 'x7': 0, 'x8': 0, 'x9': 1, 'x10': 1, 'x11': 0, 'x12': 1, 'x13': 0, 'x14': 1}. Best is trial 11 with value: 0.6801854642098544.
26 0.6801854642098544
[I 2024-11-18 01:33:58,970] Trial 25 finished with value: 0.6801854642098544 and parameters: {'x0': 1, 'x1': 0, 'x2': 0, 'x3': 1, 'x4': 0, 'x5': 0, 'x6': 1, 'x7': 0, 'x8': 0, 'x9': 1, 'x10': 1, 'x11': 0, 'x12': 1, 'x13': 0, 'x14': 1}. Best is trial 11 with value: 0.6801854642098544.
27 0.6801854642098544
[I 2024-11-18 01:46:22,810] Trial 26 finished with value: 0.6801854642098544 and parameters: {'x0': 1, 'x1': 0, 'x2': 0, 'x3': 1, 'x4': 0, 'x5': 0, 'x6': 1, 'x7': 0, 'x8': 0, 'x9': 1, 'x10': 1, 'x11': 0, 'x12': 1, 'x13': 0, 'x14': 1}. Best is trial 11 with value: 0.6801854642098544.
28 0.6801854642098544
[I 2024-11-18 01:58:47,168] Trial 27 finished with value: 0.6801854642098544 and parameters: {'x0': 1, 'x1': 0, 'x2': 0, 'x3': 1, 'x4': 0, 'x5': 0, 'x6': 1, 'x7': 0, 'x8': 0, 'x9': 1, 'x10': 1, 'x11': 0, 'x12': 1, 'x13': 0, 'x14': 1}. Best is trial 11 with value: 0.6801854642098544.
29 0.6801854642098544
[I 2024-11-18 02:11:11,348] Trial 28 finished with value: 0.6801854642098544 and parameters: {'x0': 1, 'x1': 0, 'x2': 0, 'x3': 1, 'x4': 0, 'x5': 0, 'x6': 1, 'x7': 0, 'x8': 0, 'x9': 1, 'x10': 1, 'x11': 0, 'x12': 1, 'x13': 0, 'x14': 1}. Best is trial 11 with value: 0.6801854642098544.
30 0.6801854642098544
[I 2024-11-18 02:25:34,067] Trial 29 finished with value: 0.669604053883923 and parameters: {'x0': 1, 'x1': 0, 'x2': 0, 'x3': 0, 'x4': 1, 'x5': 1, 'x6': 1, 'x7': 0, 'x8': 0, 'x9': 0, 'x10': 1, 'x11': 0, 'x12': 1, 'x13': 0, 'x14': 1}. Best is trial 11 with value: 0.6801854642098544.
31 0.6801854642098544
[I 2024-11-18 02:37:58,328] Trial 30 finished with value: 0.6801854642098544 and parameters: {'x0': 1, 'x1': 0, 'x2': 0, 'x3': 1, 'x4': 0, 'x5': 0, 'x6': 1, 'x7': 0, 'x8': 0, 'x9': 1, 'x10': 1, 'x11': 0, 'x12': 1, 'x13': 0, 'x14': 1}. Best is trial 11 with value: 0.6801854642098544.
32 0.6801854642098544
[I 2024-11-18 02:50:22,374] Trial 31 finished with value: 0.6801854642098544 and parameters: {'x0': 1, 'x1': 0, 'x2': 0, 'x3': 1, 'x4': 0, 'x5': 0, 'x6': 1, 'x7': 0, 'x8': 0, 'x9': 1, 'x10': 1, 'x11': 0, 'x12': 1, 'x13': 0, 'x14': 1}. Best is trial 11 with value: 0.6801854642098544.
33 0.6801854642098544
[I 2024-11-18 03:02:46,271] Trial 32 finished with value: 0.6801854642098544 and parameters: {'x0': 1, 'x1': 0, 'x2': 0, 'x3': 1, 'x4': 0, 'x5': 0, 'x6': 1, 'x7': 0, 'x8': 0, 'x9': 1, 'x10': 1, 'x11': 0, 'x12': 1, 'x13': 0, 'x14': 1}. Best is trial 11 with value: 0.6801854642098544.
34 0.6801854642098544
[I 2024-11-18 03:15:10,255] Trial 33 finished with value: 0.6801854642098544 and parameters: {'x0': 1, 'x1': 0, 'x2': 0, 'x3': 1, 'x4': 0, 'x5': 0, 'x6': 1, 'x7': 0, 'x8': 0, 'x9': 1, 'x10': 1, 'x11': 0, 'x12': 1, 'x13': 0, 'x14': 1}. Best is trial 11 with value: 0.6801854642098544.
35 0.6801854642098544
[I 2024-11-18 03:15:14,424] Trial 34 pruned.
36 0.6801854642098544
[I 2024-11-18 03:15:26,150] Trial 35 pruned.
37 0.6801854642098544
[I 2024-11-18 03:15:32,569] Trial 36 pruned.
38 0.6801854642098544
[I 2024-11-18 03:27:12,403] Trial 37 finished with value: 0.6801854642098544 and parameters: {'x0': 0, 'x1': 0, 'x2': 0, 'x3': 1, 'x4': 0, 'x5': 0, 'x6': 1, 'x7': 0, 'x8': 1, 'x9': 1, 'x10': 1, 'x11': 1, 'x12': 0, 'x13': 0, 'x14': 1}. Best is trial 11 with value: 0.6801854642098544.
39 0.6801854642098544
[I 2024-11-18 03:27:18,420] Trial 38 pruned.
40 0.6801854642098544
[I 2024-11-18 03:27:19,352] Trial 39 pruned.
41 0.6801854642098544
[I 2024-11-18 03:27:25,674] Trial 40 pruned.
42 0.6801854642098544
[I 2024-11-18 03:41:13,859] Trial 41 finished with value: 0.6801854642098544 and parameters: {'x0': 1, 'x1': 0, 'x2': 0, 'x3': 1, 'x4': 0, 'x5': 0, 'x6': 1, 'x7': 0, 'x8': 0, 'x9': 1, 'x10': 1, 'x11': 0, 'x12': 1, 'x13': 0, 'x14': 1}. Best is trial 11 with value: 0.6801854642098544.
43 0.6801854642098544
