[I 2024-11-18 09:10:21,972] Trial 194 finished with value: 0.6913694684472375 and parameters: {'x0': 0, 'x1': 0, 'x2': 1, 'x3': 0, 'x4': 0, 'x5': 1, 'x6': 1, 'x7': 0, 'x8': 0, 'x9': 0, 'x10': 0, 'x11': 1, 'x12': 0, 'x13': 0, 'x14': 0}. Best is trial 87 with value: 0.6913694684472375.
196 0.6913694684472375
[I 2024-11-18 09:12:21,317] Trial 195 finished with value: 0.6913694684472375 and parameters: {'x0': 0, 'x1': 0, 'x2': 1, 'x3': 0, 'x4': 0, 'x5': 1, 'x6': 1, 'x7': 0, 'x8': 0, 'x9': 0, 'x10': 0, 'x11': 1, 'x12': 0, 'x13': 0, 'x14': 0}. Best is trial 87 with value: 0.6913694684472375.
197 0.6913694684472375
[I 2024-11-18 09:14:20,601] Trial 196 finished with value: 0.6913694684472375 and parameters: {'x0': 0, 'x1': 0, 'x2': 1, 'x3': 0, 'x4': 0, 'x5': 1, 'x6': 1, 'x7': 0, 'x8': 0, 'x9': 0, 'x10': 0, 'x11': 1, 'x12': 0, 'x13': 0, 'x14': 0}. Best is trial 87 with value: 0.6913694684472375.
198 0.6913694684472375
[I 2024-11-18 09:16:19,855] Trial 197 finished with value: 0.6913694684472375 and parameters: {'x0': 0, 'x1': 0, 'x2': 1, 'x3': 0, 'x4': 0, 'x5': 1, 'x6': 1, 'x7': 0, 'x8': 0, 'x9': 0, 'x10': 0, 'x11': 1, 'x12': 0, 'x13': 0, 'x14': 0}. Best is trial 87 with value: 0.6913694684472375.
199 0.6913694684472375
[I 2024-11-18 09:18:19,098] Trial 198 finished with value: 0.6913694684472375 and parameters: {'x0': 0, 'x1': 0, 'x2': 1, 'x3': 0, 'x4': 0, 'x5': 1, 'x6': 1, 'x7': 0, 'x8': 0, 'x9': 0, 'x10': 0, 'x11': 1, 'x12': 0, 'x13': 0, 'x14': 0}. Best is trial 87 with value: 0.6913694684472375.
200 0.6913694684472375
[I 2024-11-18 09:20:18,330] Trial 199 finished with value: 0.6913694684472375 and parameters: {'x0': 0, 'x1': 0, 'x2': 1, 'x3': 0, 'x4': 0, 'x5': 1, 'x6': 1, 'x7': 0, 'x8': 0, 'x9': 0, 'x10': 0, 'x11': 1, 'x12': 0, 'x13': 0, 'x14': 0}. Best is trial 87 with value: 0.6913694684472375.
201 0.6913694684472375
[I 2024-11-18 09:22:17,594] Trial 200 finished with value: 0.6913694684472375 and parameters: {'x0': 0, 'x1': 0, 'x2': 1, 'x3': 0, 'x4': 0, 'x5': 1, 'x6': 1, 'x7': 0, 'x8': 0, 'x9': 0, 'x10': 0, 'x11': 1, 'x12': 0, 'x13': 0, 'x14': 0}. Best is trial 87 with value: 0.6913694684472375.
202 0.6913694684472375
[I 2024-11-18 09:24:16,911] Trial 201 finished with value: 0.6913694684472375 and parameters: {'x0': 0, 'x1': 0, 'x2': 1, 'x3': 0, 'x4': 0, 'x5': 1, 'x6': 1, 'x7': 0, 'x8': 0, 'x9': 0, 'x10': 0, 'x11': 1, 'x12': 0, 'x13': 0, 'x14': 0}. Best is trial 87 with value: 0.6913694684472375.
203 0.6913694684472375
[I 2024-11-18 09:26:16,236] Trial 202 finished with value: 0.6913694684472375 and parameters: {'x0': 0, 'x1': 0, 'x2': 1, 'x3': 0, 'x4': 0, 'x5': 1, 'x6': 1, 'x7': 0, 'x8': 0, 'x9': 0, 'x10': 0, 'x11': 1, 'x12': 0, 'x13': 0, 'x14': 0}. Best is trial 87 with value: 0.6913694684472375.
204 0.6913694684472375
[I 2024-11-18 09:28:15,532] Trial 203 finished with value: 0.6913694684472375 and parameters: {'x0': 0, 'x1': 0, 'x2': 1, 'x3': 0, 'x4': 0, 'x5': 1, 'x6': 1, 'x7': 0, 'x8': 0, 'x9': 0, 'x10': 0, 'x11': 1, 'x12': 0, 'x13': 0, 'x14': 0}. Best is trial 87 with value: 0.6913694684472375.
205 0.6913694684472375
[I 2024-11-18 09:30:14,908] Trial 204 finished with value: 0.6913694684472375 and parameters: {'x0': 0, 'x1': 0, 'x2': 1, 'x3': 0, 'x4': 0, 'x5': 1, 'x6': 1, 'x7': 0, 'x8': 0, 'x9': 0, 'x10': 0, 'x11': 1, 'x12': 0, 'x13': 0, 'x14': 0}. Best is trial 87 with value: 0.6913694684472375.
206 0.6913694684472375
[I 2024-11-18 09:32:14,230] Trial 205 finished with value: 0.6913694684472375 and parameters: {'x0': 0, 'x1': 0, 'x2': 1, 'x3': 0, 'x4': 0, 'x5': 1, 'x6': 1, 'x7': 0, 'x8': 0, 'x9': 0, 'x10': 0, 'x11': 1, 'x12': 0, 'x13': 0, 'x14': 0}. Best is trial 87 with value: 0.6913694684472375.
207 0.6913694684472375
[I 2024-11-18 09:34:13,569] Trial 206 finished with value: 0.6913694684472375 and parameters: {'x0': 0, 'x1': 0, 'x2': 1, 'x3': 0, 'x4': 0, 'x5': 1, 'x6': 1, 'x7': 0, 'x8': 0, 'x9': 0, 'x10': 0, 'x11': 1, 'x12': 0, 'x13': 0, 'x14': 0}. Best is trial 87 with value: 0.6913694684472375.
208 0.6913694684472375
[I 2024-11-18 09:36:13,008] Trial 207 finished with value: 0.6913694684472375 and parameters: {'x0': 0, 'x1': 0, 'x2': 1, 'x3': 0, 'x4': 0, 'x5': 1, 'x6': 1, 'x7': 0, 'x8': 0, 'x9': 0, 'x10': 0, 'x11': 1, 'x12': 0, 'x13': 0, 'x14': 0}. Best is trial 87 with value: 0.6913694684472375.
209 0.6913694684472375
[I 2024-11-18 09:38:13,038] Trial 208 finished with value: 0.6913694684472375 and parameters: {'x0': 0, 'x1': 0, 'x2': 1, 'x3': 0, 'x4': 0, 'x5': 1, 'x6': 1, 'x7': 0, 'x8': 0, 'x9': 0, 'x10': 0, 'x11': 1, 'x12': 0, 'x13': 0, 'x14': 0}. Best is trial 87 with value: 0.6913694684472375.
210 0.6913694684472375
[I 2024-11-18 09:40:12,560] Trial 209 finished with value: 0.6913694684472375 and parameters: {'x0': 0, 'x1': 0, 'x2': 1, 'x3': 0, 'x4': 0, 'x5': 1, 'x6': 1, 'x7': 0, 'x8': 0, 'x9': 0, 'x10': 0, 'x11': 1, 'x12': 0, 'x13': 0, 'x14': 0}. Best is trial 87 with value: 0.6913694684472375.
211 0.6913694684472375
[I 2024-11-18 09:42:12,122] Trial 210 finished with value: 0.6913694684472375 and parameters: {'x0': 0, 'x1': 0, 'x2': 1, 'x3': 0, 'x4': 0, 'x5': 1, 'x6': 1, 'x7': 0, 'x8': 0, 'x9': 0, 'x10': 0, 'x11': 1, 'x12': 0, 'x13': 0, 'x14': 0}. Best is trial 87 with value: 0.6913694684472375.
212 0.6913694684472375
[I 2024-11-18 09:44:11,519] Trial 211 finished with value: 0.6913694684472375 and parameters: {'x0': 0, 'x1': 0, 'x2': 1, 'x3': 0, 'x4': 0, 'x5': 1, 'x6': 1, 'x7': 0, 'x8': 0, 'x9': 0, 'x10': 0, 'x11': 1, 'x12': 0, 'x13': 0, 'x14': 0}. Best is trial 87 with value: 0.6913694684472375.
213 0.6913694684472375
[I 2024-11-18 09:46:10,805] Trial 212 finished with value: 0.6913694684472375 and parameters: {'x0': 0, 'x1': 0, 'x2': 1, 'x3': 0, 'x4': 0, 'x5': 1, 'x6': 1, 'x7': 0, 'x8': 0, 'x9': 0, 'x10': 0, 'x11': 1, 'x12': 0, 'x13': 0, 'x14': 0}. Best is trial 87 with value: 0.6913694684472375.
214 0.6913694684472375
[I 2024-11-18 09:48:10,163] Trial 213 finished with value: 0.6913694684472375 and parameters: {'x0': 0, 'x1': 0, 'x2': 1, 'x3': 0, 'x4': 0, 'x5': 1, 'x6': 1, 'x7': 0, 'x8': 0, 'x9': 0, 'x10': 0, 'x11': 1, 'x12': 0, 'x13': 0, 'x14': 0}. Best is trial 87 with value: 0.6913694684472375.
215 0.6913694684472375
[I 2024-11-18 09:50:09,668] Trial 214 finished with value: 0.6913694684472375 and parameters: {'x0': 0, 'x1': 0, 'x2': 1, 'x3': 0, 'x4': 0, 'x5': 1, 'x6': 1, 'x7': 0, 'x8': 0, 'x9': 0, 'x10': 0, 'x11': 1, 'x12': 0, 'x13': 0, 'x14': 0}. Best is trial 87 with value: 0.6913694684472375.
216 0.6913694684472375
[I 2024-11-18 09:52:09,142] Trial 215 finished with value: 0.6913694684472375 and parameters: {'x0': 0, 'x1': 0, 'x2': 1, 'x3': 0, 'x4': 0, 'x5': 1, 'x6': 1, 'x7': 0, 'x8': 0, 'x9': 0, 'x10': 0, 'x11': 1, 'x12': 0, 'x13': 0, 'x14': 0}. Best is trial 87 with value: 0.6913694684472375.
217 0.6913694684472375
[I 2024-11-18 09:52:09,808] Trial 216 pruned.
218 0.6913694684472375
[I 2024-11-18 09:54:09,569] Trial 217 finished with value: 0.6913694684472375 and parameters: {'x0': 0, 'x1': 0, 'x2': 1, 'x3': 0, 'x4': 0, 'x5': 1, 'x6': 1, 'x7': 0, 'x8': 0, 'x9': 0, 'x10': 0, 'x11': 1, 'x12': 0, 'x13': 0, 'x14': 0}. Best is trial 87 with value: 0.6913694684472375.
219 0.6913694684472375
[I 2024-11-18 09:56:09,013] Trial 218 finished with value: 0.6913694684472375 and parameters: {'x0': 0, 'x1': 0, 'x2': 1, 'x3': 0, 'x4': 0, 'x5': 1, 'x6': 1, 'x7': 0, 'x8': 0, 'x9': 0, 'x10': 0, 'x11': 1, 'x12': 0, 'x13': 0, 'x14': 0}. Best is trial 87 with value: 0.6913694684472375.
220 0.6913694684472375
[I 2024-11-18 09:58:08,307] Trial 219 finished with value: 0.6913694684472375 and parameters: {'x0': 0, 'x1': 0, 'x2': 1, 'x3': 0, 'x4': 0, 'x5': 1, 'x6': 1, 'x7': 0, 'x8': 0, 'x9': 0, 'x10': 0, 'x11': 1, 'x12': 0, 'x13': 0, 'x14': 0}. Best is trial 87 with value: 0.6913694684472375.
221 0.6913694684472375
[I 2024-11-18 09:58:12,968] Trial 220 pruned.
222 0.6913694684472375
[I 2024-11-18 10:00:12,461] Trial 221 finished with value: 0.6913694684472375 and parameters: {'x0': 0, 'x1': 0, 'x2': 1, 'x3': 0, 'x4': 0, 'x5': 1, 'x6': 1, 'x7': 0, 'x8': 0, 'x9': 0, 'x10': 0, 'x11': 1, 'x12': 0, 'x13': 0, 'x14': 0}. Best is trial 87 with value: 0.6913694684472375.
223 0.6913694684472375
[I 2024-11-18 10:02:11,826] Trial 222 finished with value: 0.6913694684472375 and parameters: {'x0': 0, 'x1': 0, 'x2': 1, 'x3': 0, 'x4': 0, 'x5': 1, 'x6': 1, 'x7': 0, 'x8': 0, 'x9': 0, 'x10': 0, 'x11': 1, 'x12': 0, 'x13': 0, 'x14': 0}. Best is trial 87 with value: 0.6913694684472375.
224 0.6913694684472375
[I 2024-11-18 10:04:11,211] Trial 223 finished with value: 0.6913694684472375 and parameters: {'x0': 0, 'x1': 0, 'x2': 1, 'x3': 0, 'x4': 0, 'x5': 1, 'x6': 1, 'x7': 0, 'x8': 0, 'x9': 0, 'x10': 0, 'x11': 1, 'x12': 0, 'x13': 0, 'x14': 0}. Best is trial 87 with value: 0.6913694684472375.
225 0.6913694684472375
[I 2024-11-18 10:06:10,512] Trial 224 finished with value: 0.6913694684472375 and parameters: {'x0': 0, 'x1': 0, 'x2': 1, 'x3': 0, 'x4': 0, 'x5': 1, 'x6': 1, 'x7': 0, 'x8': 0, 'x9': 0, 'x10': 0, 'x11': 1, 'x12': 0, 'x13': 0, 'x14': 0}. Best is trial 87 with value: 0.6913694684472375.
226 0.6913694684472375
[I 2024-11-18 10:08:09,889] Trial 225 finished with value: 0.6913694684472375 and parameters: {'x0': 0, 'x1': 0, 'x2': 1, 'x3': 0, 'x4': 0, 'x5': 1, 'x6': 1, 'x7': 0, 'x8': 0, 'x9': 0, 'x10': 0, 'x11': 1, 'x12': 0, 'x13': 0, 'x14': 0}. Best is trial 87 with value: 0.6913694684472375.
227 0.6913694684472375
[I 2024-11-18 10:08:10,270] Trial 226 pruned.
228 0.6913694684472375
[I 2024-11-18 10:10:09,868] Trial 227 finished with value: 0.6913694684472375 and parameters: {'x0': 0, 'x1': 0, 'x2': 1, 'x3': 0, 'x4': 0, 'x5': 1, 'x6': 1, 'x7': 0, 'x8': 0, 'x9': 0, 'x10': 0, 'x11': 1, 'x12': 0, 'x13': 0, 'x14': 0}. Best is trial 87 with value: 0.6913694684472375.
229 0.6913694684472375
[I 2024-11-18 10:12:09,307] Trial 228 finished with value: 0.6913694684472375 and parameters: {'x0': 0, 'x1': 0, 'x2': 1, 'x3': 0, 'x4': 0, 'x5': 1, 'x6': 1, 'x7': 0, 'x8': 0, 'x9': 0, 'x10': 0, 'x11': 1, 'x12': 0, 'x13': 0, 'x14': 0}. Best is trial 87 with value: 0.6913694684472375.
230 0.6913694684472375
[I 2024-11-18 10:14:08,722] Trial 229 finished with value: 0.6913694684472375 and parameters: {'x0': 0, 'x1': 0, 'x2': 1, 'x3': 0, 'x4': 0, 'x5': 1, 'x6': 1, 'x7': 0, 'x8': 0, 'x9': 0, 'x10': 0, 'x11': 1, 'x12': 0, 'x13': 0, 'x14': 0}. Best is trial 87 with value: 0.6913694684472375.
231 0.6913694684472375
[I 2024-11-18 10:16:08,150] Trial 230 finished with value: 0.6913694684472375 and parameters: {'x0': 0, 'x1': 0, 'x2': 1, 'x3': 0, 'x4': 0, 'x5': 1, 'x6': 1, 'x7': 0, 'x8': 0, 'x9': 0, 'x10': 0, 'x11': 1, 'x12': 0, 'x13': 0, 'x14': 0}. Best is trial 87 with value: 0.6913694684472375.
232 0.6913694684472375
[I 2024-11-18 10:18:07,549] Trial 231 finished with value: 0.6913694684472375 and parameters: {'x0': 0, 'x1': 0, 'x2': 1, 'x3': 0, 'x4': 0, 'x5': 1, 'x6': 1, 'x7': 0, 'x8': 0, 'x9': 0, 'x10': 0, 'x11': 1, 'x12': 0, 'x13': 0, 'x14': 0}. Best is trial 87 with value: 0.6913694684472375.
233 0.6913694684472375
[I 2024-11-18 10:20:06,920] Trial 232 finished with value: 0.6913694684472375 and parameters: {'x0': 0, 'x1': 0, 'x2': 1, 'x3': 0, 'x4': 0, 'x5': 1, 'x6': 1, 'x7': 0, 'x8': 0, 'x9': 0, 'x10': 0, 'x11': 1, 'x12': 0, 'x13': 0, 'x14': 0}. Best is trial 87 with value: 0.6913694684472375.
234 0.6913694684472375
[I 2024-11-18 10:22:06,303] Trial 233 finished with value: 0.6913694684472375 and parameters: {'x0': 0, 'x1': 0, 'x2': 1, 'x3': 0, 'x4': 0, 'x5': 1, 'x6': 1, 'x7': 0, 'x8': 0, 'x9': 0, 'x10': 0, 'x11': 1, 'x12': 0, 'x13': 0, 'x14': 0}. Best is trial 87 with value: 0.6913694684472375.
235 0.6913694684472375
[I 2024-11-18 10:24:05,626] Trial 234 finished with value: 0.6913694684472375 and parameters: {'x0': 0, 'x1': 0, 'x2': 1, 'x3': 0, 'x4': 0, 'x5': 1, 'x6': 1, 'x7': 0, 'x8': 0, 'x9': 0, 'x10': 0, 'x11': 1, 'x12': 0, 'x13': 0, 'x14': 0}. Best is trial 87 with value: 0.6913694684472375.
236 0.6913694684472375
[I 2024-11-18 10:26:05,134] Trial 235 finished with value: 0.6913694684472375 and parameters: {'x0': 0, 'x1': 0, 'x2': 1, 'x3': 0, 'x4': 0, 'x5': 1, 'x6': 1, 'x7': 0, 'x8': 0, 'x9': 0, 'x10': 0, 'x11': 1, 'x12': 0, 'x13': 0, 'x14': 0}. Best is trial 87 with value: 0.6913694684472375.
237 0.6913694684472375
[I 2024-11-18 10:28:04,644] Trial 236 finished with value: 0.6913694684472375 and parameters: {'x0': 0, 'x1': 0, 'x2': 1, 'x3': 0, 'x4': 0, 'x5': 1, 'x6': 1, 'x7': 0, 'x8': 0, 'x9': 0, 'x10': 0, 'x11': 1, 'x12': 0, 'x13': 0, 'x14': 0}. Best is trial 87 with value: 0.6913694684472375.
238 0.6913694684472375
[I 2024-11-18 10:30:04,104] Trial 237 finished with value: 0.6913694684472375 and parameters: {'x0': 0, 'x1': 0, 'x2': 1, 'x3': 0, 'x4': 0, 'x5': 1, 'x6': 1, 'x7': 0, 'x8': 0, 'x9': 0, 'x10': 0, 'x11': 1, 'x12': 0, 'x13': 0, 'x14': 0}. Best is trial 87 with value: 0.6913694684472375.
239 0.6913694684472375
[I 2024-11-18 10:32:03,494] Trial 238 finished with value: 0.6913694684472375 and parameters: {'x0': 0, 'x1': 0, 'x2': 1, 'x3': 0, 'x4': 0, 'x5': 1, 'x6': 1, 'x7': 0, 'x8': 0, 'x9': 0, 'x10': 0, 'x11': 1, 'x12': 0, 'x13': 0, 'x14': 0}. Best is trial 87 with value: 0.6913694684472375.
240 0.6913694684472375
[I 2024-11-18 10:34:02,900] Trial 239 finished with value: 0.6913694684472375 and parameters: {'x0': 0, 'x1': 0, 'x2': 1, 'x3': 0, 'x4': 0, 'x5': 1, 'x6': 1, 'x7': 0, 'x8': 0, 'x9': 0, 'x10': 0, 'x11': 1, 'x12': 0, 'x13': 0, 'x14': 0}. Best is trial 87 with value: 0.6913694684472375.
241 0.6913694684472375
[I 2024-11-18 10:34:03,525] Trial 240 pruned.
242 0.6913694684472375
[I 2024-11-18 10:36:03,755] Trial 241 finished with value: 0.6913694684472375 and parameters: {'x0': 0, 'x1': 0, 'x2': 1, 'x3': 0, 'x4': 0, 'x5': 1, 'x6': 1, 'x7': 0, 'x8': 0, 'x9': 0, 'x10': 0, 'x11': 1, 'x12': 0, 'x13': 0, 'x14': 0}. Best is trial 87 with value: 0.6913694684472375.
243 0.6913694684472375
[I 2024-11-18 10:38:03,849] Trial 242 finished with value: 0.6913694684472375 and parameters: {'x0': 0, 'x1': 0, 'x2': 1, 'x3': 0, 'x4': 0, 'x5': 1, 'x6': 1, 'x7': 0, 'x8': 0, 'x9': 0, 'x10': 0, 'x11': 1, 'x12': 0, 'x13': 0, 'x14': 0}. Best is trial 87 with value: 0.6913694684472375.
244 0.6913694684472375
[I 2024-11-18 10:40:03,228] Trial 243 finished with value: 0.6913694684472375 and parameters: {'x0': 0, 'x1': 0, 'x2': 1, 'x3': 0, 'x4': 0, 'x5': 1, 'x6': 1, 'x7': 0, 'x8': 0, 'x9': 0, 'x10': 0, 'x11': 1, 'x12': 0, 'x13': 0, 'x14': 0}. Best is trial 87 with value: 0.6913694684472375.
245 0.6913694684472375
[I 2024-11-18 10:42:02,683] Trial 244 finished with value: 0.6913694684472375 and parameters: {'x0': 0, 'x1': 0, 'x2': 1, 'x3': 0, 'x4': 0, 'x5': 1, 'x6': 1, 'x7': 0, 'x8': 0, 'x9': 0, 'x10': 0, 'x11': 1, 'x12': 0, 'x13': 0, 'x14': 0}. Best is trial 87 with value: 0.6913694684472375.
246 0.6913694684472375
[I 2024-11-18 10:44:02,173] Trial 245 finished with value: 0.6913694684472375 and parameters: {'x0': 0, 'x1': 0, 'x2': 1, 'x3': 0, 'x4': 0, 'x5': 1, 'x6': 1, 'x7': 0, 'x8': 0, 'x9': 0, 'x10': 0, 'x11': 1, 'x12': 0, 'x13': 0, 'x14': 0}. Best is trial 87 with value: 0.6913694684472375.
247 0.6913694684472375
[I 2024-11-18 10:46:01,467] Trial 246 finished with value: 0.6913694684472375 and parameters: {'x0': 0, 'x1': 0, 'x2': 1, 'x3': 0, 'x4': 0, 'x5': 1, 'x6': 1, 'x7': 0, 'x8': 0, 'x9': 0, 'x10': 0, 'x11': 1, 'x12': 0, 'x13': 0, 'x14': 0}. Best is trial 87 with value: 0.6913694684472375.
248 0.6913694684472375
[I 2024-11-18 10:48:01,025] Trial 247 finished with value: 0.6913694684472375 and parameters: {'x0': 0, 'x1': 0, 'x2': 1, 'x3': 0, 'x4': 0, 'x5': 1, 'x6': 1, 'x7': 0, 'x8': 0, 'x9': 0, 'x10': 0, 'x11': 1, 'x12': 0, 'x13': 0, 'x14': 0}. Best is trial 87 with value: 0.6913694684472375.
249 0.6913694684472375
[I 2024-11-18 10:50:00,474] Trial 248 finished with value: 0.6913694684472375 and parameters: {'x0': 0, 'x1': 0, 'x2': 1, 'x3': 0, 'x4': 0, 'x5': 1, 'x6': 1, 'x7': 0, 'x8': 0, 'x9': 0, 'x10': 0, 'x11': 1, 'x12': 0, 'x13': 0, 'x14': 0}. Best is trial 87 with value: 0.6913694684472375.
250 0.6913694684472375
[I 2024-11-18 10:51:59,812] Trial 249 finished with value: 0.6913694684472375 and parameters: {'x0': 0, 'x1': 0, 'x2': 1, 'x3': 0, 'x4': 0, 'x5': 1, 'x6': 1, 'x7': 0, 'x8': 0, 'x9': 0, 'x10': 0, 'x11': 1, 'x12': 0, 'x13': 0, 'x14': 0}. Best is trial 87 with value: 0.6913694684472375.
251 0.6913694684472375
[I 2024-11-18 10:53:59,092] Trial 250 finished with value: 0.6913694684472375 and parameters: {'x0': 0, 'x1': 0, 'x2': 1, 'x3': 0, 'x4': 0, 'x5': 1, 'x6': 1, 'x7': 0, 'x8': 0, 'x9': 0, 'x10': 0, 'x11': 1, 'x12': 0, 'x13': 0, 'x14': 0}. Best is trial 87 with value: 0.6913694684472375.
252 0.6913694684472375
[I 2024-11-18 10:55:58,444] Trial 251 finished with value: 0.6913694684472375 and parameters: {'x0': 0, 'x1': 0, 'x2': 1, 'x3': 0, 'x4': 0, 'x5': 1, 'x6': 1, 'x7': 0, 'x8': 0, 'x9': 0, 'x10': 0, 'x11': 1, 'x12': 0, 'x13': 0, 'x14': 0}. Best is trial 87 with value: 0.6913694684472375.
253 0.6913694684472375
[I 2024-11-18 10:55:58,905] Trial 252 pruned.
254 0.6913694684472375
[I 2024-11-18 10:57:58,378] Trial 253 finished with value: 0.6913694684472375 and parameters: {'x0': 0, 'x1': 0, 'x2': 1, 'x3': 0, 'x4': 0, 'x5': 1, 'x6': 1, 'x7': 0, 'x8': 0, 'x9': 0, 'x10': 0, 'x11': 1, 'x12': 0, 'x13': 0, 'x14': 0}. Best is trial 87 with value: 0.6913694684472375.
255 0.6913694684472375
[I 2024-11-18 10:59:58,010] Trial 254 finished with value: 0.6913694684472375 and parameters: {'x0': 0, 'x1': 0, 'x2': 1, 'x3': 0, 'x4': 0, 'x5': 1, 'x6': 1, 'x7': 0, 'x8': 0, 'x9': 0, 'x10': 0, 'x11': 1, 'x12': 0, 'x13': 0, 'x14': 0}. Best is trial 87 with value: 0.6913694684472375.
256 0.6913694684472375
[I 2024-11-18 11:01:57,362] Trial 255 finished with value: 0.6913694684472375 and parameters: {'x0': 0, 'x1': 0, 'x2': 1, 'x3': 0, 'x4': 0, 'x5': 1, 'x6': 1, 'x7': 0, 'x8': 0, 'x9': 0, 'x10': 0, 'x11': 1, 'x12': 0, 'x13': 0, 'x14': 0}. Best is trial 87 with value: 0.6913694684472375.
257 0.6913694684472375
[I 2024-11-18 11:03:56,660] Trial 256 finished with value: 0.6913694684472375 and parameters: {'x0': 0, 'x1': 0, 'x2': 1, 'x3': 0, 'x4': 0, 'x5': 1, 'x6': 1, 'x7': 0, 'x8': 0, 'x9': 0, 'x10': 0, 'x11': 1, 'x12': 0, 'x13': 0, 'x14': 0}. Best is trial 87 with value: 0.6913694684472375.
258 0.6913694684472375
[I 2024-11-18 11:03:57,107] Trial 257 pruned.
259 0.6913694684472375
[I 2024-11-18 11:05:56,718] Trial 258 finished with value: 0.6913694684472375 and parameters: {'x0': 0, 'x1': 0, 'x2': 1, 'x3': 0, 'x4': 0, 'x5': 1, 'x6': 1, 'x7': 0, 'x8': 0, 'x9': 0, 'x10': 0, 'x11': 1, 'x12': 0, 'x13': 0, 'x14': 0}. Best is trial 87 with value: 0.6913694684472375.
260 0.6913694684472375
[I 2024-11-18 11:07:56,118] Trial 259 finished with value: 0.6913694684472375 and parameters: {'x0': 0, 'x1': 0, 'x2': 1, 'x3': 0, 'x4': 0, 'x5': 1, 'x6': 1, 'x7': 0, 'x8': 0, 'x9': 0, 'x10': 0, 'x11': 1, 'x12': 0, 'x13': 0, 'x14': 0}. Best is trial 87 with value: 0.6913694684472375.
261 0.6913694684472375
[I 2024-11-18 11:09:55,566] Trial 260 finished with value: 0.6913694684472375 and parameters: {'x0': 0, 'x1': 0, 'x2': 1, 'x3': 0, 'x4': 0, 'x5': 1, 'x6': 1, 'x7': 0, 'x8': 0, 'x9': 0, 'x10': 0, 'x11': 1, 'x12': 0, 'x13': 0, 'x14': 0}. Best is trial 87 with value: 0.6913694684472375.
262 0.6913694684472375
[I 2024-11-18 11:11:55,142] Trial 261 finished with value: 0.6913694684472375 and parameters: {'x0': 0, 'x1': 0, 'x2': 1, 'x3': 0, 'x4': 0, 'x5': 1, 'x6': 1, 'x7': 0, 'x8': 0, 'x9': 0, 'x10': 0, 'x11': 1, 'x12': 0, 'x13': 0, 'x14': 0}. Best is trial 87 with value: 0.6913694684472375.
263 0.6913694684472375
[I 2024-11-18 11:13:54,658] Trial 262 finished with value: 0.6913694684472375 and parameters: {'x0': 0, 'x1': 0, 'x2': 1, 'x3': 0, 'x4': 0, 'x5': 1, 'x6': 1, 'x7': 0, 'x8': 0, 'x9': 0, 'x10': 0, 'x11': 1, 'x12': 0, 'x13': 0, 'x14': 0}. Best is trial 87 with value: 0.6913694684472375.
264 0.6913694684472375
[I 2024-11-18 11:15:54,168] Trial 263 finished with value: 0.6913694684472375 and parameters: {'x0': 0, 'x1': 0, 'x2': 1, 'x3': 0, 'x4': 0, 'x5': 1, 'x6': 1, 'x7': 0, 'x8': 0, 'x9': 0, 'x10': 0, 'x11': 1, 'x12': 0, 'x13': 0, 'x14': 0}. Best is trial 87 with value: 0.6913694684472375.
265 0.6913694684472375
[I 2024-11-18 11:17:53,542] Trial 264 finished with value: 0.6913694684472375 and parameters: {'x0': 0, 'x1': 0, 'x2': 1, 'x3': 0, 'x4': 0, 'x5': 1, 'x6': 1, 'x7': 0, 'x8': 0, 'x9': 0, 'x10': 0, 'x11': 1, 'x12': 0, 'x13': 0, 'x14': 0}. Best is trial 87 with value: 0.6913694684472375.
266 0.6913694684472375
[I 2024-11-18 11:19:52,998] Trial 265 finished with value: 0.6913694684472375 and parameters: {'x0': 0, 'x1': 0, 'x2': 1, 'x3': 0, 'x4': 0, 'x5': 1, 'x6': 1, 'x7': 0, 'x8': 0, 'x9': 0, 'x10': 0, 'x11': 1, 'x12': 0, 'x13': 0, 'x14': 0}. Best is trial 87 with value: 0.6913694684472375.
267 0.6913694684472375
[I 2024-11-18 11:21:52,593] Trial 266 finished with value: 0.6913694684472375 and parameters: {'x0': 0, 'x1': 0, 'x2': 1, 'x3': 0, 'x4': 0, 'x5': 1, 'x6': 1, 'x7': 0, 'x8': 0, 'x9': 0, 'x10': 0, 'x11': 1, 'x12': 0, 'x13': 0, 'x14': 0}. Best is trial 87 with value: 0.6913694684472375.
268 0.6913694684472375
[I 2024-11-18 11:21:53,266] Trial 267 pruned.
269 0.6913694684472375
[I 2024-11-18 11:23:52,996] Trial 268 finished with value: 0.6913694684472375 and parameters: {'x0': 0, 'x1': 0, 'x2': 1, 'x3': 0, 'x4': 0, 'x5': 1, 'x6': 1, 'x7': 0, 'x8': 0, 'x9': 0, 'x10': 0, 'x11': 1, 'x12': 0, 'x13': 0, 'x14': 0}. Best is trial 87 with value: 0.6913694684472375.
270 0.6913694684472375
[I 2024-11-18 11:25:52,352] Trial 269 finished with value: 0.6913694684472375 and parameters: {'x0': 0, 'x1': 0, 'x2': 1, 'x3': 0, 'x4': 0, 'x5': 1, 'x6': 1, 'x7': 0, 'x8': 0, 'x9': 0, 'x10': 0, 'x11': 1, 'x12': 0, 'x13': 0, 'x14': 0}. Best is trial 87 with value: 0.6913694684472375.
271 0.6913694684472375
[I 2024-11-18 11:25:57,008] Trial 270 pruned.
272 0.6913694684472375
